#
# There is insufficient memory for the Java Runtime Environment to continue.
# Native memory allocation (malloc) failed to allocate 1939360 bytes for Chunk::new
# Possible reasons:
#   The system is out of physical RAM or swap space
#   The process is running with CompressedOops enabled, and the Java Heap may be blocking the growth of the native heap
# Possible solutions:
#   Reduce memory load on the system
#   Increase physical memory or swap space
#   Check if swap backing store is full
#   Decrease Java heap size (-Xmx/-Xms)
#   Decrease number of Java threads
#   Decrease Java thread stack sizes (-Xss)
#   Set larger code cache with -XX:ReservedCodeCacheSize=
#   JVM is running with Unscaled Compressed Oops mode in which the Java heap is
#     placed in the first 4GB address space. The Java Heap base address is the
#     maximum limit for the native heap growth. Please use -XX:HeapBaseMinAddress
#     to set the Java Heap base and to place the Java Heap above 4GB virtual address.
# This output file may be truncated or incomplete.
#
#  Out of Memory Error (arena.cpp:184), pid=16972, tid=13032
#
# JRE version: Java(TM) SE Runtime Environment (20.0.1+9) (build 20.0.1+9-29)
# Java VM: Java HotSpot(TM) 64-Bit Server VM (20.0.1+9-29, mixed mode, sharing, tiered, compressed oops, compressed class ptrs, g1 gc, windows-amd64)
# No core dump will be written. Minidumps are not enabled by default on client versions of Windows
#

---------------  S U M M A R Y ------------

Command Line: --add-opens=java.base/java.util=ALL-UNNAMED --add-opens=java.base/java.lang=ALL-UNNAMED --add-opens=java.base/java.lang.invoke=ALL-UNNAMED --add-opens=java.prefs/java.util.prefs=ALL-UNNAMED --add-opens=java.base/java.nio.charset=ALL-UNNAMED --add-opens=java.base/java.net=ALL-UNNAMED --add-opens=java.base/java.util.concurrent.atomic=ALL-UNNAMED -Xmx1536m -Dfile.encoding=UTF-8 -Duser.country=US -Duser.language=en -Duser.variant org.gradle.launcher.daemon.bootstrap.GradleDaemon 8.0

Host: AMD Ryzen 7 5700U with Radeon Graphics         , 16 cores, 14G,  Windows 11 , 64 bit Build 22621 (10.0.22621.3672)
Time: Sun Oct 20 00:04:23 2024 Turkey Standard Time elapsed time: 5.557527 seconds (0d 0h 0m 5s)

---------------  T H R E A D  ---------------

Current thread (0x000001b3161c3ea0):  JavaThread "C2 CompilerThread1" daemon [_thread_in_native, id=13032, stack(0x000000143ae00000,0x000000143af00000)]


Current CompileTask:
C2:   5557 2786   !   4       java.lang.ClassLoader::loadClass (121 bytes)

Stack: [0x000000143ae00000,0x000000143af00000]
Native frames: (J=compiled Java code, j=interpreted, Vv=VM code, C=native code)
V  [jvm.dll+0x6bb95a]
V  [jvm.dll+0x8485fa]
V  [jvm.dll+0x84a1f5]
V  [jvm.dll+0x84a8f3]
V  [jvm.dll+0x280b0f]
V  [jvm.dll+0xc2b11]
V  [jvm.dll+0xc2e35]
V  [jvm.dll+0x3bb17c]
V  [jvm.dll+0x1e6e39]
V  [jvm.dll+0x24b3ab]
V  [jvm.dll+0x24a651]
V  [jvm.dll+0x1ce491]
V  [jvm.dll+0x259e1b]
V  [jvm.dll+0x2584f0]
V  [jvm.dll+0x3f2895]
V  [jvm.dll+0x7f4b56]
V  [jvm.dll+0x6ba5cb]
C  [ucrtbase.dll+0x29333]
C  [KERNEL32.DLL+0x1257d]
C  [ntdll.dll+0x5af28]


---------------  P R O C E S S  ---------------

Threads class SMR info:
_java_thread_list=0x000001b316b99590, length=30, elements={
0x000001b3733527a0, 0x000001b30fdd3950, 0x000001b30fdd4750, 0x000001b30fdd7a20,
0x000001b30fdd96a0, 0x000001b30fde0490, 0x000001b30fde0dd0, 0x000001b30fde1a40,
0x000001b30fde4500, 0x000001b30ff1bd00, 0x000001b30ff1c290, 0x000001b30ff39c40,
0x000001b30ff3e1e0, 0x000001b3146b7e40, 0x000001b315b66040, 0x000001b315c04e50,
0x000001b315f4f0f0, 0x000001b315eafcc0, 0x000001b315eaecd0, 0x000001b315eaf770,
0x000001b315eb0210, 0x000001b315eaf220, 0x000001b315d9d050, 0x000001b315d9f030,
0x000001b315d980a0, 0x000001b315d9b070, 0x000001b315d9a5d0, 0x000001b3161c3ea0,
0x000001b3162d6600, 0x000001b3164c07f0
}

Java Threads: ( => current thread )
  0x000001b3733527a0 JavaThread "main" [_thread_blocked, id=15636, stack(0x0000001438900000,0x0000001438a00000)]
  0x000001b30fdd3950 JavaThread "Reference Handler" daemon [_thread_blocked, id=19700, stack(0x0000001439000000,0x0000001439100000)]
  0x000001b30fdd4750 JavaThread "Finalizer" daemon [_thread_blocked, id=24260, stack(0x0000001439100000,0x0000001439200000)]
  0x000001b30fdd7a20 JavaThread "Signal Dispatcher" daemon [_thread_blocked, id=23736, stack(0x0000001439200000,0x0000001439300000)]
  0x000001b30fdd96a0 JavaThread "Attach Listener" daemon [_thread_blocked, id=15528, stack(0x0000001439300000,0x0000001439400000)]
  0x000001b30fde0490 JavaThread "Service Thread" daemon [_thread_blocked, id=5304, stack(0x0000001439400000,0x0000001439500000)]
  0x000001b30fde0dd0 JavaThread "Monitor Deflation Thread" daemon [_thread_blocked, id=23048, stack(0x0000001439500000,0x0000001439600000)]
  0x000001b30fde1a40 JavaThread "C2 CompilerThread0" daemon [_thread_in_native, id=7512, stack(0x0000001439600000,0x0000001439700000)]
  0x000001b30fde4500 JavaThread "C1 CompilerThread0" daemon [_thread_blocked, id=12844, stack(0x0000001439700000,0x0000001439800000)]
  0x000001b30ff1bd00 JavaThread "C1 CompilerThread1" daemon [_thread_blocked, id=21352, stack(0x0000001439800000,0x0000001439900000)]
  0x000001b30ff1c290 JavaThread "C1 CompilerThread2" daemon [_thread_blocked, id=12524, stack(0x0000001439900000,0x0000001439a00000)]
  0x000001b30ff39c40 JavaThread "Common-Cleaner" daemon [_thread_blocked, id=21344, stack(0x0000001439a00000,0x0000001439b00000)]
  0x000001b30ff3e1e0 JavaThread "Notification Thread" daemon [_thread_blocked, id=5812, stack(0x0000001439b00000,0x0000001439c00000)]
  0x000001b3146b7e40 JavaThread "C1 CompilerThread3" daemon [_thread_blocked, id=8788, stack(0x0000001439f00000,0x000000143a000000)]
  0x000001b315b66040 JavaThread "Daemon health stats" [_thread_blocked, id=17296, stack(0x000000143a400000,0x000000143a500000)]
  0x000001b315c04e50 JavaThread "Incoming local TCP Connector on port 60525" [_thread_in_native, id=11316, stack(0x0000001439d00000,0x0000001439e00000)]
  0x000001b315f4f0f0 JavaThread "Daemon periodic checks" [_thread_blocked, id=20660, stack(0x0000001439e00000,0x0000001439f00000)]
  0x000001b315eafcc0 JavaThread "Daemon" [_thread_blocked, id=19252, stack(0x000000143a600000,0x000000143a700000)]
  0x000001b315eaecd0 JavaThread "Handler for socket connection from /127.0.0.1:60525 to /127.0.0.1:60526" [_thread_in_native, id=4136, stack(0x000000143a700000,0x000000143a800000)]
  0x000001b315eaf770 JavaThread "Cancel handler" [_thread_blocked, id=14188, stack(0x000000143a800000,0x000000143a900000)]
  0x000001b315eb0210 JavaThread "Daemon worker" [_thread_in_vm, id=19352, stack(0x000000143a500000,0x000000143a600000)]
  0x000001b315eaf220 JavaThread "Asynchronous log dispatcher for DefaultDaemonConnection: socket connection from /127.0.0.1:60525 to /127.0.0.1:60526" [_thread_blocked, id=12584, stack(0x000000143a900000,0x000000143aa00000)]
  0x000001b315d9d050 JavaThread "Stdin handler" [_thread_blocked, id=19264, stack(0x000000143aa00000,0x000000143ab00000)]
  0x000001b315d9f030 JavaThread "Daemon client event forwarder" [_thread_blocked, id=9524, stack(0x000000143ab00000,0x000000143ac00000)]
  0x000001b315d980a0 JavaThread "Cache worker for journal cache (C:\Users\Pc\.gradle\caches\journal-1)" [_thread_blocked, id=19140, stack(0x000000143ac00000,0x000000143ad00000)]
  0x000001b315d9b070 JavaThread "File lock request listener" [_thread_in_native, id=8028, stack(0x000000143ad00000,0x000000143ae00000)]
  0x000001b315d9a5d0 JavaThread "Cache worker for file hash cache (C:\Users\Pc\.gradle\caches\8.0\fileHashes)" [_thread_blocked, id=5836, stack(0x000000143af00000,0x000000143b000000)]
=>0x000001b3161c3ea0 JavaThread "C2 CompilerThread1" daemon [_thread_in_native, id=13032, stack(0x000000143ae00000,0x000000143af00000)]
  0x000001b3162d6600 JavaThread "C2 CompilerThread2" daemon [_thread_in_native, id=18596, stack(0x000000143b000000,0x000000143b100000)]
  0x000001b3164c07f0 JavaThread "C2 CompilerThread3" daemon [_thread_in_native, id=3516, stack(0x000000143b100000,0x000000143b200000)]

Other Threads:
  0x000001b30fdb5f10 VMThread "VM Thread" [stack: 0x0000001438f00000,0x0000001439000000] [id=12480]
  0x000001b30ff3f4c0 WatcherThread "VM Periodic Task Thread" [stack: 0x0000001439c00000,0x0000001439d00000] [id=7632]
  0x000001b3733a4520 WorkerThread "GC Thread#0" [stack: 0x0000001438a00000,0x0000001438b00000] [id=16936]
  0x000001b30ffe2f60 WorkerThread "GC Thread#1" [stack: 0x000000143a000000,0x000000143a100000] [id=16372]
  0x000001b30ffe26f0 WorkerThread "GC Thread#2" [stack: 0x000000143a100000,0x000000143a200000] [id=10148]
  0x000001b30ffe2420 WorkerThread "GC Thread#3" [stack: 0x000000143a200000,0x000000143a300000] [id=20332]
  0x000001b30ffe2150 WorkerThread "GC Thread#4" [stack: 0x000000143a300000,0x000000143a400000] [id=5196]
  0x000001b3733b1430 ConcurrentGCThread "G1 Main Marker" [stack: 0x0000001438b00000,0x0000001438c00000] [id=16776]
  0x000001b3733b2000 WorkerThread "G1 Conc#0" [stack: 0x0000001438c00000,0x0000001438d00000] [id=13896]
  0x000001b30fc77a10 ConcurrentGCThread "G1 Refine#0" [stack: 0x0000001438d00000,0x0000001438e00000] [id=11168]
  0x000001b30fc784b0 ConcurrentGCThread "G1 Service" [stack: 0x0000001438e00000,0x0000001438f00000] [id=5892]

Threads with active compile tasks:
C2 CompilerThread0     5601 2785   !   4       java.net.URLClassLoader::findClass (47 bytes)
C2 CompilerThread1     5601 2786   !   4       java.lang.ClassLoader::loadClass (121 bytes)
C2 CompilerThread2     5601 2909       4       java.net.URLClassLoader$1::run (5 bytes)
C2 CompilerThread3     5601 2910   !   4       java.net.URLClassLoader$1::run (81 bytes)

VM state: not at safepoint (normal execution)

VM Mutex/Monitor currently owned by a thread: None

Heap address: 0x00000000a0000000, size: 1536 MB, Compressed Oops mode: 32-bit

CDS archive(s) mapped at: [0x0000000800000000-0x0000000800c60000-0x0000000800c60000), size 12976128, SharedBaseAddress: 0x0000000800000000, ArchiveRelocationMode: 0.
Compressed class space mapped at: 0x0000000801000000-0x0000000841000000, reserved size: 1073741824
Narrow klass base: 0x0000000800000000, Narrow klass shift: 0, Narrow klass range: 0x100000000

GC Precious Log:
 CardTable entry size: 512
 Card Set container configuration: InlinePtr #cards 5 size 8 Array Of Cards #cards 12 size 40 Howl #buckets 4 coarsen threshold 1843 Howl Bitmap #cards 512 size 80 coarsen threshold 460 Card regions per heap region 1 cards per card region 2048
 CPUs: 16 total, 16 available
 Memory: 15178M
 Large Page Support: Disabled
 NUMA Support: Disabled
 Compressed Oops: Enabled (32-bit)
 Heap Region Size: 1M
 Heap Min Capacity: 8M
 Heap Initial Capacity: 238M
 Heap Max Capacity: 1536M
 Pre-touch: Disabled
 Parallel Workers: 13
 Concurrent Workers: 3
 Concurrent Refinement Workers: 13
 Periodic GC: Disabled

Heap:
 garbage-first heap   total 243712K, used 90338K [0x00000000a0000000, 0x0000000100000000)
  region size 1024K, 80 young (81920K), 4 survivors (4096K)
 Metaspace       used 19038K, committed 19712K, reserved 1114112K
  class space    used 2750K, committed 3072K, reserved 1048576K

Heap Regions: E=young(eden), S=young(survivor), O=old, HS=humongous(starts), HC=humongous(continues), CS=collection set, F=free, OA=open archive, CA=closed archive, TAMS=top-at-mark-start, PB=parsable bottom
|   0|0x00000000a0000000, 0x00000000a0100000, 0x00000000a0100000|100%|HS|  |TAMS 0x00000000a0000000| PB 0x00000000a0000000| Complete 
|   1|0x00000000a0100000, 0x00000000a0200000, 0x00000000a0200000|100%|HC|  |TAMS 0x00000000a0100000| PB 0x00000000a0100000| Complete 
|   2|0x00000000a0200000, 0x00000000a0300000, 0x00000000a0300000|100%|HC|  |TAMS 0x00000000a0200000| PB 0x00000000a0200000| Complete 
|   3|0x00000000a0300000, 0x00000000a0400000, 0x00000000a0400000|100%|HC|  |TAMS 0x00000000a0300000| PB 0x00000000a0300000| Complete 
|   4|0x00000000a0400000, 0x00000000a0500000, 0x00000000a0500000|100%| O|  |TAMS 0x00000000a0400000| PB 0x00000000a0400000| Untracked 
|   5|0x00000000a0500000, 0x00000000a0600000, 0x00000000a0600000|100%| O|  |TAMS 0x00000000a0500000| PB 0x00000000a0500000| Untracked 
|   6|0x00000000a0600000, 0x00000000a0700000, 0x00000000a0700000|100%| O|  |TAMS 0x00000000a0600000| PB 0x00000000a0600000| Untracked 
|   7|0x00000000a0700000, 0x00000000a0800000, 0x00000000a0800000|100%| O|  |TAMS 0x00000000a0700000| PB 0x00000000a0700000| Untracked 
|   8|0x00000000a0800000, 0x00000000a0800000, 0x00000000a0900000|  0%| F|  |TAMS 0x00000000a0800000| PB 0x00000000a0800000| Untracked 
|   9|0x00000000a0900000, 0x00000000a0a00000, 0x00000000a0a00000|100%| O|  |TAMS 0x00000000a0900000| PB 0x00000000a0900000| Untracked 
|  10|0x00000000a0a00000, 0x00000000a0b00000, 0x00000000a0b00000|100%| O|  |TAMS 0x00000000a0a00000| PB 0x00000000a0a00000| Untracked 
|  11|0x00000000a0b00000, 0x00000000a0b38808, 0x00000000a0c00000| 22%| O|  |TAMS 0x00000000a0b00000| PB 0x00000000a0b00000| Untracked 
|  12|0x00000000a0c00000, 0x00000000a0c00000, 0x00000000a0d00000|  0%| F|  |TAMS 0x00000000a0c00000| PB 0x00000000a0c00000| Untracked 
|  13|0x00000000a0d00000, 0x00000000a0d00000, 0x00000000a0e00000|  0%| F|  |TAMS 0x00000000a0d00000| PB 0x00000000a0d00000| Untracked 
|  14|0x00000000a0e00000, 0x00000000a0e00000, 0x00000000a0f00000|  0%| F|  |TAMS 0x00000000a0e00000| PB 0x00000000a0e00000| Untracked 
|  15|0x00000000a0f00000, 0x00000000a0f00000, 0x00000000a1000000|  0%| F|  |TAMS 0x00000000a0f00000| PB 0x00000000a0f00000| Untracked 
|  16|0x00000000a1000000, 0x00000000a1000000, 0x00000000a1100000|  0%| F|  |TAMS 0x00000000a1000000| PB 0x00000000a1000000| Untracked 
|  17|0x00000000a1100000, 0x00000000a1100000, 0x00000000a1200000|  0%| F|  |TAMS 0x00000000a1100000| PB 0x00000000a1100000| Untracked 
|  18|0x00000000a1200000, 0x00000000a1200000, 0x00000000a1300000|  0%| F|  |TAMS 0x00000000a1200000| PB 0x00000000a1200000| Untracked 
|  19|0x00000000a1300000, 0x00000000a1300000, 0x00000000a1400000|  0%| F|  |TAMS 0x00000000a1300000| PB 0x00000000a1300000| Untracked 
|  20|0x00000000a1400000, 0x00000000a1400000, 0x00000000a1500000|  0%| F|  |TAMS 0x00000000a1400000| PB 0x00000000a1400000| Untracked 
|  21|0x00000000a1500000, 0x00000000a1500000, 0x00000000a1600000|  0%| F|  |TAMS 0x00000000a1500000| PB 0x00000000a1500000| Untracked 
|  22|0x00000000a1600000, 0x00000000a1600000, 0x00000000a1700000|  0%| F|  |TAMS 0x00000000a1600000| PB 0x00000000a1600000| Untracked 
|  23|0x00000000a1700000, 0x00000000a1700000, 0x00000000a1800000|  0%| F|  |TAMS 0x00000000a1700000| PB 0x00000000a1700000| Untracked 
|  24|0x00000000a1800000, 0x00000000a1800000, 0x00000000a1900000|  0%| F|  |TAMS 0x00000000a1800000| PB 0x00000000a1800000| Untracked 
|  25|0x00000000a1900000, 0x00000000a1900000, 0x00000000a1a00000|  0%| F|  |TAMS 0x00000000a1900000| PB 0x00000000a1900000| Untracked 
|  26|0x00000000a1a00000, 0x00000000a1a00000, 0x00000000a1b00000|  0%| F|  |TAMS 0x00000000a1a00000| PB 0x00000000a1a00000| Untracked 
|  27|0x00000000a1b00000, 0x00000000a1b00000, 0x00000000a1c00000|  0%| F|  |TAMS 0x00000000a1b00000| PB 0x00000000a1b00000| Untracked 
|  28|0x00000000a1c00000, 0x00000000a1c00000, 0x00000000a1d00000|  0%| F|  |TAMS 0x00000000a1c00000| PB 0x00000000a1c00000| Untracked 
|  29|0x00000000a1d00000, 0x00000000a1d00000, 0x00000000a1e00000|  0%| F|  |TAMS 0x00000000a1d00000| PB 0x00000000a1d00000| Untracked 
|  30|0x00000000a1e00000, 0x00000000a1e00000, 0x00000000a1f00000|  0%| F|  |TAMS 0x00000000a1e00000| PB 0x00000000a1e00000| Untracked 
|  31|0x00000000a1f00000, 0x00000000a1f00000, 0x00000000a2000000|  0%| F|  |TAMS 0x00000000a1f00000| PB 0x00000000a1f00000| Untracked 
|  32|0x00000000a2000000, 0x00000000a2000000, 0x00000000a2100000|  0%| F|  |TAMS 0x00000000a2000000| PB 0x00000000a2000000| Untracked 
|  33|0x00000000a2100000, 0x00000000a2100000, 0x00000000a2200000|  0%| F|  |TAMS 0x00000000a2100000| PB 0x00000000a2100000| Untracked 
|  34|0x00000000a2200000, 0x00000000a2200000, 0x00000000a2300000|  0%| F|  |TAMS 0x00000000a2200000| PB 0x00000000a2200000| Untracked 
|  35|0x00000000a2300000, 0x00000000a2300000, 0x00000000a2400000|  0%| F|  |TAMS 0x00000000a2300000| PB 0x00000000a2300000| Untracked 
|  36|0x00000000a2400000, 0x00000000a2400000, 0x00000000a2500000|  0%| F|  |TAMS 0x00000000a2400000| PB 0x00000000a2400000| Untracked 
|  37|0x00000000a2500000, 0x00000000a2500000, 0x00000000a2600000|  0%| F|  |TAMS 0x00000000a2500000| PB 0x00000000a2500000| Untracked 
|  38|0x00000000a2600000, 0x00000000a2600000, 0x00000000a2700000|  0%| F|  |TAMS 0x00000000a2600000| PB 0x00000000a2600000| Untracked 
|  39|0x00000000a2700000, 0x00000000a2700000, 0x00000000a2800000|  0%| F|  |TAMS 0x00000000a2700000| PB 0x00000000a2700000| Untracked 
|  40|0x00000000a2800000, 0x00000000a2800000, 0x00000000a2900000|  0%| F|  |TAMS 0x00000000a2800000| PB 0x00000000a2800000| Untracked 
|  41|0x00000000a2900000, 0x00000000a2900000, 0x00000000a2a00000|  0%| F|  |TAMS 0x00000000a2900000| PB 0x00000000a2900000| Untracked 
|  42|0x00000000a2a00000, 0x00000000a2a00000, 0x00000000a2b00000|  0%| F|  |TAMS 0x00000000a2a00000| PB 0x00000000a2a00000| Untracked 
|  43|0x00000000a2b00000, 0x00000000a2b00000, 0x00000000a2c00000|  0%| F|  |TAMS 0x00000000a2b00000| PB 0x00000000a2b00000| Untracked 
|  44|0x00000000a2c00000, 0x00000000a2c00000, 0x00000000a2d00000|  0%| F|  |TAMS 0x00000000a2c00000| PB 0x00000000a2c00000| Untracked 
|  45|0x00000000a2d00000, 0x00000000a2d00000, 0x00000000a2e00000|  0%| F|  |TAMS 0x00000000a2d00000| PB 0x00000000a2d00000| Untracked 
|  46|0x00000000a2e00000, 0x00000000a2e00000, 0x00000000a2f00000|  0%| F|  |TAMS 0x00000000a2e00000| PB 0x00000000a2e00000| Untracked 
|  47|0x00000000a2f00000, 0x00000000a2f00000, 0x00000000a3000000|  0%| F|  |TAMS 0x00000000a2f00000| PB 0x00000000a2f00000| Untracked 
|  48|0x00000000a3000000, 0x00000000a3000000, 0x00000000a3100000|  0%| F|  |TAMS 0x00000000a3000000| PB 0x00000000a3000000| Untracked 
|  49|0x00000000a3100000, 0x00000000a3100000, 0x00000000a3200000|  0%| F|  |TAMS 0x00000000a3100000| PB 0x00000000a3100000| Untracked 
|  50|0x00000000a3200000, 0x00000000a3200000, 0x00000000a3300000|  0%| F|  |TAMS 0x00000000a3200000| PB 0x00000000a3200000| Untracked 
|  51|0x00000000a3300000, 0x00000000a3300000, 0x00000000a3400000|  0%| F|  |TAMS 0x00000000a3300000| PB 0x00000000a3300000| Untracked 
|  52|0x00000000a3400000, 0x00000000a3400000, 0x00000000a3500000|  0%| F|  |TAMS 0x00000000a3400000| PB 0x00000000a3400000| Untracked 
|  53|0x00000000a3500000, 0x00000000a3500000, 0x00000000a3600000|  0%| F|  |TAMS 0x00000000a3500000| PB 0x00000000a3500000| Untracked 
|  54|0x00000000a3600000, 0x00000000a3600000, 0x00000000a3700000|  0%| F|  |TAMS 0x00000000a3600000| PB 0x00000000a3600000| Untracked 
|  55|0x00000000a3700000, 0x00000000a3700000, 0x00000000a3800000|  0%| F|  |TAMS 0x00000000a3700000| PB 0x00000000a3700000| Untracked 
|  56|0x00000000a3800000, 0x00000000a3800000, 0x00000000a3900000|  0%| F|  |TAMS 0x00000000a3800000| PB 0x00000000a3800000| Untracked 
|  57|0x00000000a3900000, 0x00000000a3900000, 0x00000000a3a00000|  0%| F|  |TAMS 0x00000000a3900000| PB 0x00000000a3900000| Untracked 
|  58|0x00000000a3a00000, 0x00000000a3a00000, 0x00000000a3b00000|  0%| F|  |TAMS 0x00000000a3a00000| PB 0x00000000a3a00000| Untracked 
|  59|0x00000000a3b00000, 0x00000000a3b00000, 0x00000000a3c00000|  0%| F|  |TAMS 0x00000000a3b00000| PB 0x00000000a3b00000| Untracked 
|  60|0x00000000a3c00000, 0x00000000a3c00000, 0x00000000a3d00000|  0%| F|  |TAMS 0x00000000a3c00000| PB 0x00000000a3c00000| Untracked 
|  61|0x00000000a3d00000, 0x00000000a3d00000, 0x00000000a3e00000|  0%| F|  |TAMS 0x00000000a3d00000| PB 0x00000000a3d00000| Untracked 
|  62|0x00000000a3e00000, 0x00000000a3e00000, 0x00000000a3f00000|  0%| F|  |TAMS 0x00000000a3e00000| PB 0x00000000a3e00000| Untracked 
|  63|0x00000000a3f00000, 0x00000000a3f00000, 0x00000000a4000000|  0%| F|  |TAMS 0x00000000a3f00000| PB 0x00000000a3f00000| Untracked 
|  64|0x00000000a4000000, 0x00000000a4000000, 0x00000000a4100000|  0%| F|  |TAMS 0x00000000a4000000| PB 0x00000000a4000000| Untracked 
|  65|0x00000000a4100000, 0x00000000a4100000, 0x00000000a4200000|  0%| F|  |TAMS 0x00000000a4100000| PB 0x00000000a4100000| Untracked 
|  66|0x00000000a4200000, 0x00000000a4200000, 0x00000000a4300000|  0%| F|  |TAMS 0x00000000a4200000| PB 0x00000000a4200000| Untracked 
|  67|0x00000000a4300000, 0x00000000a4300000, 0x00000000a4400000|  0%| F|  |TAMS 0x00000000a4300000| PB 0x00000000a4300000| Untracked 
|  68|0x00000000a4400000, 0x00000000a4400000, 0x00000000a4500000|  0%| F|  |TAMS 0x00000000a4400000| PB 0x00000000a4400000| Untracked 
|  69|0x00000000a4500000, 0x00000000a4500000, 0x00000000a4600000|  0%| F|  |TAMS 0x00000000a4500000| PB 0x00000000a4500000| Untracked 
|  70|0x00000000a4600000, 0x00000000a4600000, 0x00000000a4700000|  0%| F|  |TAMS 0x00000000a4600000| PB 0x00000000a4600000| Untracked 
|  71|0x00000000a4700000, 0x00000000a4700000, 0x00000000a4800000|  0%| F|  |TAMS 0x00000000a4700000| PB 0x00000000a4700000| Untracked 
|  72|0x00000000a4800000, 0x00000000a4800000, 0x00000000a4900000|  0%| F|  |TAMS 0x00000000a4800000| PB 0x00000000a4800000| Untracked 
|  73|0x00000000a4900000, 0x00000000a4900000, 0x00000000a4a00000|  0%| F|  |TAMS 0x00000000a4900000| PB 0x00000000a4900000| Untracked 
|  74|0x00000000a4a00000, 0x00000000a4a00000, 0x00000000a4b00000|  0%| F|  |TAMS 0x00000000a4a00000| PB 0x00000000a4a00000| Untracked 
|  75|0x00000000a4b00000, 0x00000000a4b00000, 0x00000000a4c00000|  0%| F|  |TAMS 0x00000000a4b00000| PB 0x00000000a4b00000| Untracked 
|  76|0x00000000a4c00000, 0x00000000a4c00000, 0x00000000a4d00000|  0%| F|  |TAMS 0x00000000a4c00000| PB 0x00000000a4c00000| Untracked 
|  77|0x00000000a4d00000, 0x00000000a4d00000, 0x00000000a4e00000|  0%| F|  |TAMS 0x00000000a4d00000| PB 0x00000000a4d00000| Untracked 
|  78|0x00000000a4e00000, 0x00000000a4e00000, 0x00000000a4f00000|  0%| F|  |TAMS 0x00000000a4e00000| PB 0x00000000a4e00000| Untracked 
|  79|0x00000000a4f00000, 0x00000000a4f00000, 0x00000000a5000000|  0%| F|  |TAMS 0x00000000a4f00000| PB 0x00000000a4f00000| Untracked 
|  80|0x00000000a5000000, 0x00000000a5000000, 0x00000000a5100000|  0%| F|  |TAMS 0x00000000a5000000| PB 0x00000000a5000000| Untracked 
|  81|0x00000000a5100000, 0x00000000a5100000, 0x00000000a5200000|  0%| F|  |TAMS 0x00000000a5100000| PB 0x00000000a5100000| Untracked 
|  82|0x00000000a5200000, 0x00000000a5200000, 0x00000000a5300000|  0%| F|  |TAMS 0x00000000a5200000| PB 0x00000000a5200000| Untracked 
|  83|0x00000000a5300000, 0x00000000a5300000, 0x00000000a5400000|  0%| F|  |TAMS 0x00000000a5300000| PB 0x00000000a5300000| Untracked 
|  84|0x00000000a5400000, 0x00000000a5400000, 0x00000000a5500000|  0%| F|  |TAMS 0x00000000a5400000| PB 0x00000000a5400000| Untracked 
|  85|0x00000000a5500000, 0x00000000a5500000, 0x00000000a5600000|  0%| F|  |TAMS 0x00000000a5500000| PB 0x00000000a5500000| Untracked 
|  86|0x00000000a5600000, 0x00000000a5600000, 0x00000000a5700000|  0%| F|  |TAMS 0x00000000a5600000| PB 0x00000000a5600000| Untracked 
|  87|0x00000000a5700000, 0x00000000a5700000, 0x00000000a5800000|  0%| F|  |TAMS 0x00000000a5700000| PB 0x00000000a5700000| Untracked 
|  88|0x00000000a5800000, 0x00000000a5800000, 0x00000000a5900000|  0%| F|  |TAMS 0x00000000a5800000| PB 0x00000000a5800000| Untracked 
|  89|0x00000000a5900000, 0x00000000a5900000, 0x00000000a5a00000|  0%| F|  |TAMS 0x00000000a5900000| PB 0x00000000a5900000| Untracked 
|  90|0x00000000a5a00000, 0x00000000a5a00000, 0x00000000a5b00000|  0%| F|  |TAMS 0x00000000a5a00000| PB 0x00000000a5a00000| Untracked 
|  91|0x00000000a5b00000, 0x00000000a5b00000, 0x00000000a5c00000|  0%| F|  |TAMS 0x00000000a5b00000| PB 0x00000000a5b00000| Untracked 
|  92|0x00000000a5c00000, 0x00000000a5c00000, 0x00000000a5d00000|  0%| F|  |TAMS 0x00000000a5c00000| PB 0x00000000a5c00000| Untracked 
|  93|0x00000000a5d00000, 0x00000000a5d00000, 0x00000000a5e00000|  0%| F|  |TAMS 0x00000000a5d00000| PB 0x00000000a5d00000| Untracked 
|  94|0x00000000a5e00000, 0x00000000a5e00000, 0x00000000a5f00000|  0%| F|  |TAMS 0x00000000a5e00000| PB 0x00000000a5e00000| Untracked 
|  95|0x00000000a5f00000, 0x00000000a5f00000, 0x00000000a6000000|  0%| F|  |TAMS 0x00000000a5f00000| PB 0x00000000a5f00000| Untracked 
|  96|0x00000000a6000000, 0x00000000a6000000, 0x00000000a6100000|  0%| F|  |TAMS 0x00000000a6000000| PB 0x00000000a6000000| Untracked 
|  97|0x00000000a6100000, 0x00000000a6100000, 0x00000000a6200000|  0%| F|  |TAMS 0x00000000a6100000| PB 0x00000000a6100000| Untracked 
|  98|0x00000000a6200000, 0x00000000a6200000, 0x00000000a6300000|  0%| F|  |TAMS 0x00000000a6200000| PB 0x00000000a6200000| Untracked 
|  99|0x00000000a6300000, 0x00000000a6300000, 0x00000000a6400000|  0%| F|  |TAMS 0x00000000a6300000| PB 0x00000000a6300000| Untracked 
| 100|0x00000000a6400000, 0x00000000a6400000, 0x00000000a6500000|  0%| F|  |TAMS 0x00000000a6400000| PB 0x00000000a6400000| Untracked 
| 101|0x00000000a6500000, 0x00000000a6500000, 0x00000000a6600000|  0%| F|  |TAMS 0x00000000a6500000| PB 0x00000000a6500000| Untracked 
| 102|0x00000000a6600000, 0x00000000a6600000, 0x00000000a6700000|  0%| F|  |TAMS 0x00000000a6600000| PB 0x00000000a6600000| Untracked 
| 103|0x00000000a6700000, 0x00000000a6700000, 0x00000000a6800000|  0%| F|  |TAMS 0x00000000a6700000| PB 0x00000000a6700000| Untracked 
| 104|0x00000000a6800000, 0x00000000a6800000, 0x00000000a6900000|  0%| F|  |TAMS 0x00000000a6800000| PB 0x00000000a6800000| Untracked 
| 105|0x00000000a6900000, 0x00000000a6900000, 0x00000000a6a00000|  0%| F|  |TAMS 0x00000000a6900000| PB 0x00000000a6900000| Untracked 
| 106|0x00000000a6a00000, 0x00000000a6a00000, 0x00000000a6b00000|  0%| F|  |TAMS 0x00000000a6a00000| PB 0x00000000a6a00000| Untracked 
| 107|0x00000000a6b00000, 0x00000000a6b00000, 0x00000000a6c00000|  0%| F|  |TAMS 0x00000000a6b00000| PB 0x00000000a6b00000| Untracked 
| 108|0x00000000a6c00000, 0x00000000a6c00000, 0x00000000a6d00000|  0%| F|  |TAMS 0x00000000a6c00000| PB 0x00000000a6c00000| Untracked 
| 109|0x00000000a6d00000, 0x00000000a6d00000, 0x00000000a6e00000|  0%| F|  |TAMS 0x00000000a6d00000| PB 0x00000000a6d00000| Untracked 
| 110|0x00000000a6e00000, 0x00000000a6e00000, 0x00000000a6f00000|  0%| F|  |TAMS 0x00000000a6e00000| PB 0x00000000a6e00000| Untracked 
| 111|0x00000000a6f00000, 0x00000000a6f00000, 0x00000000a7000000|  0%| F|  |TAMS 0x00000000a6f00000| PB 0x00000000a6f00000| Untracked 
| 112|0x00000000a7000000, 0x00000000a7000000, 0x00000000a7100000|  0%| F|  |TAMS 0x00000000a7000000| PB 0x00000000a7000000| Untracked 
| 113|0x00000000a7100000, 0x00000000a7100000, 0x00000000a7200000|  0%| F|  |TAMS 0x00000000a7100000| PB 0x00000000a7100000| Untracked 
| 114|0x00000000a7200000, 0x00000000a7200000, 0x00000000a7300000|  0%| F|  |TAMS 0x00000000a7200000| PB 0x00000000a7200000| Untracked 
| 115|0x00000000a7300000, 0x00000000a7300000, 0x00000000a7400000|  0%| F|  |TAMS 0x00000000a7300000| PB 0x00000000a7300000| Untracked 
| 116|0x00000000a7400000, 0x00000000a7400000, 0x00000000a7500000|  0%| F|  |TAMS 0x00000000a7400000| PB 0x00000000a7400000| Untracked 
| 117|0x00000000a7500000, 0x00000000a7500000, 0x00000000a7600000|  0%| F|  |TAMS 0x00000000a7500000| PB 0x00000000a7500000| Untracked 
| 118|0x00000000a7600000, 0x00000000a7600000, 0x00000000a7700000|  0%| F|  |TAMS 0x00000000a7600000| PB 0x00000000a7600000| Untracked 
| 119|0x00000000a7700000, 0x00000000a7700000, 0x00000000a7800000|  0%| F|  |TAMS 0x00000000a7700000| PB 0x00000000a7700000| Untracked 
| 120|0x00000000a7800000, 0x00000000a7800000, 0x00000000a7900000|  0%| F|  |TAMS 0x00000000a7800000| PB 0x00000000a7800000| Untracked 
| 121|0x00000000a7900000, 0x00000000a7900000, 0x00000000a7a00000|  0%| F|  |TAMS 0x00000000a7900000| PB 0x00000000a7900000| Untracked 
| 122|0x00000000a7a00000, 0x00000000a7a00000, 0x00000000a7b00000|  0%| F|  |TAMS 0x00000000a7a00000| PB 0x00000000a7a00000| Untracked 
| 123|0x00000000a7b00000, 0x00000000a7b00000, 0x00000000a7c00000|  0%| F|  |TAMS 0x00000000a7b00000| PB 0x00000000a7b00000| Untracked 
| 124|0x00000000a7c00000, 0x00000000a7c00000, 0x00000000a7d00000|  0%| F|  |TAMS 0x00000000a7c00000| PB 0x00000000a7c00000| Untracked 
| 125|0x00000000a7d00000, 0x00000000a7d00000, 0x00000000a7e00000|  0%| F|  |TAMS 0x00000000a7d00000| PB 0x00000000a7d00000| Untracked 
| 126|0x00000000a7e00000, 0x00000000a7e00000, 0x00000000a7f00000|  0%| F|  |TAMS 0x00000000a7e00000| PB 0x00000000a7e00000| Untracked 
| 127|0x00000000a7f00000, 0x00000000a7f00000, 0x00000000a8000000|  0%| F|  |TAMS 0x00000000a7f00000| PB 0x00000000a7f00000| Untracked 
| 128|0x00000000a8000000, 0x00000000a8000000, 0x00000000a8100000|  0%| F|  |TAMS 0x00000000a8000000| PB 0x00000000a8000000| Untracked 
| 129|0x00000000a8100000, 0x00000000a8100000, 0x00000000a8200000|  0%| F|  |TAMS 0x00000000a8100000| PB 0x00000000a8100000| Untracked 
| 130|0x00000000a8200000, 0x00000000a8200000, 0x00000000a8300000|  0%| F|  |TAMS 0x00000000a8200000| PB 0x00000000a8200000| Untracked 
| 131|0x00000000a8300000, 0x00000000a8300000, 0x00000000a8400000|  0%| F|  |TAMS 0x00000000a8300000| PB 0x00000000a8300000| Untracked 
| 132|0x00000000a8400000, 0x00000000a8400000, 0x00000000a8500000|  0%| F|  |TAMS 0x00000000a8400000| PB 0x00000000a8400000| Untracked 
| 133|0x00000000a8500000, 0x00000000a8500000, 0x00000000a8600000|  0%| F|  |TAMS 0x00000000a8500000| PB 0x00000000a8500000| Untracked 
| 134|0x00000000a8600000, 0x00000000a8600000, 0x00000000a8700000|  0%| F|  |TAMS 0x00000000a8600000| PB 0x00000000a8600000| Untracked 
| 135|0x00000000a8700000, 0x00000000a8700000, 0x00000000a8800000|  0%| F|  |TAMS 0x00000000a8700000| PB 0x00000000a8700000| Untracked 
| 136|0x00000000a8800000, 0x00000000a8800000, 0x00000000a8900000|  0%| F|  |TAMS 0x00000000a8800000| PB 0x00000000a8800000| Untracked 
| 137|0x00000000a8900000, 0x00000000a8900000, 0x00000000a8a00000|  0%| F|  |TAMS 0x00000000a8900000| PB 0x00000000a8900000| Untracked 
| 138|0x00000000a8a00000, 0x00000000a8a00000, 0x00000000a8b00000|  0%| F|  |TAMS 0x00000000a8a00000| PB 0x00000000a8a00000| Untracked 
| 139|0x00000000a8b00000, 0x00000000a8b00000, 0x00000000a8c00000|  0%| F|  |TAMS 0x00000000a8b00000| PB 0x00000000a8b00000| Untracked 
| 140|0x00000000a8c00000, 0x00000000a8c00000, 0x00000000a8d00000|  0%| F|  |TAMS 0x00000000a8c00000| PB 0x00000000a8c00000| Untracked 
| 141|0x00000000a8d00000, 0x00000000a8d00000, 0x00000000a8e00000|  0%| F|  |TAMS 0x00000000a8d00000| PB 0x00000000a8d00000| Untracked 
| 142|0x00000000a8e00000, 0x00000000a8e00000, 0x00000000a8f00000|  0%| F|  |TAMS 0x00000000a8e00000| PB 0x00000000a8e00000| Untracked 
| 143|0x00000000a8f00000, 0x00000000a8f00000, 0x00000000a9000000|  0%| F|  |TAMS 0x00000000a8f00000| PB 0x00000000a8f00000| Untracked 
| 144|0x00000000a9000000, 0x00000000a9000000, 0x00000000a9100000|  0%| F|  |TAMS 0x00000000a9000000| PB 0x00000000a9000000| Untracked 
| 145|0x00000000a9100000, 0x00000000a9100000, 0x00000000a9200000|  0%| F|  |TAMS 0x00000000a9100000| PB 0x00000000a9100000| Untracked 
| 146|0x00000000a9200000, 0x00000000a9200000, 0x00000000a9300000|  0%| F|  |TAMS 0x00000000a9200000| PB 0x00000000a9200000| Untracked 
| 147|0x00000000a9300000, 0x00000000a9300000, 0x00000000a9400000|  0%| F|  |TAMS 0x00000000a9300000| PB 0x00000000a9300000| Untracked 
| 148|0x00000000a9400000, 0x00000000a9400000, 0x00000000a9500000|  0%| F|  |TAMS 0x00000000a9400000| PB 0x00000000a9400000| Untracked 
| 149|0x00000000a9500000, 0x00000000a9500000, 0x00000000a9600000|  0%| F|  |TAMS 0x00000000a9500000| PB 0x00000000a9500000| Untracked 
| 150|0x00000000a9600000, 0x00000000a9600000, 0x00000000a9700000|  0%| F|  |TAMS 0x00000000a9600000| PB 0x00000000a9600000| Untracked 
| 151|0x00000000a9700000, 0x00000000a9700000, 0x00000000a9800000|  0%| F|  |TAMS 0x00000000a9700000| PB 0x00000000a9700000| Untracked 
| 152|0x00000000a9800000, 0x00000000a9800000, 0x00000000a9900000|  0%| F|  |TAMS 0x00000000a9800000| PB 0x00000000a9800000| Untracked 
| 153|0x00000000a9900000, 0x00000000a9900000, 0x00000000a9a00000|  0%| F|  |TAMS 0x00000000a9900000| PB 0x00000000a9900000| Untracked 
| 154|0x00000000a9a00000, 0x00000000a9a00000, 0x00000000a9b00000|  0%| F|  |TAMS 0x00000000a9a00000| PB 0x00000000a9a00000| Untracked 
| 155|0x00000000a9b00000, 0x00000000a9b00000, 0x00000000a9c00000|  0%| F|  |TAMS 0x00000000a9b00000| PB 0x00000000a9b00000| Untracked 
| 156|0x00000000a9c00000, 0x00000000a9c00000, 0x00000000a9d00000|  0%| F|  |TAMS 0x00000000a9c00000| PB 0x00000000a9c00000| Untracked 
| 157|0x00000000a9d00000, 0x00000000a9d00000, 0x00000000a9e00000|  0%| F|  |TAMS 0x00000000a9d00000| PB 0x00000000a9d00000| Untracked 
| 158|0x00000000a9e00000, 0x00000000a9e7f7e0, 0x00000000a9f00000| 49%| E|  |TAMS 0x00000000a9e00000| PB 0x00000000a9e00000| Complete 
| 159|0x00000000a9f00000, 0x00000000aa000000, 0x00000000aa000000|100%| E|CS|TAMS 0x00000000a9f00000| PB 0x00000000a9f00000| Complete 
| 160|0x00000000aa000000, 0x00000000aa100000, 0x00000000aa100000|100%| E|CS|TAMS 0x00000000aa000000| PB 0x00000000aa000000| Complete 
| 161|0x00000000aa100000, 0x00000000aa200000, 0x00000000aa200000|100%| E|CS|TAMS 0x00000000aa100000| PB 0x00000000aa100000| Complete 
| 162|0x00000000aa200000, 0x00000000aa300000, 0x00000000aa300000|100%| E|CS|TAMS 0x00000000aa200000| PB 0x00000000aa200000| Complete 
| 163|0x00000000aa300000, 0x00000000aa400000, 0x00000000aa400000|100%| E|CS|TAMS 0x00000000aa300000| PB 0x00000000aa300000| Complete 
| 164|0x00000000aa400000, 0x00000000aa500000, 0x00000000aa500000|100%| E|  |TAMS 0x00000000aa400000| PB 0x00000000aa400000| Complete 
| 165|0x00000000aa500000, 0x00000000aa600000, 0x00000000aa600000|100%| E|CS|TAMS 0x00000000aa500000| PB 0x00000000aa500000| Complete 
| 166|0x00000000aa600000, 0x00000000aa700000, 0x00000000aa700000|100%| E|CS|TAMS 0x00000000aa600000| PB 0x00000000aa600000| Complete 
| 167|0x00000000aa700000, 0x00000000aa800000, 0x00000000aa800000|100%| E|CS|TAMS 0x00000000aa700000| PB 0x00000000aa700000| Complete 
| 168|0x00000000aa800000, 0x00000000aa900000, 0x00000000aa900000|100%| E|CS|TAMS 0x00000000aa800000| PB 0x00000000aa800000| Complete 
| 169|0x00000000aa900000, 0x00000000aaa00000, 0x00000000aaa00000|100%| E|CS|TAMS 0x00000000aa900000| PB 0x00000000aa900000| Complete 
| 170|0x00000000aaa00000, 0x00000000aab00000, 0x00000000aab00000|100%| E|CS|TAMS 0x00000000aaa00000| PB 0x00000000aaa00000| Complete 
| 171|0x00000000aab00000, 0x00000000aac00000, 0x00000000aac00000|100%| E|CS|TAMS 0x00000000aab00000| PB 0x00000000aab00000| Complete 
| 172|0x00000000aac00000, 0x00000000aad00000, 0x00000000aad00000|100%| E|CS|TAMS 0x00000000aac00000| PB 0x00000000aac00000| Complete 
| 173|0x00000000aad00000, 0x00000000aae00000, 0x00000000aae00000|100%| E|CS|TAMS 0x00000000aad00000| PB 0x00000000aad00000| Complete 
| 174|0x00000000aae00000, 0x00000000aaf00000, 0x00000000aaf00000|100%| E|CS|TAMS 0x00000000aae00000| PB 0x00000000aae00000| Complete 
| 175|0x00000000aaf00000, 0x00000000ab000000, 0x00000000ab000000|100%| E|CS|TAMS 0x00000000aaf00000| PB 0x00000000aaf00000| Complete 
| 176|0x00000000ab000000, 0x00000000ab100000, 0x00000000ab100000|100%| E|CS|TAMS 0x00000000ab000000| PB 0x00000000ab000000| Complete 
| 177|0x00000000ab100000, 0x00000000ab200000, 0x00000000ab200000|100%| E|CS|TAMS 0x00000000ab100000| PB 0x00000000ab100000| Complete 
| 178|0x00000000ab200000, 0x00000000ab300000, 0x00000000ab300000|100%| E|CS|TAMS 0x00000000ab200000| PB 0x00000000ab200000| Complete 
| 179|0x00000000ab300000, 0x00000000ab400000, 0x00000000ab400000|100%| E|CS|TAMS 0x00000000ab300000| PB 0x00000000ab300000| Complete 
| 180|0x00000000ab400000, 0x00000000ab500000, 0x00000000ab500000|100%| E|CS|TAMS 0x00000000ab400000| PB 0x00000000ab400000| Complete 
| 181|0x00000000ab500000, 0x00000000ab600000, 0x00000000ab600000|100%| E|CS|TAMS 0x00000000ab500000| PB 0x00000000ab500000| Complete 
| 182|0x00000000ab600000, 0x00000000ab700000, 0x00000000ab700000|100%| E|CS|TAMS 0x00000000ab600000| PB 0x00000000ab600000| Complete 
| 183|0x00000000ab700000, 0x00000000ab800000, 0x00000000ab800000|100%| E|CS|TAMS 0x00000000ab700000| PB 0x00000000ab700000| Complete 
| 184|0x00000000ab800000, 0x00000000ab900000, 0x00000000ab900000|100%| E|CS|TAMS 0x00000000ab800000| PB 0x00000000ab800000| Complete 
| 185|0x00000000ab900000, 0x00000000aba00000, 0x00000000aba00000|100%| E|CS|TAMS 0x00000000ab900000| PB 0x00000000ab900000| Complete 
| 186|0x00000000aba00000, 0x00000000abb00000, 0x00000000abb00000|100%| E|CS|TAMS 0x00000000aba00000| PB 0x00000000aba00000| Complete 
| 187|0x00000000abb00000, 0x00000000abc00000, 0x00000000abc00000|100%| E|CS|TAMS 0x00000000abb00000| PB 0x00000000abb00000| Complete 
| 188|0x00000000abc00000, 0x00000000abd00000, 0x00000000abd00000|100%| E|CS|TAMS 0x00000000abc00000| PB 0x00000000abc00000| Complete 
| 189|0x00000000abd00000, 0x00000000abe00000, 0x00000000abe00000|100%| E|CS|TAMS 0x00000000abd00000| PB 0x00000000abd00000| Complete 
| 190|0x00000000abe00000, 0x00000000abf00000, 0x00000000abf00000|100%| E|CS|TAMS 0x00000000abe00000| PB 0x00000000abe00000| Complete 
| 191|0x00000000abf00000, 0x00000000ac000000, 0x00000000ac000000|100%| E|CS|TAMS 0x00000000abf00000| PB 0x00000000abf00000| Complete 
| 192|0x00000000ac000000, 0x00000000ac100000, 0x00000000ac100000|100%| E|CS|TAMS 0x00000000ac000000| PB 0x00000000ac000000| Complete 
| 193|0x00000000ac100000, 0x00000000ac200000, 0x00000000ac200000|100%| E|CS|TAMS 0x00000000ac100000| PB 0x00000000ac100000| Complete 
| 194|0x00000000ac200000, 0x00000000ac300000, 0x00000000ac300000|100%| E|CS|TAMS 0x00000000ac200000| PB 0x00000000ac200000| Complete 
| 195|0x00000000ac300000, 0x00000000ac400000, 0x00000000ac400000|100%| E|CS|TAMS 0x00000000ac300000| PB 0x00000000ac300000| Complete 
| 196|0x00000000ac400000, 0x00000000ac500000, 0x00000000ac500000|100%| E|CS|TAMS 0x00000000ac400000| PB 0x00000000ac400000| Complete 
| 197|0x00000000ac500000, 0x00000000ac600000, 0x00000000ac600000|100%| E|CS|TAMS 0x00000000ac500000| PB 0x00000000ac500000| Complete 
| 198|0x00000000ac600000, 0x00000000ac700000, 0x00000000ac700000|100%| E|CS|TAMS 0x00000000ac600000| PB 0x00000000ac600000| Complete 
| 199|0x00000000ac700000, 0x00000000ac800000, 0x00000000ac800000|100%| E|CS|TAMS 0x00000000ac700000| PB 0x00000000ac700000| Complete 
| 200|0x00000000ac800000, 0x00000000ac900000, 0x00000000ac900000|100%| E|CS|TAMS 0x00000000ac800000| PB 0x00000000ac800000| Complete 
| 201|0x00000000ac900000, 0x00000000aca00000, 0x00000000aca00000|100%| E|CS|TAMS 0x00000000ac900000| PB 0x00000000ac900000| Complete 
| 202|0x00000000aca00000, 0x00000000acb00000, 0x00000000acb00000|100%| S|CS|TAMS 0x00000000aca00000| PB 0x00000000aca00000| Complete 
| 203|0x00000000acb00000, 0x00000000acc00000, 0x00000000acc00000|100%| S|CS|TAMS 0x00000000acb00000| PB 0x00000000acb00000| Complete 
| 204|0x00000000acc00000, 0x00000000acd00000, 0x00000000acd00000|100%| S|CS|TAMS 0x00000000acc00000| PB 0x00000000acc00000| Complete 
| 205|0x00000000acd00000, 0x00000000ace00000, 0x00000000ace00000|100%| S|CS|TAMS 0x00000000acd00000| PB 0x00000000acd00000| Complete 
| 206|0x00000000ace00000, 0x00000000acf00000, 0x00000000acf00000|100%| E|CS|TAMS 0x00000000ace00000| PB 0x00000000ace00000| Complete 
| 207|0x00000000acf00000, 0x00000000ad000000, 0x00000000ad000000|100%| E|CS|TAMS 0x00000000acf00000| PB 0x00000000acf00000| Complete 
| 208|0x00000000ad000000, 0x00000000ad100000, 0x00000000ad100000|100%| E|CS|TAMS 0x00000000ad000000| PB 0x00000000ad000000| Complete 
| 209|0x00000000ad100000, 0x00000000ad200000, 0x00000000ad200000|100%| E|CS|TAMS 0x00000000ad100000| PB 0x00000000ad100000| Complete 
| 210|0x00000000ad200000, 0x00000000ad300000, 0x00000000ad300000|100%| E|CS|TAMS 0x00000000ad200000| PB 0x00000000ad200000| Complete 
| 211|0x00000000ad300000, 0x00000000ad400000, 0x00000000ad400000|100%| E|CS|TAMS 0x00000000ad300000| PB 0x00000000ad300000| Complete 
| 212|0x00000000ad400000, 0x00000000ad500000, 0x00000000ad500000|100%| E|CS|TAMS 0x00000000ad400000| PB 0x00000000ad400000| Complete 
| 213|0x00000000ad500000, 0x00000000ad600000, 0x00000000ad600000|100%| E|CS|TAMS 0x00000000ad500000| PB 0x00000000ad500000| Complete 
| 214|0x00000000ad600000, 0x00000000ad700000, 0x00000000ad700000|100%| E|CS|TAMS 0x00000000ad600000| PB 0x00000000ad600000| Complete 
| 215|0x00000000ad700000, 0x00000000ad800000, 0x00000000ad800000|100%| E|CS|TAMS 0x00000000ad700000| PB 0x00000000ad700000| Complete 
| 216|0x00000000ad800000, 0x00000000ad900000, 0x00000000ad900000|100%| E|CS|TAMS 0x00000000ad800000| PB 0x00000000ad800000| Complete 
| 217|0x00000000ad900000, 0x00000000ada00000, 0x00000000ada00000|100%| E|CS|TAMS 0x00000000ad900000| PB 0x00000000ad900000| Complete 
| 218|0x00000000ada00000, 0x00000000adb00000, 0x00000000adb00000|100%| E|CS|TAMS 0x00000000ada00000| PB 0x00000000ada00000| Complete 
| 219|0x00000000adb00000, 0x00000000adc00000, 0x00000000adc00000|100%| E|CS|TAMS 0x00000000adb00000| PB 0x00000000adb00000| Complete 
| 220|0x00000000adc00000, 0x00000000add00000, 0x00000000add00000|100%| E|CS|TAMS 0x00000000adc00000| PB 0x00000000adc00000| Complete 
| 221|0x00000000add00000, 0x00000000ade00000, 0x00000000ade00000|100%| E|CS|TAMS 0x00000000add00000| PB 0x00000000add00000| Complete 
| 222|0x00000000ade00000, 0x00000000adf00000, 0x00000000adf00000|100%| E|CS|TAMS 0x00000000ade00000| PB 0x00000000ade00000| Complete 
| 223|0x00000000adf00000, 0x00000000ae000000, 0x00000000ae000000|100%| E|CS|TAMS 0x00000000adf00000| PB 0x00000000adf00000| Complete 
| 224|0x00000000ae000000, 0x00000000ae100000, 0x00000000ae100000|100%| E|CS|TAMS 0x00000000ae000000| PB 0x00000000ae000000| Complete 
| 225|0x00000000ae100000, 0x00000000ae200000, 0x00000000ae200000|100%| E|CS|TAMS 0x00000000ae100000| PB 0x00000000ae100000| Complete 
| 226|0x00000000ae200000, 0x00000000ae300000, 0x00000000ae300000|100%| E|CS|TAMS 0x00000000ae200000| PB 0x00000000ae200000| Complete 
| 227|0x00000000ae300000, 0x00000000ae400000, 0x00000000ae400000|100%| E|CS|TAMS 0x00000000ae300000| PB 0x00000000ae300000| Complete 
| 228|0x00000000ae400000, 0x00000000ae500000, 0x00000000ae500000|100%| E|CS|TAMS 0x00000000ae400000| PB 0x00000000ae400000| Complete 
| 229|0x00000000ae500000, 0x00000000ae600000, 0x00000000ae600000|100%| E|CS|TAMS 0x00000000ae500000| PB 0x00000000ae500000| Complete 
| 230|0x00000000ae600000, 0x00000000ae700000, 0x00000000ae700000|100%| E|CS|TAMS 0x00000000ae600000| PB 0x00000000ae600000| Complete 
| 231|0x00000000ae700000, 0x00000000ae800000, 0x00000000ae800000|100%| E|CS|TAMS 0x00000000ae700000| PB 0x00000000ae700000| Complete 
| 232|0x00000000ae800000, 0x00000000ae900000, 0x00000000ae900000|100%| E|CS|TAMS 0x00000000ae800000| PB 0x00000000ae800000| Complete 
| 233|0x00000000ae900000, 0x00000000aea00000, 0x00000000aea00000|100%| E|CS|TAMS 0x00000000ae900000| PB 0x00000000ae900000| Complete 
| 234|0x00000000aea00000, 0x00000000aeb00000, 0x00000000aeb00000|100%| E|CS|TAMS 0x00000000aea00000| PB 0x00000000aea00000| Complete 
| 235|0x00000000aeb00000, 0x00000000aec00000, 0x00000000aec00000|100%| E|CS|TAMS 0x00000000aeb00000| PB 0x00000000aeb00000| Complete 
| 236|0x00000000aec00000, 0x00000000aed00000, 0x00000000aed00000|100%| E|CS|TAMS 0x00000000aec00000| PB 0x00000000aec00000| Complete 
| 237|0x00000000aed00000, 0x00000000aee00000, 0x00000000aee00000|100%| E|CS|TAMS 0x00000000aed00000| PB 0x00000000aed00000| Complete 

Card table byte_map: [0x000001b37bf80000,0x000001b37c280000] _byte_map_base: 0x000001b37ba80000

Marking Bits: (CMBitMap*) 0x000001b3733a4b50
 Bits: [0x000001b37c580000, 0x000001b37dd80000)

Polling page: 0x000001b372b10000

Metaspace:

Usage:
  Non-class:     15.91 MB used.
      Class:      2.69 MB used.
       Both:     18.60 MB used.

Virtual space:
  Non-class space:       64.00 MB reserved,      16.25 MB ( 25%) committed,  1 nodes.
      Class space:        1.00 GB reserved,       3.00 MB ( <1%) committed,  1 nodes.
             Both:        1.06 GB reserved,      19.25 MB (  2%) committed. 

Chunk freelists:
   Non-Class:  3.57 MB
       Class:  1.03 MB
        Both:  4.60 MB

MaxMetaspaceSize: unlimited
CompressedClassSpaceSize: 1.00 GB
Initial GC threshold: 21.00 MB
Current GC threshold: 21.00 MB
CDS: on
MetaspaceReclaimPolicy: balanced
 - commit_granule_bytes: 65536.
 - commit_granule_words: 8192.
 - virtual_space_node_default_size: 8388608.
 - enlarge_chunks_in_place: 1.
 - new_chunks_are_fully_committed: 0.
 - uncommit_free_chunks: 1.
 - use_allocation_guard: 0.


Internal statistics:

num_allocs_failed_limit: 0.
num_arena_births: 958.
num_arena_deaths: 0.
num_vsnodes_births: 2.
num_vsnodes_deaths: 0.
num_space_committed: 308.
num_space_uncommitted: 0.
num_chunks_returned_to_freelist: 0.
num_chunks_taken_from_freelist: 1678.
num_chunk_merges: 0.
num_chunk_splits: 1111.
num_chunks_enlarged: 735.
num_inconsistent_stats: 0.

CodeHeap 'non-profiled nmethods': size=119168Kb used=1357Kb max_used=1357Kb free=117810Kb
 bounds [0x000001b307ba0000, 0x000001b307e10000, 0x000001b30f000000]
CodeHeap 'profiled nmethods': size=119104Kb used=6153Kb max_used=6153Kb free=112950Kb
 bounds [0x000001b300000000, 0x000001b300610000, 0x000001b307450000]
CodeHeap 'non-nmethods': size=7488Kb used=3232Kb max_used=3282Kb free=4255Kb
 bounds [0x000001b307450000, 0x000001b3077a0000, 0x000001b307ba0000]
 total_blobs=3582 nmethods=3021 adapters=468
 compilation: enabled
              stopped_count=0, restarted_count=0
 full_count=0

Compilation events (20 events):
Event: 5.537 Thread 0x000001b30ff1c290 nmethod 3010 0x000001b3005f4710 code [0x000001b3005f48e0, 0x000001b3005f4dc0]
Event: 5.537 Thread 0x000001b3146b7e40 nmethod 3011 0x000001b3005f4f10 code [0x000001b3005f5120, 0x000001b3005f58f8]
Event: 5.537 Thread 0x000001b30ff1c290 3013       3       org.objectweb.asm.Frame::pop (53 bytes)
Event: 5.537 Thread 0x000001b3146b7e40 3014       3       org.objectweb.asm.Frame::getConcreteOutputType (111 bytes)
Event: 5.537 Thread 0x000001b3146b7e40 nmethod 3014 0x000001b3005f5c10 code [0x000001b3005f5dc0, 0x000001b3005f61a8]
Event: 5.537 Thread 0x000001b3146b7e40 3015       1       org.objectweb.asm.SymbolTable::getClassName (5 bytes)
Event: 5.538 Thread 0x000001b3146b7e40 nmethod 3015 0x000001b307cdfd10 code [0x000001b307cdfe80, 0x000001b307cdff48]
Event: 5.538 Thread 0x000001b30ff1c290 nmethod 3013 0x000001b3005f6310 code [0x000001b3005f6540, 0x000001b3005f6cb8]
Event: 5.538 Thread 0x000001b30ff1c290 3016       3       org.objectweb.asm.MethodWriter::visitLabel (328 bytes)
Event: 5.538 Thread 0x000001b30fde4500 nmethod 3008 0x000001b3005f7010 code [0x000001b3005f7340, 0x000001b3005f83d8]
Event: 5.538 Thread 0x000001b3146b7e40 3017       3       org.objectweb.asm.Handler::getExceptionTableSize (10 bytes)
Event: 5.538 Thread 0x000001b30fde4500 3018       1       org.objectweb.asm.MethodWriter::hasAsmInstructions (5 bytes)
Event: 5.538 Thread 0x000001b30fde4500 nmethod 3018 0x000001b307ce0010 code [0x000001b307ce0180, 0x000001b307ce0250]
Event: 5.538 Thread 0x000001b3146b7e40 nmethod 3017 0x000001b3005f8a10 code [0x000001b3005f8ba0, 0x000001b3005f8da0]
Event: 5.539 Thread 0x000001b30ff1c290 nmethod 3016 0x000001b3005f8e90 code [0x000001b3005f9100, 0x000001b3005f9e60]
Event: 5.541 Thread 0x000001b30fde4500 3019       3       jdk.internal.reflect.MethodHandleAccessorFactory::slotCount (75 bytes)
Event: 5.541 Thread 0x000001b30ff1bd00 nmethod 3009 0x000001b3005fa110 code [0x000001b3005fa8e0, 0x000001b3005fe5e0]
Event: 5.541 Thread 0x000001b30fde4500 nmethod 3019 0x000001b3005ffb90 code [0x000001b3005ffd60, 0x000001b300600238]
Event: 5.545 Thread 0x000001b30ff1bd00 3021       3       java.lang.ClassLoader::getParent (32 bytes)
Event: 5.545 Thread 0x000001b30ff1bd00 nmethod 3021 0x000001b300600390 code [0x000001b300600540, 0x000001b3006007a8]

GC Heap History (4 events):
Event: 1.176 GC heap before
{Heap before GC invocations=0 (full 0):
 garbage-first heap   total 243712K, used 26624K [0x00000000a0000000, 0x0000000100000000)
  region size 1024K, 23 young (23552K), 0 survivors (0K)
 Metaspace       used 3109K, committed 3328K, reserved 1114112K
  class space    used 381K, committed 448K, reserved 1048576K
}
Event: 1.181 GC heap after
{Heap after GC invocations=1 (full 0):
 garbage-first heap   total 243712K, used 10323K [0x00000000a0000000, 0x0000000100000000)
  region size 1024K, 3 young (3072K), 3 survivors (3072K)
 Metaspace       used 3109K, committed 3328K, reserved 1114112K
  class space    used 381K, committed 448K, reserved 1048576K
}
Event: 2.170 GC heap before
{Heap before GC invocations=1 (full 0):
 garbage-first heap   total 243712K, used 40019K [0x00000000a0000000, 0x0000000100000000)
  region size 1024K, 32 young (32768K), 3 survivors (3072K)
 Metaspace       used 4048K, committed 4224K, reserved 1114112K
  class space    used 477K, committed 576K, reserved 1048576K
}
Event: 2.176 GC heap after
{Heap after GC invocations=2 (full 0):
 garbage-first heap   total 243712K, used 14562K [0x00000000a0000000, 0x0000000100000000)
  region size 1024K, 4 young (4096K), 4 survivors (4096K)
 Metaspace       used 4048K, committed 4224K, reserved 1114112K
  class space    used 477K, committed 576K, reserved 1048576K
}

Dll operation events (13 events):
Event: 0.012 Loaded shared library C:\Program Files\Java\jdk-20\bin\java.dll
Event: 0.026 Loaded shared library C:\Program Files\Java\jdk-20\bin\jsvml.dll
Event: 0.097 Loaded shared library C:\Program Files\Java\jdk-20\bin\net.dll
Event: 0.100 Loaded shared library C:\Program Files\Java\jdk-20\bin\nio.dll
Event: 0.108 Loaded shared library C:\Program Files\Java\jdk-20\bin\zip.dll
Event: 0.464 Loaded shared library C:\Program Files\Java\jdk-20\bin\jimage.dll
Event: 0.588 Loaded shared library C:\Program Files\Java\jdk-20\bin\verify.dll
Event: 0.891 Loaded shared library C:\Users\Pc\.gradle\native\68d5fa5c4cc2d200863cafc0d521ce42e7d3e7ee720ec0a83991735586a16f82\windows-amd64\native-platform.dll
Event: 0.911 Loaded shared library C:\Users\Pc\.gradle\native\e376f236ea51e6404a007f0833ffe2c6e607c4080706a723a18a27aeea778392\windows-amd64\native-platform-file-events.dll
Event: 2.556 Loaded shared library C:\Program Files\Java\jdk-20\bin\management.dll
Event: 2.561 Loaded shared library C:\Program Files\Java\jdk-20\bin\management_ext.dll
Event: 2.941 Loaded shared library C:\Program Files\Java\jdk-20\bin\extnet.dll
Event: 3.493 Loaded shared library C:\Program Files\Java\jdk-20\bin\sunmscapi.dll

Deoptimization events (20 events):
Event: 5.064 Thread 0x000001b315eb0210 Uncommon trap: trap_request=0xffffffcc fr.pc=0x000001b307cc1c54 relative=0x0000000000000334
Event: 5.064 Thread 0x000001b315eb0210 Uncommon trap: reason=intrinsic_or_type_checked_inlining action=make_not_entrant pc=0x000001b307cc1c54 method=java.util.Arrays.copyOf([Ljava/lang/Object;ILjava/lang/Class;)[Ljava/lang/Object; @ 35 c2
Event: 5.064 Thread 0x000001b315eb0210 DEOPT PACKING pc=0x000001b307cc1c54 sp=0x000000143a5fbb30
Event: 5.064 Thread 0x000001b315eb0210 DEOPT UNPACKING pc=0x000001b3074b9d22 sp=0x000000143a5fbac0 mode 2
Event: 5.079 Thread 0x000001b315eb0210 DEOPT PACKING pc=0x000001b30043e9c1 sp=0x000000143a5fa8e0
Event: 5.079 Thread 0x000001b315eb0210 DEOPT UNPACKING pc=0x000001b3074ba4c2 sp=0x000000143a5f9df0 mode 0
Event: 5.084 Thread 0x000001b315eb0210 Uncommon trap: trap_request=0xffffff45 fr.pc=0x000001b307cbe990 relative=0x0000000000000110
Event: 5.084 Thread 0x000001b315eb0210 Uncommon trap: reason=unstable_if action=reinterpret pc=0x000001b307cbe990 method=java.util.Arrays.equals([Ljava/lang/Object;[Ljava/lang/Object;)Z @ 44 c2
Event: 5.084 Thread 0x000001b315eb0210 DEOPT PACKING pc=0x000001b307cbe990 sp=0x000000143a5fb790
Event: 5.084 Thread 0x000001b315eb0210 DEOPT UNPACKING pc=0x000001b3074b9d22 sp=0x000000143a5fb730 mode 2
Event: 5.084 Thread 0x000001b315eb0210 Uncommon trap: trap_request=0xffffff45 fr.pc=0x000001b307c9ceec relative=0x00000000000001cc
Event: 5.084 Thread 0x000001b315eb0210 Uncommon trap: reason=unstable_if action=reinterpret pc=0x000001b307c9ceec method=java.util.HashMap.getNode(Ljava/lang/Object;)Ljava/util/HashMap$Node; @ 131 c2
Event: 5.084 Thread 0x000001b315eb0210 DEOPT PACKING pc=0x000001b307c9ceec sp=0x000000143a5fb850
Event: 5.084 Thread 0x000001b315eb0210 DEOPT UNPACKING pc=0x000001b3074b9d22 sp=0x000000143a5fb760 mode 2
Event: 5.084 Thread 0x000001b315eb0210 Uncommon trap: trap_request=0xffffff45 fr.pc=0x000001b307ccd7bc relative=0x000000000000021c
Event: 5.084 Thread 0x000001b315eb0210 Uncommon trap: reason=unstable_if action=reinterpret pc=0x000001b307ccd7bc method=java.util.HashMap.getNode(Ljava/lang/Object;)Ljava/util/HashMap$Node; @ 131 c2
Event: 5.084 Thread 0x000001b315eb0210 DEOPT PACKING pc=0x000001b307ccd7bc sp=0x000000143a5fb7e0
Event: 5.084 Thread 0x000001b315eb0210 DEOPT UNPACKING pc=0x000001b3074b9d22 sp=0x000000143a5fb760 mode 2
Event: 5.120 Thread 0x000001b315eb0210 DEOPT PACKING pc=0x000001b30043e9e2 sp=0x000000143a5fab80
Event: 5.120 Thread 0x000001b315eb0210 DEOPT UNPACKING pc=0x000001b3074ba4c2 sp=0x000000143a5fa090 mode 0

Classes loaded (20 events):
Event: 4.726 Loading class java/io/ObjectOutputStream
Event: 4.726 Loading class java/io/ObjectOutput
Event: 4.726 Loading class java/io/ObjectOutput done
Event: 4.726 Loading class java/io/ObjectStreamConstants
Event: 4.726 Loading class java/io/ObjectStreamConstants done
Event: 4.726 Loading class java/io/ObjectOutputStream done
Event: 4.727 Loading class java/io/ObjectInputStream
Event: 4.727 Loading class java/io/ObjectInput
Event: 4.727 Loading class java/io/ObjectInput done
Event: 4.728 Loading class java/io/ObjectInputStream done
Event: 4.984 Loading class javax/xml/parsers/ParserConfigurationException
Event: 4.984 Loading class javax/xml/parsers/ParserConfigurationException done
Event: 4.984 Loading class org/xml/sax/SAXException
Event: 4.984 Loading class org/xml/sax/SAXException done
Event: 4.984 Loading class javax/xml/xpath/XPathExpressionException
Event: 4.985 Loading class javax/xml/xpath/XPathException
Event: 4.985 Loading class javax/xml/xpath/XPathException done
Event: 4.985 Loading class javax/xml/xpath/XPathExpressionException done
Event: 4.986 Loading class org/xml/sax/ErrorHandler
Event: 4.986 Loading class org/xml/sax/ErrorHandler done

Classes unloaded (0 events):
No events

Classes redefined (0 events):
No events

Internal exceptions (20 events):
Event: 4.427 Thread 0x000001b315eb0210 Exception <a 'java/lang/NoSuchMethodError'{0x00000000abd644e0}: 'java.lang.Object java.lang.invoke.DirectMethodHandle$Holder.invokeStatic(java.lang.Object, java.lang.Object, java.lang.Object, java.lang.Object, java.lang.Object, java.lang.Object, java.lang.Object, java.lang.Object, java.lang.Object, java.lang.Object, java.lang.Object, java.lang.Object, java.lang.Object, java.lang.Object, java.lang.Object, java.lang.Object, java.lang.Object, java.lang.Object, java.lang.Object, java.lang.Object)'> (0x00000000
Event: 4.431 Thread 0x000001b315eb0210 Exception <a 'java/lang/NoSuchMethodError'{0x00000000abd8eca8}: 'java.lang.Object java.lang.invoke.DirectMethodHandle$Holder.invokeStatic(java.lang.Object, java.lang.Object, java.lang.Object, java.lang.Object, java.lang.Object, java.lang.Object, java.lang.Object, java.lang.Object, java.lang.Object, java.lang.Object, java.lang.Object, java.lang.Object, java.lang.Object, java.lang.Object, java.lang.Object, java.lang.Object, java.lang.Object, java.lang.Object, java.lang.Object, java.lang.Object, java.lang.Obj
Event: 4.438 Thread 0x000001b315eb0210 Exception <a 'java/lang/NoSuchMethodError'{0x00000000abdb9cb8}: 'java.lang.Object java.lang.invoke.DirectMethodHandle$Holder.invokeStatic(java.lang.Object, java.lang.Object, java.lang.Object, java.lang.Object, java.lang.Object, java.lang.Object, java.lang.Object, java.lang.Object, java.lang.Object, java.lang.Object, java.lang.Object, java.lang.Object, java.lang.Object, java.lang.Object, java.lang.Object, java.lang.Object, java.lang.Object, java.lang.Object, java.lang.Object, java.lang.Object, java.lang.Obj
Event: 4.444 Thread 0x000001b315eb0210 Exception <a 'java/lang/NoSuchMethodError'{0x00000000abde5ad0}: 'java.lang.Object java.lang.invoke.DirectMethodHandle$Holder.invokeStatic(java.lang.Object, java.lang.Object, java.lang.Object, java.lang.Object, java.lang.Object, java.lang.Object, java.lang.Object, java.lang.Object, java.lang.Object, java.lang.Object, java.lang.Object, java.lang.Object, java.lang.Object, java.lang.Object, java.lang.Object, java.lang.Object, java.lang.Object, java.lang.Object, java.lang.Object, java.lang.Object, java.lang.Obj
Event: 4.448 Thread 0x000001b315eb0210 Exception <a 'java/lang/NoSuchMethodError'{0x00000000abc12b28}: 'java.lang.Object java.lang.invoke.DirectMethodHandle$Holder.invokeStatic(java.lang.Object, java.lang.Object, java.lang.Object, java.lang.Object, java.lang.Object, java.lang.Object, java.lang.Object, java.lang.Object, java.lang.Object, java.lang.Object, java.lang.Object, java.lang.Object, java.lang.Object, java.lang.Object, java.lang.Object, java.lang.Object, java.lang.Object, java.lang.Object, java.lang.Object, java.lang.Object, java.lang.Obj
Event: 4.452 Thread 0x000001b315eb0210 Exception <a 'java/lang/NoSuchMethodError'{0x00000000abc40ea8}: 'java.lang.Object java.lang.invoke.DirectMethodHandle$Holder.invokeStatic(java.lang.Object, java.lang.Object, java.lang.Object, java.lang.Object, java.lang.Object, java.lang.Object, java.lang.Object, java.lang.Object, java.lang.Object, java.lang.Object, java.lang.Object, java.lang.Object, java.lang.Object, java.lang.Object, java.lang.Object, java.lang.Object, java.lang.Object, java.lang.Object, java.lang.Object, java.lang.Object, java.lang.Obj
Event: 4.618 Thread 0x000001b315eb0210 Exception <a 'java/lang/IncompatibleClassChangeError'{0x00000000ab821a38}: Found class java.lang.Object, but interface was expected> (0x00000000ab821a38) 
thrown [s\open\src\hotspot\share\interpreter\linkResolver.cpp, line 840]
Event: 4.697 Thread 0x000001b315eb0210 Exception <a 'java/lang/NoSuchMethodError'{0x00000000ab676338}: 'int java.lang.invoke.DirectMethodHandle$Holder.invokeSpecialIFC(java.lang.Object, java.lang.Object, java.lang.Object, java.lang.Object)'> (0x00000000ab676338) 
thrown [s\open\src\hotspot\share\interpreter\linkResolver.cpp, line 773]
Event: 4.701 Thread 0x000001b315eb0210 Exception <a 'java/lang/NoSuchMethodError'{0x00000000ab68b4c8}: 'java.lang.Object java.lang.invoke.DirectMethodHandle$Holder.invokeInterface(java.lang.Object, java.lang.Object, java.lang.Object)'> (0x00000000ab68b4c8) 
thrown [s\open\src\hotspot\share\interpreter\linkResolver.cpp, line 773]
Event: 4.701 Thread 0x000001b315eb0210 Exception <a 'java/lang/IncompatibleClassChangeError'{0x00000000ab68ee10}: Found class java.lang.Object, but interface was expected> (0x00000000ab68ee10) 
thrown [s\open\src\hotspot\share\interpreter\linkResolver.cpp, line 840]
Event: 4.707 Thread 0x000001b315eb0210 Exception <a 'java/lang/NoSuchMethodError'{0x00000000ab6a08d0}: 'java.lang.Object java.lang.invoke.DirectMethodHandle$Holder.newInvokeSpecial(java.lang.Object, java.lang.Object, java.lang.Object, java.lang.Object, java.lang.Object, java.lang.Object, java.lang.Object, java.lang.Object, java.lang.Object, java.lang.Object)'> (0x00000000ab6a08d0) 
thrown [s\open\src\hotspot\share\interpreter\linkResolver.cpp, line 773]
Event: 4.746 Thread 0x000001b315eb0210 Exception <a 'java/lang/NoSuchMethodError'{0x00000000ab5a6a90}: 'java.lang.Object java.lang.invoke.DirectMethodHandle$Holder.invokeVirtual(java.lang.Object, java.lang.Object, java.lang.Object, java.lang.Object, java.lang.Object, java.lang.Object, java.lang.Object, java.lang.Object, java.lang.Object, java.lang.Object, java.lang.Object, java.lang.Object, java.lang.Object, java.lang.Object, java.lang.Object, java.lang.Object, java.lang.Object, java.lang.Object, java.lang.Object, java.lang.Object, java.lang.Ob
Event: 4.747 Thread 0x000001b315eb0210 Exception <a 'java/lang/NoSuchMethodError'{0x00000000ab5ac740}: 'java.lang.Object java.lang.invoke.DirectMethodHandle$Holder.invokeSpecial(java.lang.Object, java.lang.Object, java.lang.Object, java.lang.Object, java.lang.Object, java.lang.Object, java.lang.Object, java.lang.Object, java.lang.Object, java.lang.Object, java.lang.Object, java.lang.Object, java.lang.Object, java.lang.Object, java.lang.Object, java.lang.Object, java.lang.Object, java.lang.Object, java.lang.Object, java.lang.Object, java.lang.Ob
Event: 4.747 Thread 0x000001b315eb0210 Exception <a 'java/lang/NoSuchMethodError'{0x00000000ab5b1b70}: 'java.lang.Object java.lang.invoke.DelegatingMethodHandle$Holder.reinvoke_L(java.lang.Object, java.lang.Object, java.lang.Object, java.lang.Object, java.lang.Object, java.lang.Object, java.lang.Object, java.lang.Object, java.lang.Object, java.lang.Object, java.lang.Object, java.lang.Object, java.lang.Object, java.lang.Object, java.lang.Object, java.lang.Object, java.lang.Object, java.lang.Object, java.lang.Object, java.lang.Object, java.lang.O
Event: 4.765 Thread 0x000001b315eb0210 Exception <a 'java/lang/NoSuchMethodError'{0x00000000ab45f960}: 'int java.lang.invoke.DirectMethodHandle$Holder.invokeStatic(java.lang.Object, java.lang.Object, java.lang.Object, java.lang.Object)'> (0x00000000ab45f960) 
thrown [s\open\src\hotspot\share\interpreter\linkResolver.cpp, line 773]
Event: 4.866 Thread 0x000001b315eb0210 Exception <a 'java/lang/NoSuchMethodError'{0x00000000ab14c4d8}: 'java.lang.Object java.lang.invoke.DirectMethodHandle$Holder.invokeSpecial(java.lang.Object, java.lang.Object, java.lang.Object, java.lang.Object, java.lang.Object, java.lang.Object, java.lang.Object, java.lang.Object, java.lang.Object, java.lang.Object, java.lang.Object, java.lang.Object, java.lang.Object, java.lang.Object, java.lang.Object, java.lang.Object, java.lang.Object, java.lang.Object, java.lang.Object, java.lang.Object, java.lang.Ob
Event: 5.020 Thread 0x000001b315eb0210 Exception <a 'java/lang/NoSuchMethodError'{0x00000000aad9e2f8}: 'void java.lang.invoke.DirectMethodHandle$Holder.invokeStatic(java.lang.Object, java.lang.Object)'> (0x00000000aad9e2f8) 
thrown [s\open\src\hotspot\share\interpreter\linkResolver.cpp, line 773]
Event: 5.100 Thread 0x000001b315eb0210 Exception <a 'java/lang/NoSuchMethodError'{0x00000000aaa07be8}: 'java.lang.Object java.lang.invoke.DirectMethodHandle$Holder.newInvokeSpecial(java.lang.Object, java.lang.Object, java.lang.Object, java.lang.Object, java.lang.Object, java.lang.Object, java.lang.Object)'> (0x00000000aaa07be8) 
thrown [s\open\src\hotspot\share\interpreter\linkResolver.cpp, line 773]
Event: 5.505 Thread 0x000001b315eb0210 Exception <a 'java/lang/NoSuchMethodError'{0x00000000aa008eb0}: 'void java.lang.invoke.DirectMethodHandle$Holder.invokeStaticInit(java.lang.Object, java.lang.Object)'> (0x00000000aa008eb0) 
thrown [s\open\src\hotspot\share\interpreter\linkResolver.cpp, line 773]
Event: 5.541 Thread 0x000001b315eb0210 Exception <a 'java/lang/NoSuchMethodError'{0x00000000aa0b4850}: 'java.lang.Object java.lang.invoke.DirectMethodHandle$Holder.newInvokeSpecial(java.lang.Object, java.lang.Object, java.lang.Object, java.lang.Object, java.lang.Object, java.lang.Object, java.lang.Object, java.lang.Object)'> (0x00000000aa0b4850) 
thrown [s\open\src\hotspot\share\interpreter\linkResolver.cpp, line 773]

VM Operations (20 events):
Event: 2.804 Executing VM operation: HandshakeAllThreads
Event: 2.804 Executing VM operation: HandshakeAllThreads done
Event: 2.913 Executing VM operation: HandshakeAllThreads
Event: 2.913 Executing VM operation: HandshakeAllThreads done
Event: 3.369 Executing VM operation: HandshakeAllThreads
Event: 3.369 Executing VM operation: HandshakeAllThreads done
Event: 3.369 Executing VM operation: Cleanup
Event: 3.369 Executing VM operation: Cleanup done
Event: 3.448 Executing VM operation: HandshakeAllThreads
Event: 3.448 Executing VM operation: HandshakeAllThreads done
Event: 4.232 Executing VM operation: HandshakeAllThreads
Event: 4.232 Executing VM operation: HandshakeAllThreads done
Event: 4.441 Executing VM operation: ICBufferFull
Event: 4.441 Executing VM operation: ICBufferFull done
Event: 4.464 Executing VM operation: HandshakeAllThreads
Event: 4.464 Executing VM operation: HandshakeAllThreads done
Event: 4.465 Executing VM operation: HandshakeAllThreads
Event: 4.465 Executing VM operation: HandshakeAllThreads done
Event: 5.480 Executing VM operation: Cleanup
Event: 5.480 Executing VM operation: Cleanup done

Events (20 events):
Event: 3.417 Thread 0x000001b315f4f0f0 Thread added: 0x000001b315f4f0f0
Event: 3.463 Thread 0x000001b315f287e0 Thread added: 0x000001b315f287e0
Event: 3.532 Thread 0x000001b315eafcc0 Thread added: 0x000001b315eafcc0
Event: 3.536 Thread 0x000001b315eaecd0 Thread added: 0x000001b315eaecd0
Event: 3.580 Thread 0x000001b315eaf770 Thread added: 0x000001b315eaf770
Event: 3.585 Thread 0x000001b315f287e0 Thread exited: 0x000001b315f287e0
Event: 3.589 Thread 0x000001b315eb0210 Thread added: 0x000001b315eb0210
Event: 3.603 Thread 0x000001b315eaf220 Thread added: 0x000001b315eaf220
Event: 3.609 Thread 0x000001b315d9d050 Thread added: 0x000001b315d9d050
Event: 3.622 Thread 0x000001b315d9f030 Thread added: 0x000001b315d9f030
Event: 3.674 Thread 0x000001b315f287e0 Thread added: 0x000001b315f287e0
Event: 3.788 Thread 0x000001b315f287e0 Thread exited: 0x000001b315f287e0
Event: 4.233 Thread 0x000001b315d980a0 Thread added: 0x000001b315d980a0
Event: 4.248 Thread 0x000001b315d9b070 Thread added: 0x000001b315d9b070
Event: 4.408 Thread 0x000001b315f78860 Thread added: 0x000001b315f78860
Event: 4.655 Thread 0x000001b315d9a5d0 Thread added: 0x000001b315d9a5d0
Event: 4.867 Thread 0x000001b315f78860 Thread exited: 0x000001b315f78860
Event: 4.992 Thread 0x000001b3161c3ea0 Thread added: 0x000001b3161c3ea0
Event: 5.085 Thread 0x000001b3162d6600 Thread added: 0x000001b3162d6600
Event: 5.423 Thread 0x000001b3164c07f0 Thread added: 0x000001b3164c07f0


Dynamic libraries:
0x00007ff627fa0000 - 0x00007ff627fb0000 	C:\Program Files\Java\jdk-20\bin\java.exe
0x00007ffd167b0000 - 0x00007ffd169c7000 	C:\WINDOWS\SYSTEM32\ntdll.dll
0x00007ffd146a0000 - 0x00007ffd14764000 	C:\WINDOWS\System32\KERNEL32.DLL
0x00007ffd13c50000 - 0x00007ffd13ffc000 	C:\WINDOWS\System32\KERNELBASE.dll
0x00007ffd143d0000 - 0x00007ffd144e1000 	C:\WINDOWS\System32\ucrtbase.dll
0x00007ffcf6d50000 - 0x00007ffcf6d69000 	C:\Program Files\Java\jdk-20\bin\jli.dll
0x00007ffcfa320000 - 0x00007ffcfa33b000 	C:\Program Files\Java\jdk-20\bin\VCRUNTIME140.dll
0x00007ffd15360000 - 0x00007ffd15412000 	C:\WINDOWS\System32\ADVAPI32.dll
0x00007ffd15130000 - 0x00007ffd151d7000 	C:\WINDOWS\System32\msvcrt.dll
0x00007ffd145f0000 - 0x00007ffd1469a000 	C:\WINDOWS\System32\sechost.dll
0x00007ffd14150000 - 0x00007ffd14178000 	C:\WINDOWS\System32\bcrypt.dll
0x00007ffd151e0000 - 0x00007ffd152f5000 	C:\WINDOWS\System32\RPCRT4.dll
0x00007ffd158a0000 - 0x00007ffd15a4e000 	C:\WINDOWS\System32\USER32.dll
0x00007ffd14120000 - 0x00007ffd14146000 	C:\WINDOWS\System32\win32u.dll
0x00007ffcf8e70000 - 0x00007ffcf9103000 	C:\WINDOWS\WinSxS\amd64_microsoft.windows.common-controls_6595b64144ccf1df_6.0.22621.3672_none_2713b9d173822955\COMCTL32.dll
0x00007ffd16120000 - 0x00007ffd16149000 	C:\WINDOWS\System32\GDI32.dll
0x00007ffd141f0000 - 0x00007ffd14309000 	C:\WINDOWS\System32\gdi32full.dll
0x00007ffd14080000 - 0x00007ffd1411a000 	C:\WINDOWS\System32\msvcp_win.dll
0x00007ffd0c130000 - 0x00007ffd0c13a000 	C:\WINDOWS\SYSTEM32\VERSION.dll
0x00007ffd16050000 - 0x00007ffd16081000 	C:\WINDOWS\System32\IMM32.DLL
0x00007ffcffa50000 - 0x00007ffcffa5c000 	C:\Program Files\Java\jdk-20\bin\vcruntime140_1.dll
0x00007ffce5fb0000 - 0x00007ffce603e000 	C:\Program Files\Java\jdk-20\bin\msvcp140.dll
0x00007ffcbefe0000 - 0x00007ffcbfc77000 	C:\Program Files\Java\jdk-20\bin\server\jvm.dll
0x00007ffd0add0000 - 0x00007ffd0ae04000 	C:\WINDOWS\SYSTEM32\WINMM.dll
0x00007ffd108a0000 - 0x00007ffd108a9000 	C:\WINDOWS\SYSTEM32\WSOCK32.dll
0x00007ffd15e10000 - 0x00007ffd15e81000 	C:\WINDOWS\System32\WS2_32.dll
0x00007ffd12ad0000 - 0x00007ffd12ae8000 	C:\WINDOWS\SYSTEM32\kernel.appcore.dll
0x00007ffcfeeb0000 - 0x00007ffcfeeba000 	C:\Program Files\Java\jdk-20\bin\jimage.dll
0x00007ffd113c0000 - 0x00007ffd115f2000 	C:\WINDOWS\SYSTEM32\DBGHELP.DLL
0x00007ffd162b0000 - 0x00007ffd16638000 	C:\WINDOWS\System32\combase.dll
0x00007ffd15a60000 - 0x00007ffd15b37000 	C:\WINDOWS\System32\OLEAUT32.dll
0x00007ffd04000000 - 0x00007ffd04032000 	C:\WINDOWS\SYSTEM32\dbgcore.DLL
0x00007ffd14000000 - 0x00007ffd1407b000 	C:\WINDOWS\System32\bcryptPrimitives.dll
0x00007ffcf5d70000 - 0x00007ffcf5d96000 	C:\Program Files\Java\jdk-20\bin\java.dll
0x00007ffce3b30000 - 0x00007ffce3c07000 	C:\Program Files\Java\jdk-20\bin\jsvml.dll
0x00007ffd148d0000 - 0x00007ffd1512c000 	C:\WINDOWS\System32\SHELL32.dll
0x00007ffd119e0000 - 0x00007ffd122d7000 	C:\WINDOWS\SYSTEM32\windows.storage.dll
0x00007ffd118a0000 - 0x00007ffd119df000 	C:\WINDOWS\SYSTEM32\wintypes.dll
0x00007ffd16650000 - 0x00007ffd16744000 	C:\WINDOWS\System32\SHCORE.dll
0x00007ffd15d20000 - 0x00007ffd15d7e000 	C:\WINDOWS\System32\shlwapi.dll
0x00007ffd13a10000 - 0x00007ffd13a31000 	C:\WINDOWS\SYSTEM32\profapi.dll
0x00007ffcff6a0000 - 0x00007ffcff6b3000 	C:\Program Files\Java\jdk-20\bin\net.dll
0x00007ffd0bab0000 - 0x00007ffd0bbe6000 	C:\WINDOWS\SYSTEM32\WINHTTP.dll
0x00007ffd12f30000 - 0x00007ffd12f99000 	C:\WINDOWS\system32\mswsock.dll
0x00007ffcf5d30000 - 0x00007ffcf5d46000 	C:\Program Files\Java\jdk-20\bin\nio.dll
0x00007ffcf5d10000 - 0x00007ffcf5d28000 	C:\Program Files\Java\jdk-20\bin\zip.dll
0x00007ffd0aee0000 - 0x00007ffd0aef0000 	C:\Program Files\Java\jdk-20\bin\verify.dll
0x00007ffcffa60000 - 0x00007ffcffa87000 	C:\Users\Pc\.gradle\native\68d5fa5c4cc2d200863cafc0d521ce42e7d3e7ee720ec0a83991735586a16f82\windows-amd64\native-platform.dll
0x00007ffce2a80000 - 0x00007ffce2bc4000 	C:\Users\Pc\.gradle\native\e376f236ea51e6404a007f0833ffe2c6e607c4080706a723a18a27aeea778392\windows-amd64\native-platform-file-events.dll
0x00007ffcfbd20000 - 0x00007ffcfbd2a000 	C:\Program Files\Java\jdk-20\bin\management.dll
0x00007ffcfbb00000 - 0x00007ffcfbb0b000 	C:\Program Files\Java\jdk-20\bin\management_ext.dll
0x00007ffd15e90000 - 0x00007ffd15e98000 	C:\WINDOWS\System32\PSAPI.DLL
0x00007ffd13280000 - 0x00007ffd1329b000 	C:\WINDOWS\SYSTEM32\CRYPTSP.dll
0x00007ffd12a30000 - 0x00007ffd12a65000 	C:\WINDOWS\system32\rsaenh.dll
0x00007ffd12fd0000 - 0x00007ffd12ff8000 	C:\WINDOWS\SYSTEM32\USERENV.dll
0x00007ffd13260000 - 0x00007ffd1326c000 	C:\WINDOWS\SYSTEM32\CRYPTBASE.dll
0x00007ffd12580000 - 0x00007ffd125ad000 	C:\WINDOWS\SYSTEM32\IPHLPAPI.DLL
0x00007ffd15a50000 - 0x00007ffd15a59000 	C:\WINDOWS\System32\NSI.dll
0x00007ffd0c140000 - 0x00007ffd0c159000 	C:\WINDOWS\SYSTEM32\dhcpcsvc6.DLL
0x00007ffd0b810000 - 0x00007ffd0b82f000 	C:\WINDOWS\SYSTEM32\dhcpcsvc.DLL
0x00007ffd12600000 - 0x00007ffd126f8000 	C:\WINDOWS\SYSTEM32\DNSAPI.dll
0x00007ffcfb810000 - 0x00007ffcfb817000 	C:\Program Files\Java\jdk-20\bin\extnet.dll
0x00007ffcfb3b0000 - 0x00007ffcfb3be000 	C:\Program Files\Java\jdk-20\bin\sunmscapi.dll
0x00007ffd13ae0000 - 0x00007ffd13c47000 	C:\WINDOWS\System32\CRYPT32.dll
0x00007ffd133a0000 - 0x00007ffd133ce000 	C:\WINDOWS\SYSTEM32\ncrypt.dll
0x00007ffd13360000 - 0x00007ffd13397000 	C:\WINDOWS\SYSTEM32\NTASN1.dll
0x00007ffd0e8f0000 - 0x00007ffd0e8f8000 	C:\WINDOWS\system32\wshunix.dll

dbghelp: loaded successfully - version: 4.0.5 - missing functions: none
symbol engine: initialized successfully - sym options: 0x614 - pdb path: .;C:\Program Files\Java\jdk-20\bin;C:\WINDOWS\SYSTEM32;C:\WINDOWS\WinSxS\amd64_microsoft.windows.common-controls_6595b64144ccf1df_6.0.22621.3672_none_2713b9d173822955;C:\Program Files\Java\jdk-20\bin\server;C:\Users\Pc\.gradle\native\68d5fa5c4cc2d200863cafc0d521ce42e7d3e7ee720ec0a83991735586a16f82\windows-amd64;C:\Users\Pc\.gradle\native\e376f236ea51e6404a007f0833ffe2c6e607c4080706a723a18a27aeea778392\windows-amd64

VM Arguments:
jvm_args: --add-opens=java.base/java.util=ALL-UNNAMED --add-opens=java.base/java.lang=ALL-UNNAMED --add-opens=java.base/java.lang.invoke=ALL-UNNAMED --add-opens=java.prefs/java.util.prefs=ALL-UNNAMED --add-opens=java.base/java.nio.charset=ALL-UNNAMED --add-opens=java.base/java.net=ALL-UNNAMED --add-opens=java.base/java.util.concurrent.atomic=ALL-UNNAMED -Xmx1536m -Dfile.encoding=UTF-8 -Duser.country=US -Duser.language=en -Duser.variant 
java_command: org.gradle.launcher.daemon.bootstrap.GradleDaemon 8.0
java_class_path (initial): C:\Users\Pc\.gradle\wrapper\dists\gradle-8.0-bin\ca5e32bp14vu59qr306oxotwh\gradle-8.0\lib\gradle-launcher-8.0.jar
Launcher Type: SUN_STANDARD

[Global flags]
     intx CICompilerCount                          = 12                                        {product} {ergonomic}
     uint ConcGCThreads                            = 3                                         {product} {ergonomic}
     uint G1ConcRefinementThreads                  = 13                                        {product} {ergonomic}
   size_t G1HeapRegionSize                         = 1048576                                   {product} {ergonomic}
    uintx GCDrainStackTargetSize                   = 64                                        {product} {ergonomic}
   size_t InitialHeapSize                          = 249561088                                 {product} {ergonomic}
   size_t MarkStackSize                            = 4194304                                   {product} {ergonomic}
   size_t MaxHeapSize                              = 1610612736                                {product} {command line}
   size_t MaxNewSize                               = 965738496                                 {product} {ergonomic}
   size_t MinHeapDeltaBytes                        = 1048576                                   {product} {ergonomic}
   size_t MinHeapSize                              = 8388608                                   {product} {ergonomic}
    uintx NonNMethodCodeHeapSize                   = 7602480                                {pd product} {ergonomic}
    uintx NonProfiledCodeHeapSize                  = 122027880                              {pd product} {ergonomic}
    uintx ProfiledCodeHeapSize                     = 122027880                              {pd product} {ergonomic}
    uintx ReservedCodeCacheSize                    = 251658240                              {pd product} {ergonomic}
     bool SegmentedCodeCache                       = true                                      {product} {ergonomic}
   size_t SoftMaxHeapSize                          = 1610612736                             {manageable} {ergonomic}
     bool UseCompressedClassPointers               = true                           {product lp64_product} {ergonomic}
     bool UseCompressedOops                        = true                           {product lp64_product} {ergonomic}
     bool UseG1GC                                  = true                                      {product} {ergonomic}
     bool UseLargePagesIndividualAllocation        = false                                  {pd product} {ergonomic}

Logging:
Log output configuration:
 #0: stdout all=warning uptime,level,tags foldmultilines=false
 #1: stderr all=off uptime,level,tags foldmultilines=false

Environment Variables:
JAVA_HOME=C:\Program Files\Java\jdk-20
CLASSPATH=C:\Users\Pc\Desktop\project1\\gradle\wrapper\gradle-wrapper.jar
PATH=C:\Users\Pc\AppData\Roaming\Microsoft\Windows\Start Menu\Programs\Python 3.9;C:\Windows\System32\WindowsPowerShell\v1.0;C:\Windows\System32;C:\Program Files\Git\cmd;C:\Windows\System32\wbem;C:\Users\Pc\AppData\Local\Programs\Python\Python39\Scripts\;C:\Users\Pc\AppData\Local\Programs\Python\Python39\;C:\Users\Pc\AppData\Roaming\Microsoft\Windows\Start Menu\Programs\Python 3.9;C:\Program Files\Git\bin\git.exe;C:\Program Files\Git\git-cmd.exe;C:\Windows\System32\WindowsPowerShell\v1.0;C:\Windows\System32;C:\gradle\gradle-7.3.3-all\gradle-7.3.3\bin;C:\Users\Pc\AppData\Local\Programs\Microsoft VS Code\bin;
USERNAME=Pc
OS=Windows_NT
PROCESSOR_IDENTIFIER=AMD64 Family 23 Model 104 Stepping 1, AuthenticAMD
TMP=C:\Users\Pc\AppData\Local\Temp
TEMP=C:\Users\Pc\AppData\Local\Temp




---------------  S Y S T E M  ---------------

OS:
 Windows 11 , 64 bit Build 22621 (10.0.22621.3672)
OS uptime: 9 days 6:16 hours
Hyper-V role detected

CPU: total 16 (initial active 16) (16 cores per cpu, 2 threads per core) family 23 model 104 stepping 1 microcode 0x0, cx8, cmov, fxsr, ht, mmx, 3dnowpref, sse, sse2, sse3, ssse3, sse4a, sse4.1, sse4.2, popcnt, lzcnt, tsc, tscinvbit, avx, avx2, aes, clmul, bmi1, bmi2, adx, sha, fma, vzeroupper, clflush, clflushopt, hv, rdtscp, rdpid, f16c

Memory: 4k page, system-wide physical 15178M (3066M free)
TotalPageFile size 15178M (AvailPageFile size 38M)
current process WorkingSet (physical memory assigned to process): 236M, peak: 245M
current process commit charge ("private bytes"): 446M, peak: 455M

vm_info: Java HotSpot(TM) 64-Bit Server VM (20.0.1+9-29) for windows-amd64 JRE (20.0.1+9-29), built on 2023-03-07T13:56:11Z by "mach5one" with MS VC++ 17.1 (VS2022)

END.
