#
# There is insufficient memory for the Java Runtime Environment to continue.
# Native memory allocation (mmap) failed to map 14680064 bytes for G1 virtual space
# Possible reasons:
#   The system is out of physical RAM or swap space
#   The process is running with CompressedOops enabled, and the Java Heap may be blocking the growth of the native heap
# Possible solutions:
#   Reduce memory load on the system
#   Increase physical memory or swap space
#   Check if swap backing store is full
#   Decrease Java heap size (-Xmx/-Xms)
#   Decrease number of Java threads
#   Decrease Java thread stack sizes (-Xss)
#   Set larger code cache with -XX:ReservedCodeCacheSize=
#   JVM is running with Unscaled Compressed Oops mode in which the Java heap is
#     placed in the first 4GB address space. The Java Heap base address is the
#     maximum limit for the native heap growth. Please use -XX:HeapBaseMinAddress
#     to set the Java Heap base and to place the Java Heap above 4GB virtual address.
# This output file may be truncated or incomplete.
#
#  Out of Memory Error (os_windows.cpp:3769), pid=22736, tid=18876
#
# JRE version: OpenJDK Runtime Environment (17.0.6) (build 17.0.6+0-b2043.56-10027231)
# Java VM: OpenJDK 64-Bit Server VM (17.0.6+0-b2043.56-10027231, mixed mode, tiered, compressed oops, compressed class ptrs, g1 gc, windows-amd64)
# No core dump will be written. Minidumps are not enabled by default on client versions of Windows
#

---------------  S U M M A R Y ------------

Command Line: --add-opens=java.base/java.util=ALL-UNNAMED --add-opens=java.base/java.lang=ALL-UNNAMED --add-opens=java.base/java.lang.invoke=ALL-UNNAMED --add-opens=java.prefs/java.util.prefs=ALL-UNNAMED --add-opens=java.base/java.nio.charset=ALL-UNNAMED --add-opens=java.base/java.net=ALL-UNNAMED --add-opens=java.base/java.util.concurrent.atomic=ALL-UNNAMED -Xmx1536m -Dfile.encoding=windows-1254 -Duser.country=US -Duser.language=en -Duser.variant org.gradle.launcher.daemon.bootstrap.GradleDaemon 8.0

Host: AMD Ryzen 7 5700U with Radeon Graphics         , 16 cores, 14G,  Windows 11 , 64 bit Build 22621 (10.0.22621.3672)
Time: Sun Oct 20 00:10:56 2024 Turkey Standard Time elapsed time: 13.047268 seconds (0d 0h 0m 13s)

---------------  T H R E A D  ---------------

Current thread (0x000001f2f5c2c4e0):  VMThread "VM Thread" [stack: 0x000000dba7000000,0x000000dba7100000] [id=18876]

Stack: [0x000000dba7000000,0x000000dba7100000]
Native frames: (J=compiled Java code, j=interpreted, Vv=VM code, C=native code)
V  [jvm.dll+0x683c9a]
V  [jvm.dll+0x8427a4]
V  [jvm.dll+0x843f9e]
V  [jvm.dll+0x844603]
V  [jvm.dll+0x249b75]
V  [jvm.dll+0x680b69]
V  [jvm.dll+0x67505a]
V  [jvm.dll+0x309acb]
V  [jvm.dll+0x310f86]
V  [jvm.dll+0x3608ee]
V  [jvm.dll+0x360b1f]
V  [jvm.dll+0x2dfbf8]
V  [jvm.dll+0x2ddec4]
V  [jvm.dll+0x2dd4cc]
V  [jvm.dll+0x321f3b]
V  [jvm.dll+0x848ccb]
V  [jvm.dll+0x849a04]
V  [jvm.dll+0x849f1d]
V  [jvm.dll+0x84a2f4]
V  [jvm.dll+0x84a3c0]
V  [jvm.dll+0x7f274a]
V  [jvm.dll+0x682ad5]
C  [ucrtbase.dll+0x29333]
C  [KERNEL32.DLL+0x1257d]
C  [ntdll.dll+0x5af28]

VM_Operation (0x000000dbaadfe2f0): G1CollectForAllocation, mode: safepoint, requested by thread 0x000001f2f8adf880


---------------  P R O C E S S  ---------------

Threads class SMR info:
_java_thread_list=0x000001f2f5ea8c80, length=200, elements={
0x000001f2dbbafed0, 0x000001f2dbbb0870, 0x000001f2dbbaf530, 0x000001f2dbbafa00,
0x000001f2dbbb16e0, 0x000001f2dbbaeb90, 0x000001f2dbbb1bb0, 0x000001f2f5c853e0,
0x000001f2f5c85e80, 0x000001f2f5c8a180, 0x000001f2f5e0eab0, 0x000001f2dbbb03a0,
0x000001f2dbbaf060, 0x000001f2f6d94370, 0x000001f2f5fe36e0, 0x000001f2dbbb2080,
0x000001f2dbbb1210, 0x000001f2dbbae6c0, 0x000001f2f8878360, 0x000001f2f887bd20,
0x000001f2f887a9e0, 0x000001f2f8877e90, 0x000001f2f887a040, 0x000001f2f887a510,
0x000001f2f8878830, 0x000001f2f88796a0, 0x000001f2f88761b0, 0x000001f2f9703730,
0x000001f2f8874e70, 0x000001f2f9647180, 0x000001f2f8877020, 0x000001f2f8875340,
0x000001f2f887aeb0, 0x000001f2f8876680, 0x000001f2f887b380, 0x000001f2f887b850,
0x000001f2f8875810, 0x000001f2f8876b50, 0x000001f2f88774f0, 0x000001f2f88779c0,
0x000001f2f8875ce0, 0x000001f2f8878d00, 0x000001f2f88791d0, 0x000001f2f8879b70,
0x000001f2f887c1f0, 0x000001f2f887c6c0, 0x000001f2f8adf880, 0x000001f2f8adfd50,
0x000001f2f8ae4f20, 0x000001f2f8ade070, 0x000001f2f8ade540, 0x000001f2f8ae2d70,
0x000001f2f8ae1a30, 0x000001f2f8ae3240, 0x000001f2f8ae28a0, 0x000001f2fbc41fd0,
0x000001f2f8ae4580, 0x000001f2f8ae06f0, 0x000001f2f8adea10, 0x000001f2f8ae1f00,
0x000001f2f8adeee0, 0x000001f2f8ae1090, 0x000001f2f8ae0bc0, 0x000001f2f8adf3b0,
0x000001f2f8ae1560, 0x000001f2dbbb0d40, 0x000001f2fc01bfc0, 0x000001f2fc01c490,
0x000001f2fc0229a0, 0x000001f2fc020320, 0x000001f2fc022000, 0x000001f2fc022e70,
0x000001f2fc01baf0, 0x000001f2fc01d300, 0x000001f2fc01eb10, 0x000001f2fc023340,
0x000001f2fc0224d0, 0x000001f2fc01e640, 0x000001f2fc01c960, 0x000001f2fc021190,
0x000001f2fc01f4b0, 0x000001f2fc01e170, 0x000001f2fc021660, 0x000001f2fc0207f0,
0x000001f2fc020cc0, 0x000001f2fc021b30, 0x000001f2fc01efe0, 0x000001f2fc01f980,
0x000001f2fc01d7d0, 0x000001f2fc01ce30, 0x000001f2fc01fe50, 0x000001f2fc01dca0,
0x000001f2f9bd12a0, 0x000001f2f9bd1c40, 0x000001f2f9bd0dd0, 0x000001f2f9bd1770,
0x000001f2f9bd2110, 0x000001f2f9bd25e0, 0x000001f2f9bd2ab0, 0x000001f2f9bd0430,
0x000001f2f9bd2f80, 0x000001f2f9bd0900, 0x000001f2f9bd3450, 0x000001f2f9bd3920,
0x000001f2f9bd3df0, 0x000001f2fbc60cc0, 0x000001f2fbc5e640, 0x000001f2fbc5f4b0,
0x000001f2fbc5f980, 0x000001f2fbc60320, 0x000001f2fbc5c960, 0x000001f2fbc5fe50,
0x000001f2fbc5e170, 0x000001f2fbc5a7b0, 0x000001f2fbc607f0, 0x000001f2fbc5d7d0,
0x000001f2fbc5d300, 0x000001f2fbc5a2e0, 0x000001f2fbc61190, 0x000001f2fbc5dca0,
0x000001f2fbc5eb10, 0x000001f2fbc5baf0, 0x000001f2fbc5bfc0, 0x000001f2fbc5c490,
0x000001f2fbc5efe0, 0x000001f2fbc61660, 0x000001f2fbc5ce30, 0x000001f2fbc59e10,
0x000001f2fbc5ac80, 0x000001f2fbc5b150, 0x000001f2fbc5b620, 0x000001f2f96df560,
0x000001f2f96e03d0, 0x000001f2f96e38c0, 0x000001f2f96e2f20, 0x000001f2f96dfa30,
0x000001f2f96dc070, 0x000001f2f96dd880, 0x000001f2f96de220, 0x000001f2f96dc540,
0x000001f2f96e0d70, 0x000001f2f96dca10, 0x000001f2f96e1240, 0x000001f2f96e20b0,
0x000001f2f96de6f0, 0x000001f2f96e33f0, 0x000001f2f96dcee0, 0x000001f2f96dd3b0,
0x000001f2f96e1710, 0x000001f2f96ddd50, 0x000001f2f96debc0, 0x000001f2f96dff00,
0x000001f2f96df090, 0x000001f2f96e2580, 0x000001f2f96e1be0, 0x000001f2f96e08a0,
0x000001f2f96e2a50, 0x000001f2f67afd60, 0x000001f2f67b28b0, 0x000001f2f67b0700,
0x000001f2f67b1570, 0x000001f2f67b4590, 0x000001f2f67b1a40, 0x000001f2f67b58d0,
0x000001f2f67b0230, 0x000001f2f67b3bf0, 0x000001f2f67b0bd0, 0x000001f2f67b23e0,
0x000001f2f67b1f10, 0x000001f2f67af3c0, 0x000001f2f67b5400, 0x000001f2f67b10a0,
0x000001f2f67b40c0, 0x000001f2f67b2d80, 0x000001f2f67b4f30, 0x000001f2f67ae080,
0x000001f2f67ae550, 0x000001f2f67b4a60, 0x000001f2f67aea20, 0x000001f2f67b3250,
0x000001f2f67aeef0, 0x000001f2f67b3720, 0x000001f2f67af890, 0x000001f2f6135c00,
0x000001f2f61330b0, 0x000001f2f6132be0, 0x000001f2f61348c0, 0x000001f2f6138750,
0x000001f2f6138c20, 0x000001f2f6132710, 0x000001f2f6138280, 0x000001f2f6133580,
0x000001f2f6137410, 0x000001f2f61390f0, 0x000001f2f6133a50, 0x000001f2f61360d0,
0x000001f2fbc424e0, 0x000001f2fbc45270, 0x000001f2fbc44340, 0x000001f2fbc43920
}

Java Threads: ( => current thread )
  0x000001f2dbbafed0 JavaThread "main" [_thread_blocked, id=12428, stack(0x000000dba6a00000,0x000000dba6b00000)]
  0x000001f2dbbb0870 JavaThread "Reference Handler" daemon [_thread_blocked, id=14292, stack(0x000000dba7100000,0x000000dba7200000)]
  0x000001f2dbbaf530 JavaThread "Finalizer" daemon [_thread_blocked, id=21132, stack(0x000000dba7200000,0x000000dba7300000)]
  0x000001f2dbbafa00 JavaThread "Signal Dispatcher" daemon [_thread_blocked, id=21264, stack(0x000000dba7300000,0x000000dba7400000)]
  0x000001f2dbbb16e0 JavaThread "Attach Listener" daemon [_thread_blocked, id=23464, stack(0x000000dba7400000,0x000000dba7500000)]
  0x000001f2dbbaeb90 JavaThread "Service Thread" daemon [_thread_blocked, id=3332, stack(0x000000dba7500000,0x000000dba7600000)]
  0x000001f2dbbb1bb0 JavaThread "Monitor Deflation Thread" daemon [_thread_blocked, id=8852, stack(0x000000dba7600000,0x000000dba7700000)]
  0x000001f2f5c853e0 JavaThread "C2 CompilerThread0" daemon [_thread_in_native, id=22620, stack(0x000000dba7700000,0x000000dba7800000)]
  0x000001f2f5c85e80 JavaThread "C1 CompilerThread0" daemon [_thread_blocked, id=1916, stack(0x000000dba7800000,0x000000dba7900000)]
  0x000001f2f5c8a180 JavaThread "Sweeper thread" daemon [_thread_blocked, id=24508, stack(0x000000dba7900000,0x000000dba7a00000)]
  0x000001f2f5e0eab0 JavaThread "C1 CompilerThread1" daemon [_thread_blocked, id=24472, stack(0x000000dba7a00000,0x000000dba7b00000)]
  0x000001f2dbbb03a0 JavaThread "Common-Cleaner" daemon [_thread_blocked, id=23468, stack(0x000000dba7b00000,0x000000dba7c00000)]
  0x000001f2dbbaf060 JavaThread "Notification Thread" daemon [_thread_blocked, id=22112, stack(0x000000dba7c00000,0x000000dba7d00000)]
  0x000001f2f6d94370 JavaThread "C1 CompilerThread2" daemon [_thread_blocked, id=20176, stack(0x000000dba8200000,0x000000dba8300000)]
  0x000001f2f5fe36e0 JavaThread "C1 CompilerThread3" daemon [_thread_blocked, id=368, stack(0x000000dba8300000,0x000000dba8400000)]
  0x000001f2dbbb2080 JavaThread "Daemon health stats" [_thread_blocked, id=18892, stack(0x000000dba8000000,0x000000dba8100000)]
  0x000001f2dbbb1210 JavaThread "Incoming local TCP Connector on port 60770" [_thread_in_native, id=24408, stack(0x000000dba7f00000,0x000000dba8000000)]
  0x000001f2dbbae6c0 JavaThread "Daemon periodic checks" [_thread_blocked, id=21576, stack(0x000000dba8100000,0x000000dba8200000)]
  0x000001f2f8878360 JavaThread "Daemon" [_thread_blocked, id=16936, stack(0x000000dba8800000,0x000000dba8900000)]
  0x000001f2f887bd20 JavaThread "Handler for socket connection from /127.0.0.1:60770 to /127.0.0.1:60771" [_thread_in_native, id=16776, stack(0x000000dba8900000,0x000000dba8a00000)]
  0x000001f2f887a9e0 JavaThread "Cancel handler" [_thread_blocked, id=13896, stack(0x000000dba8a00000,0x000000dba8b00000)]
  0x000001f2f8877e90 JavaThread "Daemon worker" [_thread_blocked, id=11168, stack(0x000000dba8b00000,0x000000dba8c00000)]
  0x000001f2f887a040 JavaThread "Asynchronous log dispatcher for DefaultDaemonConnection: socket connection from /127.0.0.1:60770 to /127.0.0.1:60771" [_thread_blocked, id=19700, stack(0x000000dba8c00000,0x000000dba8d00000)]
  0x000001f2f887a510 JavaThread "Stdin handler" [_thread_blocked, id=24260, stack(0x000000dba8d00000,0x000000dba8e00000)]
  0x000001f2f8878830 JavaThread "Daemon client event forwarder" [_thread_blocked, id=23736, stack(0x000000dba8e00000,0x000000dba8f00000)]
  0x000001f2f88796a0 JavaThread "Cache worker for journal cache (C:\gradle\gradle-6.9.2\caches\journal-1)" [_thread_blocked, id=8788, stack(0x000000dba7e00000,0x000000dba7f00000)]
  0x000001f2f88761b0 JavaThread "File lock request listener" [_thread_in_native, id=16372, stack(0x000000dba9900000,0x000000dba9a00000)]
  0x000001f2f9703730 JavaThread "C2 CompilerThread1" daemon [_thread_in_native, id=10148, stack(0x000000dba9a00000,0x000000dba9b00000)]
  0x000001f2f8874e70 JavaThread "Cache worker for file hash cache (C:\gradle\gradle-6.9.2\caches\8.0\fileHashes)" [_thread_blocked, id=20332, stack(0x000000dba9b00000,0x000000dba9c00000)]
  0x000001f2f9647180 JavaThread "C2 CompilerThread2" daemon [_thread_blocked, id=5196, stack(0x000000dba9c00000,0x000000dba9d00000)]
  0x000001f2f8877020 JavaThread "File watcher server" daemon [_thread_in_native, id=17296, stack(0x000000dba9d00000,0x000000dba9e00000)]
  0x000001f2f8875340 JavaThread "File watcher consumer" daemon [_thread_blocked, id=15636, stack(0x000000dba9e00000,0x000000dba9f00000)]
  0x000001f2f887aeb0 JavaThread "jar transforms" [_thread_blocked, id=20660, stack(0x000000dba9f00000,0x000000dbaa000000)]
  0x000001f2f8876680 JavaThread "jar transforms Thread 2" [_thread_blocked, id=11316, stack(0x000000dbaa000000,0x000000dbaa100000)]
  0x000001f2f887b380 JavaThread "jar transforms Thread 3" [_thread_blocked, id=19252, stack(0x000000dbaa100000,0x000000dbaa200000)]
  0x000001f2f887b850 JavaThread "jar transforms Thread 4" [_thread_blocked, id=4136, stack(0x000000dbaa200000,0x000000dbaa300000)]
  0x000001f2f8875810 JavaThread "jar transforms Thread 5" [_thread_blocked, id=14188, stack(0x000000dbaa300000,0x000000dbaa400000)]
  0x000001f2f8876b50 JavaThread "jar transforms Thread 6" [_thread_blocked, id=19352, stack(0x000000dbaa400000,0x000000dbaa500000)]
  0x000001f2f88774f0 JavaThread "jar transforms Thread 7" [_thread_blocked, id=19264, stack(0x000000dbaa500000,0x000000dbaa600000)]
  0x000001f2f88779c0 JavaThread "jar transforms Thread 8" [_thread_blocked, id=9524, stack(0x000000dbaa600000,0x000000dbaa700000)]
  0x000001f2f8875ce0 JavaThread "jar transforms Thread 9" [_thread_blocked, id=19140, stack(0x000000dbaa700000,0x000000dbaa800000)]
  0x000001f2f8878d00 JavaThread "jar transforms Thread 10" [_thread_blocked, id=8028, stack(0x000000dbaa800000,0x000000dbaa900000)]
  0x000001f2f88791d0 JavaThread "jar transforms Thread 11" [_thread_blocked, id=12584, stack(0x000000dbaa900000,0x000000dbaaa00000)]
  0x000001f2f8879b70 JavaThread "jar transforms Thread 12" [_thread_blocked, id=5836, stack(0x000000dbaaa00000,0x000000dbaab00000)]
  0x000001f2f887c1f0 JavaThread "jar transforms Thread 13" [_thread_blocked, id=18596, stack(0x000000dbaab00000,0x000000dbaac00000)]
  0x000001f2f887c6c0 JavaThread "jar transforms Thread 14" [_thread_blocked, id=3516, stack(0x000000dbaac00000,0x000000dbaad00000)]
  0x000001f2f8adf880 JavaThread "jar transforms Thread 15" [_thread_blocked, id=18684, stack(0x000000dbaad00000,0x000000dbaae00000)]
  0x000001f2f8adfd50 JavaThread "jar transforms Thread 16" [_thread_blocked, id=13032, stack(0x000000dbaae00000,0x000000dbaaf00000)]
  0x000001f2f8ae4f20 JavaThread "Cache worker for checksums cache (C:\Users\Pc\Desktop\project1\.gradle\8.0\checksums)" [_thread_blocked, id=5520, stack(0x000000dbab000000,0x000000dbab100000)]
  0x000001f2f8ade070 JavaThread "Cache worker for cache directory md-rule (C:\gradle\gradle-6.9.2\caches\8.0\md-rule)" [_thread_blocked, id=24160, stack(0x000000dbab100000,0x000000dbab200000)]
  0x000001f2f8ade540 JavaThread "Cache worker for file content cache (C:\gradle\gradle-6.9.2\caches\8.0\fileContent)" [_thread_blocked, id=9320, stack(0x000000dbab200000,0x000000dbab300000)]
  0x000001f2f8ae2d70 JavaThread "Cache worker for file hash cache (C:\Users\Pc\Desktop\project1\.gradle\8.0\fileHashes)" [_thread_blocked, id=12860, stack(0x000000dbab300000,0x000000dbab400000)]
  0x000001f2f8ae1a30 JavaThread "Cache worker for cache directory md-supplier (C:\gradle\gradle-6.9.2\caches\8.0\md-supplier)" [_thread_blocked, id=13696, stack(0x000000dbab400000,0x000000dbab500000)]
  0x000001f2f8ae3240 JavaThread "Cache worker for execution history cache (C:\gradle\gradle-6.9.2\caches\8.0\executionHistory)" [_thread_blocked, id=16572, stack(0x000000dbab500000,0x000000dbab600000)]
  0x000001f2f8ae28a0 JavaThread "Cache worker for dependencies-accessors (C:\Users\Pc\Desktop\project1\.gradle\8.0\dependencies-accessors)" [_thread_blocked, id=16496, stack(0x000000dbaaf00000,0x000000dbab000000)]
  0x000001f2fbc41fd0 JavaThread "C2 CompilerThread3" daemon [_thread_in_native, id=6532, stack(0x000000dbab600000,0x000000dbab700000)]
  0x000001f2f8ae4580 JavaThread "Cache worker for Build Output Cleanup Cache (C:\Users\Pc\Desktop\project1\.gradle\buildOutputCleanup)" [_thread_blocked, id=11048, stack(0x000000dbab700000,0x000000dbab800000)]
  0x000001f2f8ae06f0 JavaThread "Unconstrained build operations" [_thread_blocked, id=23688, stack(0x000000dbab800000,0x000000dbab900000)]
  0x000001f2f8adea10 JavaThread "Unconstrained build operations Thread 2" [_thread_blocked, id=6568, stack(0x000000dbab900000,0x000000dbaba00000)]
  0x000001f2f8ae1f00 JavaThread "Unconstrained build operations Thread 3" [_thread_blocked, id=12464, stack(0x000000dbaba00000,0x000000dbabb00000)]
  0x000001f2f8adeee0 JavaThread "Unconstrained build operations Thread 4" [_thread_blocked, id=4300, stack(0x000000dbabb00000,0x000000dbabc00000)]
  0x000001f2f8ae1090 JavaThread "Unconstrained build operations Thread 5" [_thread_blocked, id=12992, stack(0x000000dbabc00000,0x000000dbabd00000)]
  0x000001f2f8ae0bc0 JavaThread "Unconstrained build operations Thread 6" [_thread_blocked, id=12644, stack(0x000000dbabd00000,0x000000dbabe00000)]
  0x000001f2f8adf3b0 JavaThread "Unconstrained build operations Thread 7" [_thread_blocked, id=20848, stack(0x000000dbabe00000,0x000000dbabf00000)]
  0x000001f2f8ae1560 JavaThread "Unconstrained build operations Thread 8" [_thread_blocked, id=7832, stack(0x000000dbabf00000,0x000000dbac000000)]
  0x000001f2dbbb0d40 JavaThread "Unconstrained build operations Thread 9" [_thread_blocked, id=3224, stack(0x000000dbac000000,0x000000dbac100000)]
  0x000001f2fc01bfc0 JavaThread "Unconstrained build operations Thread 10" [_thread_blocked, id=9956, stack(0x000000dbac100000,0x000000dbac200000)]
  0x000001f2fc01c490 JavaThread "Unconstrained build operations Thread 11" [_thread_blocked, id=18536, stack(0x000000dbac200000,0x000000dbac300000)]
  0x000001f2fc0229a0 JavaThread "Unconstrained build operations Thread 12" [_thread_blocked, id=9432, stack(0x000000dbac300000,0x000000dbac400000)]
  0x000001f2fc020320 JavaThread "Unconstrained build operations Thread 13" [_thread_blocked, id=22180, stack(0x000000dbac400000,0x000000dbac500000)]
  0x000001f2fc022000 JavaThread "Unconstrained build operations Thread 14" [_thread_blocked, id=380, stack(0x000000dbac500000,0x000000dbac600000)]
  0x000001f2fc022e70 JavaThread "Unconstrained build operations Thread 15" [_thread_blocked, id=23192, stack(0x000000dbac600000,0x000000dbac700000)]
  0x000001f2fc01baf0 JavaThread "Unconstrained build operations Thread 16" [_thread_blocked, id=19188, stack(0x000000dbac700000,0x000000dbac800000)]
  0x000001f2fc01d300 JavaThread "Unconstrained build operations Thread 17" [_thread_blocked, id=21420, stack(0x000000dbac800000,0x000000dbac900000)]
  0x000001f2fc01eb10 JavaThread "Unconstrained build operations Thread 18" [_thread_blocked, id=23652, stack(0x000000dbac900000,0x000000dbaca00000)]
  0x000001f2fc023340 JavaThread "Unconstrained build operations Thread 19" [_thread_blocked, id=5332, stack(0x000000dbaca00000,0x000000dbacb00000)]
  0x000001f2fc0224d0 JavaThread "Unconstrained build operations Thread 20" [_thread_blocked, id=5832, stack(0x000000dbacb00000,0x000000dbacc00000)]
  0x000001f2fc01e640 JavaThread "Unconstrained build operations Thread 21" [_thread_blocked, id=5528, stack(0x000000dbacc00000,0x000000dbacd00000)]
  0x000001f2fc01c960 JavaThread "Unconstrained build operations Thread 22" [_thread_blocked, id=16480, stack(0x000000dbacd00000,0x000000dbace00000)]
  0x000001f2fc021190 JavaThread "Unconstrained build operations Thread 23" [_thread_blocked, id=13144, stack(0x000000dbace00000,0x000000dbacf00000)]
  0x000001f2fc01f4b0 JavaThread "Unconstrained build operations Thread 24" [_thread_blocked, id=12108, stack(0x000000dbacf00000,0x000000dbad000000)]
  0x000001f2fc01e170 JavaThread "Unconstrained build operations Thread 25" [_thread_blocked, id=21944, stack(0x000000dbad000000,0x000000dbad100000)]
  0x000001f2fc021660 JavaThread "Unconstrained build operations Thread 26" [_thread_blocked, id=15796, stack(0x000000dbad100000,0x000000dbad200000)]
  0x000001f2fc0207f0 JavaThread "Unconstrained build operations Thread 27" [_thread_blocked, id=12960, stack(0x000000dbad200000,0x000000dbad300000)]
  0x000001f2fc020cc0 JavaThread "Unconstrained build operations Thread 28" [_thread_blocked, id=21240, stack(0x000000dbad300000,0x000000dbad400000)]
  0x000001f2fc021b30 JavaThread "Unconstrained build operations Thread 29" [_thread_blocked, id=7508, stack(0x000000dbad400000,0x000000dbad500000)]
  0x000001f2fc01efe0 JavaThread "Unconstrained build operations Thread 30" [_thread_blocked, id=5872, stack(0x000000dbad500000,0x000000dbad600000)]
  0x000001f2fc01f980 JavaThread "Unconstrained build operations Thread 31" [_thread_blocked, id=19388, stack(0x000000dbad600000,0x000000dbad700000)]
  0x000001f2fc01d7d0 JavaThread "Unconstrained build operations Thread 32" [_thread_blocked, id=12300, stack(0x000000dbad700000,0x000000dbad800000)]
  0x000001f2fc01ce30 JavaThread "Unconstrained build operations Thread 33" [_thread_blocked, id=13368, stack(0x000000dbad800000,0x000000dbad900000)]
  0x000001f2fc01fe50 JavaThread "Unconstrained build operations Thread 34" [_thread_blocked, id=24420, stack(0x000000dbad900000,0x000000dbada00000)]
  0x000001f2fc01dca0 JavaThread "Unconstrained build operations Thread 35" [_thread_blocked, id=5460, stack(0x000000dbada00000,0x000000dbadb00000)]
  0x000001f2f9bd12a0 JavaThread "Unconstrained build operations Thread 36" [_thread_blocked, id=22072, stack(0x000000dbadb00000,0x000000dbadc00000)]
  0x000001f2f9bd1c40 JavaThread "Unconstrained build operations Thread 37" [_thread_blocked, id=22572, stack(0x000000dbadc00000,0x000000dbadd00000)]
  0x000001f2f9bd0dd0 JavaThread "Unconstrained build operations Thread 38" [_thread_blocked, id=13852, stack(0x000000dbadd00000,0x000000dbade00000)]
  0x000001f2f9bd1770 JavaThread "Unconstrained build operations Thread 39" [_thread_blocked, id=16244, stack(0x000000dbade00000,0x000000dbadf00000)]
  0x000001f2f9bd2110 JavaThread "Unconstrained build operations Thread 40" [_thread_blocked, id=3064, stack(0x000000dbadf00000,0x000000dbae000000)]
  0x000001f2f9bd25e0 JavaThread "Unconstrained build operations Thread 41" [_thread_blocked, id=14132, stack(0x000000dbae000000,0x000000dbae100000)]
  0x000001f2f9bd2ab0 JavaThread "Unconstrained build operations Thread 42" [_thread_blocked, id=17308, stack(0x000000dbae100000,0x000000dbae200000)]
  0x000001f2f9bd0430 JavaThread "Unconstrained build operations Thread 43" [_thread_blocked, id=5348, stack(0x000000dbae200000,0x000000dbae300000)]
  0x000001f2f9bd2f80 JavaThread "Unconstrained build operations Thread 44" [_thread_blocked, id=11092, stack(0x000000dbae300000,0x000000dbae400000)]
  0x000001f2f9bd0900 JavaThread "Unconstrained build operations Thread 45" [_thread_blocked, id=14192, stack(0x000000dbae400000,0x000000dbae500000)]
  0x000001f2f9bd3450 JavaThread "Unconstrained build operations Thread 46" [_thread_blocked, id=23092, stack(0x000000dbae500000,0x000000dbae600000)]
  0x000001f2f9bd3920 JavaThread "Unconstrained build operations Thread 47" [_thread_blocked, id=9712, stack(0x000000dbae600000,0x000000dbae700000)]
  0x000001f2f9bd3df0 JavaThread "Unconstrained build operations Thread 48" [_thread_blocked, id=15816, stack(0x000000dbae700000,0x000000dbae800000)]
  0x000001f2fbc60cc0 JavaThread "Unconstrained build operations Thread 49" [_thread_blocked, id=23904, stack(0x000000dbae800000,0x000000dbae900000)]
  0x000001f2fbc5e640 JavaThread "Unconstrained build operations Thread 50" [_thread_blocked, id=20752, stack(0x000000dbae900000,0x000000dbaea00000)]
  0x000001f2fbc5f4b0 JavaThread "Unconstrained build operations Thread 51" [_thread_blocked, id=820, stack(0x000000dbaea00000,0x000000dbaeb00000)]
  0x000001f2fbc5f980 JavaThread "Unconstrained build operations Thread 52" [_thread_blocked, id=12292, stack(0x000000dbaeb00000,0x000000dbaec00000)]
  0x000001f2fbc60320 JavaThread "Unconstrained build operations Thread 53" [_thread_blocked, id=19216, stack(0x000000dbaec00000,0x000000dbaed00000)]
  0x000001f2fbc5c960 JavaThread "Unconstrained build operations Thread 54" [_thread_blocked, id=12112, stack(0x000000dbaed00000,0x000000dbaee00000)]
  0x000001f2fbc5fe50 JavaThread "Unconstrained build operations Thread 55" [_thread_blocked, id=4204, stack(0x000000dbaee00000,0x000000dbaef00000)]
  0x000001f2fbc5e170 JavaThread "Unconstrained build operations Thread 56" [_thread_blocked, id=13868, stack(0x000000dbaef00000,0x000000dbaf000000)]
  0x000001f2fbc5a7b0 JavaThread "Unconstrained build operations Thread 57" [_thread_blocked, id=12916, stack(0x000000dbaf000000,0x000000dbaf100000)]
  0x000001f2fbc607f0 JavaThread "Unconstrained build operations Thread 58" [_thread_blocked, id=4636, stack(0x000000dbaf100000,0x000000dbaf200000)]
  0x000001f2fbc5d7d0 JavaThread "Unconstrained build operations Thread 59" [_thread_blocked, id=19248, stack(0x000000dbaf200000,0x000000dbaf300000)]
  0x000001f2fbc5d300 JavaThread "Unconstrained build operations Thread 60" [_thread_blocked, id=13656, stack(0x000000dbaf300000,0x000000dbaf400000)]
  0x000001f2fbc5a2e0 JavaThread "Unconstrained build operations Thread 61" [_thread_blocked, id=23076, stack(0x000000dbaf400000,0x000000dbaf500000)]
  0x000001f2fbc61190 JavaThread "Unconstrained build operations Thread 62" [_thread_blocked, id=22628, stack(0x000000dbaf500000,0x000000dbaf600000)]
  0x000001f2fbc5dca0 JavaThread "Unconstrained build operations Thread 63" [_thread_blocked, id=21924, stack(0x000000dbaf600000,0x000000dbaf700000)]
  0x000001f2fbc5eb10 JavaThread "Unconstrained build operations Thread 64" [_thread_blocked, id=22600, stack(0x000000dbaf700000,0x000000dbaf800000)]
  0x000001f2fbc5baf0 JavaThread "Unconstrained build operations Thread 65" [_thread_blocked, id=13132, stack(0x000000dbaf800000,0x000000dbaf900000)]
  0x000001f2fbc5bfc0 JavaThread "Unconstrained build operations Thread 66" [_thread_blocked, id=10516, stack(0x000000dbaf900000,0x000000dbafa00000)]
  0x000001f2fbc5c490 JavaThread "Unconstrained build operations Thread 67" [_thread_blocked, id=4376, stack(0x000000dbafa00000,0x000000dbafb00000)]
  0x000001f2fbc5efe0 JavaThread "Unconstrained build operations Thread 68" [_thread_blocked, id=19684, stack(0x000000dbafb00000,0x000000dbafc00000)]
  0x000001f2fbc61660 JavaThread "Unconstrained build operations Thread 69" [_thread_blocked, id=5916, stack(0x000000dbafc00000,0x000000dbafd00000)]
  0x000001f2fbc5ce30 JavaThread "Unconstrained build operations Thread 70" [_thread_blocked, id=10264, stack(0x000000dbafd00000,0x000000dbafe00000)]
  0x000001f2fbc59e10 JavaThread "Unconstrained build operations Thread 71" [_thread_blocked, id=14736, stack(0x000000dbafe00000,0x000000dbaff00000)]
  0x000001f2fbc5ac80 JavaThread "Unconstrained build operations Thread 72" [_thread_blocked, id=19600, stack(0x000000dbaff00000,0x000000dbb0000000)]
  0x000001f2fbc5b150 JavaThread "Unconstrained build operations Thread 73" [_thread_blocked, id=16604, stack(0x000000dbb0000000,0x000000dbb0100000)]
  0x000001f2fbc5b620 JavaThread "Unconstrained build operations Thread 74" [_thread_blocked, id=14168, stack(0x000000dbb0100000,0x000000dbb0200000)]
  0x000001f2f96df560 JavaThread "Unconstrained build operations Thread 75" [_thread_blocked, id=13440, stack(0x000000dbb0200000,0x000000dbb0300000)]
  0x000001f2f96e03d0 JavaThread "Unconstrained build operations Thread 76" [_thread_blocked, id=14428, stack(0x000000dbb0300000,0x000000dbb0400000)]
  0x000001f2f96e38c0 JavaThread "Unconstrained build operations Thread 77" [_thread_blocked, id=15476, stack(0x000000dbb0400000,0x000000dbb0500000)]
  0x000001f2f96e2f20 JavaThread "Unconstrained build operations Thread 78" [_thread_blocked, id=15804, stack(0x000000dbb0500000,0x000000dbb0600000)]
  0x000001f2f96dfa30 JavaThread "Unconstrained build operations Thread 79" [_thread_blocked, id=8596, stack(0x000000dbb0600000,0x000000dbb0700000)]
  0x000001f2f96dc070 JavaThread "Unconstrained build operations Thread 80" [_thread_blocked, id=4352, stack(0x000000dbb0700000,0x000000dbb0800000)]
  0x000001f2f96dd880 JavaThread "Unconstrained build operations Thread 81" [_thread_blocked, id=23588, stack(0x000000dbb0800000,0x000000dbb0900000)]
  0x000001f2f96de220 JavaThread "Unconstrained build operations Thread 82" [_thread_blocked, id=20324, stack(0x000000dbb0900000,0x000000dbb0a00000)]
  0x000001f2f96dc540 JavaThread "Unconstrained build operations Thread 83" [_thread_blocked, id=4544, stack(0x000000dbb0a00000,0x000000dbb0b00000)]
  0x000001f2f96e0d70 JavaThread "Unconstrained build operations Thread 84" [_thread_blocked, id=23536, stack(0x000000dbb0b00000,0x000000dbb0c00000)]
  0x000001f2f96dca10 JavaThread "Unconstrained build operations Thread 85" [_thread_blocked, id=23960, stack(0x000000dbb0c00000,0x000000dbb0d00000)]
  0x000001f2f96e1240 JavaThread "Unconstrained build operations Thread 86" [_thread_blocked, id=8844, stack(0x000000dbb0d00000,0x000000dbb0e00000)]
  0x000001f2f96e20b0 JavaThread "Unconstrained build operations Thread 87" [_thread_blocked, id=18656, stack(0x000000dbb0e00000,0x000000dbb0f00000)]
  0x000001f2f96de6f0 JavaThread "Unconstrained build operations Thread 88" [_thread_blocked, id=22704, stack(0x000000dbb0f00000,0x000000dbb1000000)]
  0x000001f2f96e33f0 JavaThread "Unconstrained build operations Thread 89" [_thread_blocked, id=19176, stack(0x000000dbb1000000,0x000000dbb1100000)]
  0x000001f2f96dcee0 JavaThread "Unconstrained build operations Thread 90" [_thread_blocked, id=16692, stack(0x000000dbb1100000,0x000000dbb1200000)]
  0x000001f2f96dd3b0 JavaThread "Unconstrained build operations Thread 91" [_thread_blocked, id=11772, stack(0x000000dbb1200000,0x000000dbb1300000)]
  0x000001f2f96e1710 JavaThread "Unconstrained build operations Thread 92" [_thread_blocked, id=20052, stack(0x000000dbb1300000,0x000000dbb1400000)]
  0x000001f2f96ddd50 JavaThread "Unconstrained build operations Thread 93" [_thread_blocked, id=12540, stack(0x000000dbb1400000,0x000000dbb1500000)]
  0x000001f2f96debc0 JavaThread "Unconstrained build operations Thread 94" [_thread_blocked, id=15260, stack(0x000000dbb1500000,0x000000dbb1600000)]
  0x000001f2f96dff00 JavaThread "Unconstrained build operations Thread 95" [_thread_blocked, id=24352, stack(0x000000dbb1600000,0x000000dbb1700000)]
  0x000001f2f96df090 JavaThread "Unconstrained build operations Thread 96" [_thread_blocked, id=12484, stack(0x000000dbb1700000,0x000000dbb1800000)]
  0x000001f2f96e2580 JavaThread "Unconstrained build operations Thread 97" [_thread_blocked, id=20720, stack(0x000000dbb1800000,0x000000dbb1900000)]
  0x000001f2f96e1be0 JavaThread "Unconstrained build operations Thread 98" [_thread_blocked, id=9880, stack(0x000000dbb1900000,0x000000dbb1a00000)]
  0x000001f2f96e08a0 JavaThread "Unconstrained build operations Thread 99" [_thread_blocked, id=16780, stack(0x000000dbb1a00000,0x000000dbb1b00000)]
  0x000001f2f96e2a50 JavaThread "Unconstrained build operations Thread 100" [_thread_blocked, id=24468, stack(0x000000dbb1b00000,0x000000dbb1c00000)]
  0x000001f2f67afd60 JavaThread "Unconstrained build operations Thread 101" [_thread_blocked, id=8520, stack(0x000000dbb1c00000,0x000000dbb1d00000)]
  0x000001f2f67b28b0 JavaThread "Unconstrained build operations Thread 102" [_thread_blocked, id=14940, stack(0x000000dbb1d00000,0x000000dbb1e00000)]
  0x000001f2f67b0700 JavaThread "Unconstrained build operations Thread 103" [_thread_blocked, id=11348, stack(0x000000dbb1e00000,0x000000dbb1f00000)]
  0x000001f2f67b1570 JavaThread "Unconstrained build operations Thread 104" [_thread_blocked, id=14860, stack(0x000000dbb1f00000,0x000000dbb2000000)]
  0x000001f2f67b4590 JavaThread "Unconstrained build operations Thread 105" [_thread_blocked, id=23828, stack(0x000000dbb2000000,0x000000dbb2100000)]
  0x000001f2f67b1a40 JavaThread "Unconstrained build operations Thread 106" [_thread_blocked, id=23084, stack(0x000000dbb2100000,0x000000dbb2200000)]
  0x000001f2f67b58d0 JavaThread "Unconstrained build operations Thread 107" [_thread_blocked, id=11724, stack(0x000000dbb2200000,0x000000dbb2300000)]
  0x000001f2f67b0230 JavaThread "Unconstrained build operations Thread 108" [_thread_blocked, id=12332, stack(0x000000dbb2300000,0x000000dbb2400000)]
  0x000001f2f67b3bf0 JavaThread "Unconstrained build operations Thread 109" [_thread_blocked, id=11016, stack(0x000000dbb2400000,0x000000dbb2500000)]
  0x000001f2f67b0bd0 JavaThread "Unconstrained build operations Thread 110" [_thread_blocked, id=10988, stack(0x000000dbb2500000,0x000000dbb2600000)]
  0x000001f2f67b23e0 JavaThread "Unconstrained build operations Thread 111" [_thread_blocked, id=17456, stack(0x000000dbb2600000,0x000000dbb2700000)]
  0x000001f2f67b1f10 JavaThread "Unconstrained build operations Thread 112" [_thread_blocked, id=13136, stack(0x000000dbb2700000,0x000000dbb2800000)]
  0x000001f2f67af3c0 JavaThread "Unconstrained build operations Thread 113" [_thread_blocked, id=9928, stack(0x000000dbb2800000,0x000000dbb2900000)]
  0x000001f2f67b5400 JavaThread "Unconstrained build operations Thread 114" [_thread_blocked, id=12180, stack(0x000000dbb2900000,0x000000dbb2a00000)]
  0x000001f2f67b10a0 JavaThread "Unconstrained build operations Thread 115" [_thread_blocked, id=10720, stack(0x000000dbb2a00000,0x000000dbb2b00000)]
  0x000001f2f67b40c0 JavaThread "Unconstrained build operations Thread 116" [_thread_blocked, id=13348, stack(0x000000dbb2b00000,0x000000dbb2c00000)]
  0x000001f2f67b2d80 JavaThread "Unconstrained build operations Thread 117" [_thread_blocked, id=22268, stack(0x000000dbb2c00000,0x000000dbb2d00000)]
  0x000001f2f67b4f30 JavaThread "Unconstrained build operations Thread 118" [_thread_blocked, id=19672, stack(0x000000dbb2d00000,0x000000dbb2e00000)]
  0x000001f2f67ae080 JavaThread "Unconstrained build operations Thread 119" [_thread_blocked, id=15828, stack(0x000000dbb2e00000,0x000000dbb2f00000)]
  0x000001f2f67ae550 JavaThread "Unconstrained build operations Thread 120" [_thread_blocked, id=5336, stack(0x000000dbb2f00000,0x000000dbb3000000)]
  0x000001f2f67b4a60 JavaThread "Unconstrained build operations Thread 121" [_thread_blocked, id=21048, stack(0x000000dbb3000000,0x000000dbb3100000)]
  0x000001f2f67aea20 JavaThread "Unconstrained build operations Thread 122" [_thread_blocked, id=21776, stack(0x000000dbb3100000,0x000000dbb3200000)]
  0x000001f2f67b3250 JavaThread "Unconstrained build operations Thread 123" [_thread_blocked, id=2228, stack(0x000000dbb3200000,0x000000dbb3300000)]
  0x000001f2f67aeef0 JavaThread "Unconstrained build operations Thread 124" [_thread_blocked, id=6508, stack(0x000000dbb3300000,0x000000dbb3400000)]
  0x000001f2f67b3720 JavaThread "Unconstrained build operations Thread 125" [_thread_blocked, id=24012, stack(0x000000dbb3400000,0x000000dbb3500000)]
  0x000001f2f67af890 JavaThread "Unconstrained build operations Thread 126" [_thread_blocked, id=10724, stack(0x000000dbb3500000,0x000000dbb3600000)]
  0x000001f2f6135c00 JavaThread "Unconstrained build operations Thread 127" [_thread_blocked, id=11800, stack(0x000000dbb3600000,0x000000dbb3700000)]
  0x000001f2f61330b0 JavaThread "Unconstrained build operations Thread 128" [_thread_blocked, id=2420, stack(0x000000dbb3700000,0x000000dbb3800000)]
  0x000001f2f6132be0 JavaThread "Unconstrained build operations Thread 129" [_thread_blocked, id=2324, stack(0x000000dbb3800000,0x000000dbb3900000)]
  0x000001f2f61348c0 JavaThread "Unconstrained build operations Thread 130" [_thread_blocked, id=4632, stack(0x000000dbb3900000,0x000000dbb3a00000)]
  0x000001f2f6138750 JavaThread "Unconstrained build operations Thread 131" [_thread_blocked, id=24500, stack(0x000000dbb3a00000,0x000000dbb3b00000)]
  0x000001f2f6138c20 JavaThread "Unconstrained build operations Thread 132" [_thread_blocked, id=13016, stack(0x000000dbb3b00000,0x000000dbb3c00000)]
  0x000001f2f6132710 JavaThread "Unconstrained build operations Thread 133" [_thread_blocked, id=11928, stack(0x000000dbb3c00000,0x000000dbb3d00000)]
  0x000001f2f6138280 JavaThread "Unconstrained build operations Thread 134" [_thread_blocked, id=8828, stack(0x000000dbb3d00000,0x000000dbb3e00000)]
  0x000001f2f6133580 JavaThread "Unconstrained build operations Thread 135" [_thread_blocked, id=16268, stack(0x000000dbb3e00000,0x000000dbb3f00000)]
  0x000001f2f6137410 JavaThread "Unconstrained build operations Thread 136" [_thread_blocked, id=12636, stack(0x000000dbb3f00000,0x000000dbb4000000)]
  0x000001f2f61390f0 JavaThread "Unconstrained build operations Thread 137" [_thread_blocked, id=16280, stack(0x000000dbb4000000,0x000000dbb4100000)]
  0x000001f2f6133a50 JavaThread "Unconstrained build operations Thread 138" [_thread_blocked, id=15760, stack(0x000000dbb4100000,0x000000dbb4200000)]
  0x000001f2f61360d0 JavaThread "Unconstrained build operations Thread 139" [_thread_blocked, id=22052, stack(0x000000dbb4200000,0x000000dbb4300000)]
  0x000001f2fbc424e0 JavaThread "C2 CompilerThread4" daemon [_thread_in_native, id=14608, stack(0x000000dbb4300000,0x000000dbb4400000)]
  0x000001f2fbc45270 JavaThread "C2 CompilerThread5" daemon [_thread_in_native, id=3320, stack(0x000000dbb4400000,0x000000dbb4500000)]
  0x000001f2fbc44340 JavaThread "C2 CompilerThread6" daemon [_thread_in_native, id=11728, stack(0x000000dbb4500000,0x000000dbb4600000)]
  0x000001f2fbc43920 JavaThread "C2 CompilerThread7" daemon [_thread_blocked, id=21340, stack(0x000000dbb4600000,0x000000dbb4700000)]

Other Threads:
=>0x000001f2f5c2c4e0 VMThread "VM Thread" [stack: 0x000000dba7000000,0x000000dba7100000] [id=18876]
  0x000001f2dbc45b30 WatcherThread [stack: 0x000000dba7d00000,0x000000dba7e00000] [id=14680]
  0x000001f2dbc00170 GCTaskThread "GC Thread#0" [stack: 0x000000dba6b00000,0x000000dba6c00000] [id=5496]
  0x000001f2f6a3ba30 GCTaskThread "GC Thread#1" [stack: 0x000000dba8400000,0x000000dba8500000] [id=10440]
  0x000001f2f6a3b220 GCTaskThread "GC Thread#2" [stack: 0x000000dba8500000,0x000000dba8600000] [id=24120]
  0x000001f2f6a3acc0 GCTaskThread "GC Thread#3" [stack: 0x000000dba8600000,0x000000dba8700000] [id=21720]
  0x000001f2f6a3af70 GCTaskThread "GC Thread#4" [stack: 0x000000dba8700000,0x000000dba8800000] [id=6108]
  0x000001f2f6a3a200 GCTaskThread "GC Thread#5" [stack: 0x000000dba8f00000,0x000000dba9000000] [id=15528]
  0x000001f2f6a3a4b0 GCTaskThread "GC Thread#6" [stack: 0x000000dba9000000,0x000000dba9100000] [id=5304]
  0x000001f2f6a3b780 GCTaskThread "GC Thread#7" [stack: 0x000000dba9100000,0x000000dba9200000] [id=23048]
  0x000001f2f846a9b0 GCTaskThread "GC Thread#8" [stack: 0x000000dba9200000,0x000000dba9300000] [id=7512]
  0x000001f2f84696e0 GCTaskThread "GC Thread#9" [stack: 0x000000dba9300000,0x000000dba9400000] [id=12844]
  0x000001f2f8469430 GCTaskThread "GC Thread#10" [stack: 0x000000dba9400000,0x000000dba9500000] [id=21352]
  0x000001f2f846ac60 GCTaskThread "GC Thread#11" [stack: 0x000000dba9500000,0x000000dba9600000] [id=12524]
  0x000001f2f846a700 GCTaskThread "GC Thread#12" [stack: 0x000000dba9600000,0x000000dba9700000] [id=21344]
  0x000001f2dbc0d0b0 ConcurrentGCThread "G1 Main Marker" [stack: 0x000000dba6c00000,0x000000dba6d00000] [id=11628]
  0x000001f2dbc0dac0 ConcurrentGCThread "G1 Conc#0" [stack: 0x000000dba6d00000,0x000000dba6e00000] [id=8460]
  0x000001f2f8469180 ConcurrentGCThread "G1 Conc#1" [stack: 0x000000dba9700000,0x000000dba9800000] [id=5812]
  0x000001f2f8469990 ConcurrentGCThread "G1 Conc#2" [stack: 0x000000dba9800000,0x000000dba9900000] [id=7632]
  0x000001f2f5056590 ConcurrentGCThread "G1 Refine#0" [stack: 0x000000dba6e00000,0x000000dba6f00000] [id=24476]
  0x000001f2f5056dc0 ConcurrentGCThread "G1 Service" [stack: 0x000000dba6f00000,0x000000dba7000000] [id=15596]

Threads with active compile tasks:
C2 CompilerThread0    13081 6878       4       org.objectweb.asm.MethodWriter::putMethodInfo (1274 bytes)
C2 CompilerThread1    13081 6563       4       org.objectweb.asm.ClassReader::readCode (5109 bytes)
C2 CompilerThread2    13081 6896       4       org.objectweb.asm.ClassReader::readMethod (1066 bytes)
C2 CompilerThread3    13081 6992       4       org.objectweb.asm.ClassReader::accept (1412 bytes)
C2 CompilerThread4    13081 6940       4       org.objectweb.asm.ClassReader::readStackMapFrame (535 bytes)
C2 CompilerThread5    13081 6944       4       org.objectweb.asm.MethodWriter::visitFrame (811 bytes)
C2 CompilerThread6    13081 6977       4       org.objectweb.asm.ClassWriter::toByteArray (1535 bytes)
C2 CompilerThread7    13082 6680       4       org.objectweb.asm.MethodVisitor::visitLocalVariable (24 bytes)

VM state: at safepoint (normal execution)

VM Mutex/Monitor currently owned by a thread:  ([mutex/lock_event])
[0x000001f2dbba9930] Threads_lock - owner thread: 0x000001f2f5c2c4e0
[0x000001f2dbbaad70] Heap_lock - owner thread: 0x000001f2f8adf880

Heap address: 0x00000000a0000000, size: 1536 MB, Compressed Oops mode: 32-bit

CDS archive(s) not mapped
Compressed class space mapped at: 0x0000000100000000-0x0000000140000000, reserved size: 1073741824
Narrow klass base: 0x0000000000000000, Narrow klass shift: 3, Narrow klass range: 0x140000000

GC Precious Log:
 CPUs: 16 total, 16 available
 Memory: 15178M
 Large Page Support: Disabled
 NUMA Support: Disabled
 Compressed Oops: Enabled (32-bit)
 Heap Region Size: 1M
 Heap Min Capacity: 8M
 Heap Initial Capacity: 238M
 Heap Max Capacity: 1536M
 Pre-touch: Disabled
 Parallel Workers: 13
 Concurrent Workers: 3
 Concurrent Refinement Workers: 13
 Periodic GC: Disabled

Heap:
 garbage-first heap   total 187392K, used 85211K [0x00000000a0000000, 0x0000000100000000)
  region size 1024K, 4 young (4096K), 4 survivors (4096K)
 Metaspace       used 55206K, committed 55808K, reserved 1097728K
  class space    used 7298K, committed 7552K, reserved 1048576K

Heap Regions: E=young(eden), S=young(survivor), O=old, HS=humongous(starts), HC=humongous(continues), CS=collection set, F=free, OA=open archive, CA=closed archive, TAMS=top-at-mark-start (previous, next)
|   0|0x00000000a0000000, 0x00000000a0100000, 0x00000000a0100000|100%|HS|  |TAMS 0x00000000a0100000, 0x00000000a0000000| Complete 
|   1|0x00000000a0100000, 0x00000000a0200000, 0x00000000a0200000|100%|HC|  |TAMS 0x00000000a0200000, 0x00000000a0100000| Complete 
|   2|0x00000000a0200000, 0x00000000a0300000, 0x00000000a0300000|100%|HC|  |TAMS 0x00000000a0300000, 0x00000000a0200000| Complete 
|   3|0x00000000a0300000, 0x00000000a0400000, 0x00000000a0400000|100%|HC|  |TAMS 0x00000000a0400000, 0x00000000a0300000| Complete 
|   4|0x00000000a0400000, 0x00000000a0500000, 0x00000000a0500000|100%| O|  |TAMS 0x00000000a0500000, 0x00000000a0400000| Untracked 
|   5|0x00000000a0500000, 0x00000000a0600000, 0x00000000a0600000|100%| O|  |TAMS 0x00000000a0600000, 0x00000000a0500000| Untracked 
|   6|0x00000000a0600000, 0x00000000a0700000, 0x00000000a0700000|100%| O|  |TAMS 0x00000000a0700000, 0x00000000a0600000| Untracked 
|   7|0x00000000a0700000, 0x00000000a0800000, 0x00000000a0800000|100%| O|  |TAMS 0x00000000a0800000, 0x00000000a0700000| Untracked 
|   8|0x00000000a0800000, 0x00000000a0900000, 0x00000000a0900000|100%| O|  |TAMS 0x00000000a0900000, 0x00000000a0800000| Untracked 
|   9|0x00000000a0900000, 0x00000000a0a00000, 0x00000000a0a00000|100%| O|  |TAMS 0x00000000a0a00000, 0x00000000a0900000| Untracked 
|  10|0x00000000a0a00000, 0x00000000a0b00000, 0x00000000a0b00000|100%| O|  |TAMS 0x00000000a0b00000, 0x00000000a0a00000| Untracked 
|  11|0x00000000a0b00000, 0x00000000a0b0c000, 0x00000000a0c00000|  4%| O|  |TAMS 0x00000000a0b0c000, 0x00000000a0b00000| Untracked 
|  12|0x00000000a0c00000, 0x00000000a0d00000, 0x00000000a0d00000|100%| O|  |TAMS 0x00000000a0d00000, 0x00000000a0c00000| Untracked 
|  13|0x00000000a0d00000, 0x00000000a0e00000, 0x00000000a0e00000|100%| O|  |TAMS 0x00000000a0e00000, 0x00000000a0d00000| Untracked 
|  14|0x00000000a0e00000, 0x00000000a0f00000, 0x00000000a0f00000|100%| O|  |TAMS 0x00000000a0f00000, 0x00000000a0e00000| Untracked 
|  15|0x00000000a0f00000, 0x00000000a1000000, 0x00000000a1000000|100%| O|  |TAMS 0x00000000a1000000, 0x00000000a0f00000| Untracked 
|  16|0x00000000a1000000, 0x00000000a1100000, 0x00000000a1100000|100%| O|  |TAMS 0x00000000a1100000, 0x00000000a1000000| Untracked 
|  17|0x00000000a1100000, 0x00000000a1200000, 0x00000000a1200000|100%| O|  |TAMS 0x00000000a1200000, 0x00000000a1100000| Untracked 
|  18|0x00000000a1200000, 0x00000000a1300000, 0x00000000a1300000|100%| O|  |TAMS 0x00000000a1300000, 0x00000000a1200000| Untracked 
|  19|0x00000000a1300000, 0x00000000a1400000, 0x00000000a1400000|100%|HS|  |TAMS 0x00000000a1400000, 0x00000000a1300000| Complete 
|  20|0x00000000a1400000, 0x00000000a1500000, 0x00000000a1500000|100%|HC|  |TAMS 0x00000000a1500000, 0x00000000a1400000| Complete 
|  21|0x00000000a1500000, 0x00000000a1600000, 0x00000000a1600000|100%|HS|  |TAMS 0x00000000a1600000, 0x00000000a1500000| Complete 
|  22|0x00000000a1600000, 0x00000000a1700000, 0x00000000a1700000|100%|HC|  |TAMS 0x00000000a1700000, 0x00000000a1600000| Complete 
|  23|0x00000000a1700000, 0x00000000a1800000, 0x00000000a1800000|100%|HC|  |TAMS 0x00000000a1800000, 0x00000000a1700000| Complete 
|  24|0x00000000a1800000, 0x00000000a1900000, 0x00000000a1900000|100%| O|  |TAMS 0x00000000a1900000, 0x00000000a1800000| Untracked 
|  25|0x00000000a1900000, 0x00000000a1a00000, 0x00000000a1a00000|100%| O|  |TAMS 0x00000000a1a00000, 0x00000000a1900000| Untracked 
|  26|0x00000000a1a00000, 0x00000000a1b00000, 0x00000000a1b00000|100%| O|  |TAMS 0x00000000a1b00000, 0x00000000a1a00000| Untracked 
|  27|0x00000000a1b00000, 0x00000000a1c00000, 0x00000000a1c00000|100%|HS|  |TAMS 0x00000000a1c00000, 0x00000000a1b00000| Complete 
|  28|0x00000000a1c00000, 0x00000000a1d00000, 0x00000000a1d00000|100%|HC|  |TAMS 0x00000000a1d00000, 0x00000000a1c00000| Complete 
|  29|0x00000000a1d00000, 0x00000000a1e00000, 0x00000000a1e00000|100%|HC|  |TAMS 0x00000000a1e00000, 0x00000000a1d00000| Complete 
|  30|0x00000000a1e00000, 0x00000000a1f00000, 0x00000000a1f00000|100%| O|  |TAMS 0x00000000a1f00000, 0x00000000a1e00000| Untracked 
|  31|0x00000000a1f00000, 0x00000000a2000000, 0x00000000a2000000|100%| O|  |TAMS 0x00000000a2000000, 0x00000000a1f00000| Untracked 
|  32|0x00000000a2000000, 0x00000000a2100000, 0x00000000a2100000|100%| O|  |TAMS 0x00000000a2100000, 0x00000000a2000000| Untracked 
|  33|0x00000000a2100000, 0x00000000a2200000, 0x00000000a2200000|100%|HS|  |TAMS 0x00000000a2200000, 0x00000000a2100000| Complete 
|  34|0x00000000a2200000, 0x00000000a2300000, 0x00000000a2300000|100%|HC|  |TAMS 0x00000000a2300000, 0x00000000a2200000| Complete 
|  35|0x00000000a2300000, 0x00000000a2400000, 0x00000000a2400000|100%| O|  |TAMS 0x00000000a2400000, 0x00000000a2300000| Untracked 
|  36|0x00000000a2400000, 0x00000000a2500000, 0x00000000a2500000|100%| O|  |TAMS 0x00000000a2500000, 0x00000000a2400000| Untracked 
|  37|0x00000000a2500000, 0x00000000a2600000, 0x00000000a2600000|100%| O|  |TAMS 0x00000000a2600000, 0x00000000a2500000| Untracked 
|  38|0x00000000a2600000, 0x00000000a2700000, 0x00000000a2700000|100%| O|  |TAMS 0x00000000a2700000, 0x00000000a2600000| Untracked 
|  39|0x00000000a2700000, 0x00000000a2800000, 0x00000000a2800000|100%| O|  |TAMS 0x00000000a2800000, 0x00000000a2700000| Untracked 
|  40|0x00000000a2800000, 0x00000000a2900000, 0x00000000a2900000|100%| O|  |TAMS 0x00000000a2900000, 0x00000000a2800000| Untracked 
|  41|0x00000000a2900000, 0x00000000a2a00000, 0x00000000a2a00000|100%| O|  |TAMS 0x00000000a2a00000, 0x00000000a2900000| Untracked 
|  42|0x00000000a2a00000, 0x00000000a2b00000, 0x00000000a2b00000|100%|HS|  |TAMS 0x00000000a2b00000, 0x00000000a2a00000| Complete 
|  43|0x00000000a2b00000, 0x00000000a2c00000, 0x00000000a2c00000|100%|HC|  |TAMS 0x00000000a2c00000, 0x00000000a2b00000| Complete 
|  44|0x00000000a2c00000, 0x00000000a2d00000, 0x00000000a2d00000|100%|HC|  |TAMS 0x00000000a2d00000, 0x00000000a2c00000| Complete 
|  45|0x00000000a2d00000, 0x00000000a2e00000, 0x00000000a2e00000|100%|HS|  |TAMS 0x00000000a2e00000, 0x00000000a2d00000| Complete 
|  46|0x00000000a2e00000, 0x00000000a2f00000, 0x00000000a2f00000|100%|HC|  |TAMS 0x00000000a2f00000, 0x00000000a2e00000| Complete 
|  47|0x00000000a2f00000, 0x00000000a3000000, 0x00000000a3000000|100%|HC|  |TAMS 0x00000000a3000000, 0x00000000a2f00000| Complete 
|  48|0x00000000a3000000, 0x00000000a3100000, 0x00000000a3100000|100%|HC|  |TAMS 0x00000000a3100000, 0x00000000a3000000| Complete 
|  49|0x00000000a3100000, 0x00000000a3200000, 0x00000000a3200000|100%|HC|  |TAMS 0x00000000a3200000, 0x00000000a3100000| Complete 
|  50|0x00000000a3200000, 0x00000000a3300000, 0x00000000a3300000|100%|HC|  |TAMS 0x00000000a3300000, 0x00000000a3200000| Complete 
|  51|0x00000000a3300000, 0x00000000a3400000, 0x00000000a3400000|100%|HC|  |TAMS 0x00000000a3400000, 0x00000000a3300000| Complete 
|  52|0x00000000a3400000, 0x00000000a3500000, 0x00000000a3500000|100%|HC|  |TAMS 0x00000000a3500000, 0x00000000a3400000| Complete 
|  53|0x00000000a3500000, 0x00000000a3600000, 0x00000000a3600000|100%|HC|  |TAMS 0x00000000a3600000, 0x00000000a3500000| Complete 
|  54|0x00000000a3600000, 0x00000000a3700000, 0x00000000a3700000|100%|HC|  |TAMS 0x00000000a3700000, 0x00000000a3600000| Complete 
|  55|0x00000000a3700000, 0x00000000a3800000, 0x00000000a3800000|100%|HC|  |TAMS 0x00000000a3800000, 0x00000000a3700000| Complete 
|  56|0x00000000a3800000, 0x00000000a3900000, 0x00000000a3900000|100%|HC|  |TAMS 0x00000000a3900000, 0x00000000a3800000| Complete 
|  57|0x00000000a3900000, 0x00000000a3a00000, 0x00000000a3a00000|100%| O|  |TAMS 0x00000000a3a00000, 0x00000000a3900000| Untracked 
|  58|0x00000000a3a00000, 0x00000000a3b00000, 0x00000000a3b00000|100%| O|  |TAMS 0x00000000a3b00000, 0x00000000a3a00000| Untracked 
|  59|0x00000000a3b00000, 0x00000000a3c00000, 0x00000000a3c00000|100%| O|  |TAMS 0x00000000a3c00000, 0x00000000a3b00000| Untracked 
|  60|0x00000000a3c00000, 0x00000000a3d00000, 0x00000000a3d00000|100%|HS|  |TAMS 0x00000000a3d00000, 0x00000000a3c00000| Complete 
|  61|0x00000000a3d00000, 0x00000000a3e00000, 0x00000000a3e00000|100%|HC|  |TAMS 0x00000000a3e00000, 0x00000000a3d00000| Complete 
|  62|0x00000000a3e00000, 0x00000000a3f00000, 0x00000000a3f00000|100%|HC|  |TAMS 0x00000000a3f00000, 0x00000000a3e00000| Complete 
|  63|0x00000000a3f00000, 0x00000000a4000000, 0x00000000a4000000|100%| O|  |TAMS 0x00000000a4000000, 0x00000000a3f00000| Untracked 
|  64|0x00000000a4000000, 0x00000000a4100000, 0x00000000a4100000|100%| O|  |TAMS 0x00000000a4100000, 0x00000000a4000000| Untracked 
|  65|0x00000000a4100000, 0x00000000a4200000, 0x00000000a4200000|100%| O|  |TAMS 0x00000000a4200000, 0x00000000a4100000| Untracked 
|  66|0x00000000a4200000, 0x00000000a4300000, 0x00000000a4300000|100%| O|  |TAMS 0x00000000a4300000, 0x00000000a4200000| Untracked 
|  67|0x00000000a4300000, 0x00000000a4400000, 0x00000000a4400000|100%| O|  |TAMS 0x00000000a4400000, 0x00000000a4300000| Untracked 
|  68|0x00000000a4400000, 0x00000000a4500000, 0x00000000a4500000|100%| O|  |TAMS 0x00000000a4500000, 0x00000000a4400000| Untracked 
|  69|0x00000000a4500000, 0x00000000a4600000, 0x00000000a4600000|100%| O|  |TAMS 0x00000000a4600000, 0x00000000a4500000| Untracked 
|  70|0x00000000a4600000, 0x00000000a4700000, 0x00000000a4700000|100%| O|  |TAMS 0x00000000a4700000, 0x00000000a4600000| Untracked 
|  71|0x00000000a4700000, 0x00000000a4800000, 0x00000000a4800000|100%|HS|  |TAMS 0x00000000a4800000, 0x00000000a4700000| Complete 
|  72|0x00000000a4800000, 0x00000000a4800000, 0x00000000a4900000|  0%| F|  |TAMS 0x00000000a4800000, 0x00000000a4800000| Untracked 
|  73|0x00000000a4900000, 0x00000000a4900000, 0x00000000a4a00000|  0%| F|  |TAMS 0x00000000a4900000, 0x00000000a4900000| Untracked 
|  74|0x00000000a4a00000, 0x00000000a4a00000, 0x00000000a4b00000|  0%| F|  |TAMS 0x00000000a4a00000, 0x00000000a4a00000| Untracked 
|  75|0x00000000a4b00000, 0x00000000a4c00000, 0x00000000a4c00000|100%|HS|  |TAMS 0x00000000a4c00000, 0x00000000a4b00000| Complete 
|  76|0x00000000a4c00000, 0x00000000a4d00000, 0x00000000a4d00000|100%| O|  |TAMS 0x00000000a4d00000, 0x00000000a4c00000| Untracked 
|  77|0x00000000a4d00000, 0x00000000a4e00000, 0x00000000a4e00000|100%|HS|  |TAMS 0x00000000a4e00000, 0x00000000a4d00000| Complete 
|  78|0x00000000a4e00000, 0x00000000a4f00000, 0x00000000a4f00000|100%|HC|  |TAMS 0x00000000a4f00000, 0x00000000a4e00000| Complete 
|  79|0x00000000a4f00000, 0x00000000a5000000, 0x00000000a5000000|100%|HC|  |TAMS 0x00000000a5000000, 0x00000000a4f00000| Complete 
|  80|0x00000000a5000000, 0x00000000a5100000, 0x00000000a5100000|100%| O|  |TAMS 0x00000000a5100000, 0x00000000a5000000| Untracked 
|  81|0x00000000a5100000, 0x00000000a5200000, 0x00000000a5200000|100%| O|  |TAMS 0x00000000a5200000, 0x00000000a5100000| Untracked 
|  82|0x00000000a5200000, 0x00000000a5300000, 0x00000000a5300000|100%| O|  |TAMS 0x00000000a5300000, 0x00000000a5200000| Untracked 
|  83|0x00000000a5300000, 0x00000000a539dc00, 0x00000000a5400000| 61%| O|  |TAMS 0x00000000a539dc00, 0x00000000a5300000| Untracked 
|  84|0x00000000a5400000, 0x00000000a5400000, 0x00000000a5500000|  0%| F|  |TAMS 0x00000000a5400000, 0x00000000a5400000| Untracked 
|  85|0x00000000a5500000, 0x00000000a5500000, 0x00000000a5600000|  0%| F|  |TAMS 0x00000000a5500000, 0x00000000a5500000| Untracked 
|  86|0x00000000a5600000, 0x00000000a5600000, 0x00000000a5700000|  0%| F|  |TAMS 0x00000000a5600000, 0x00000000a5600000| Untracked 
|  87|0x00000000a5700000, 0x00000000a5700000, 0x00000000a5800000|  0%| F|  |TAMS 0x00000000a5700000, 0x00000000a5700000| Untracked 
|  88|0x00000000a5800000, 0x00000000a5800000, 0x00000000a5900000|  0%| F|  |TAMS 0x00000000a5800000, 0x00000000a5800000| Untracked 
|  89|0x00000000a5900000, 0x00000000a5900000, 0x00000000a5a00000|  0%| F|  |TAMS 0x00000000a5900000, 0x00000000a5900000| Untracked 
|  90|0x00000000a5a00000, 0x00000000a5a00000, 0x00000000a5b00000|  0%| F|  |TAMS 0x00000000a5a00000, 0x00000000a5a00000| Untracked 
|  91|0x00000000a5b00000, 0x00000000a5b00000, 0x00000000a5c00000|  0%| F|  |TAMS 0x00000000a5b00000, 0x00000000a5b00000| Untracked 
|  92|0x00000000a5c00000, 0x00000000a5c00000, 0x00000000a5d00000|  0%| F|  |TAMS 0x00000000a5c00000, 0x00000000a5c00000| Untracked 
|  93|0x00000000a5d00000, 0x00000000a5d00000, 0x00000000a5e00000|  0%| F|  |TAMS 0x00000000a5d00000, 0x00000000a5d00000| Untracked 
|  94|0x00000000a5e00000, 0x00000000a5e00000, 0x00000000a5f00000|  0%| F|  |TAMS 0x00000000a5e00000, 0x00000000a5e00000| Untracked 
|  95|0x00000000a5f00000, 0x00000000a5f00000, 0x00000000a6000000|  0%| F|  |TAMS 0x00000000a5f00000, 0x00000000a5f00000| Untracked 
|  96|0x00000000a6000000, 0x00000000a6000000, 0x00000000a6100000|  0%| F|  |TAMS 0x00000000a6000000, 0x00000000a6000000| Untracked 
|  97|0x00000000a6100000, 0x00000000a6100000, 0x00000000a6200000|  0%| F|  |TAMS 0x00000000a6100000, 0x00000000a6100000| Untracked 
|  98|0x00000000a6200000, 0x00000000a6200000, 0x00000000a6300000|  0%| F|  |TAMS 0x00000000a6200000, 0x00000000a6200000| Untracked 
|  99|0x00000000a6300000, 0x00000000a6300000, 0x00000000a6400000|  0%| F|  |TAMS 0x00000000a6300000, 0x00000000a6300000| Untracked 
| 100|0x00000000a6400000, 0x00000000a6400000, 0x00000000a6500000|  0%| F|  |TAMS 0x00000000a6400000, 0x00000000a6400000| Untracked 
| 101|0x00000000a6500000, 0x00000000a6500000, 0x00000000a6600000|  0%| F|  |TAMS 0x00000000a6500000, 0x00000000a6500000| Untracked 
| 102|0x00000000a6600000, 0x00000000a6600000, 0x00000000a6700000|  0%| F|  |TAMS 0x00000000a6600000, 0x00000000a6600000| Untracked 
| 103|0x00000000a6700000, 0x00000000a678d2e0, 0x00000000a6800000| 55%| S|CS|TAMS 0x00000000a6700000, 0x00000000a6700000| Complete 
| 104|0x00000000a6800000, 0x00000000a6900000, 0x00000000a6900000|100%| S|CS|TAMS 0x00000000a6800000, 0x00000000a6800000| Complete 
| 105|0x00000000a6900000, 0x00000000a6a00000, 0x00000000a6a00000|100%| S|CS|TAMS 0x00000000a6900000, 0x00000000a6900000| Complete 
| 106|0x00000000a6a00000, 0x00000000a6a00000, 0x00000000a6b00000|  0%| F|  |TAMS 0x00000000a6a00000, 0x00000000a6a00000| Untracked 
| 107|0x00000000a6b00000, 0x00000000a6b00000, 0x00000000a6c00000|  0%| F|  |TAMS 0x00000000a6b00000, 0x00000000a6b00000| Untracked 
| 108|0x00000000a6c00000, 0x00000000a6c00000, 0x00000000a6d00000|  0%| F|  |TAMS 0x00000000a6c00000, 0x00000000a6c00000| Untracked 
| 109|0x00000000a6d00000, 0x00000000a6e00000, 0x00000000a6e00000|100%| S|CS|TAMS 0x00000000a6d00000, 0x00000000a6d00000| Complete 
| 110|0x00000000a6e00000, 0x00000000a6e00000, 0x00000000a6f00000|  0%| F|  |TAMS 0x00000000a6e00000, 0x00000000a6e00000| Untracked 
| 111|0x00000000a6f00000, 0x00000000a6f00000, 0x00000000a7000000|  0%| F|  |TAMS 0x00000000a6f00000, 0x00000000a6f00000| Untracked 
| 112|0x00000000a7000000, 0x00000000a7000000, 0x00000000a7100000|  0%| F|  |TAMS 0x00000000a7000000, 0x00000000a7000000| Untracked 
| 113|0x00000000a7100000, 0x00000000a7100000, 0x00000000a7200000|  0%| F|  |TAMS 0x00000000a7100000, 0x00000000a7100000| Untracked 
| 114|0x00000000a7200000, 0x00000000a7200000, 0x00000000a7300000|  0%| F|  |TAMS 0x00000000a7200000, 0x00000000a7200000| Untracked 
| 115|0x00000000a7300000, 0x00000000a7300000, 0x00000000a7400000|  0%| F|  |TAMS 0x00000000a7300000, 0x00000000a7300000| Untracked 
| 116|0x00000000a7400000, 0x00000000a7400000, 0x00000000a7500000|  0%| F|  |TAMS 0x00000000a7400000, 0x00000000a7400000| Untracked 
| 117|0x00000000a7500000, 0x00000000a7500000, 0x00000000a7600000|  0%| F|  |TAMS 0x00000000a7500000, 0x00000000a7500000| Untracked 
| 118|0x00000000a7600000, 0x00000000a7600000, 0x00000000a7700000|  0%| F|  |TAMS 0x00000000a7600000, 0x00000000a7600000| Untracked 
| 119|0x00000000a7700000, 0x00000000a7700000, 0x00000000a7800000|  0%| F|  |TAMS 0x00000000a7700000, 0x00000000a7700000| Untracked 
| 120|0x00000000a7800000, 0x00000000a7800000, 0x00000000a7900000|  0%| F|  |TAMS 0x00000000a7800000, 0x00000000a7800000| Untracked 
| 121|0x00000000a7900000, 0x00000000a7900000, 0x00000000a7a00000|  0%| F|  |TAMS 0x00000000a7900000, 0x00000000a7900000| Untracked 
| 122|0x00000000a7a00000, 0x00000000a7a00000, 0x00000000a7b00000|  0%| F|  |TAMS 0x00000000a7a00000, 0x00000000a7a00000| Untracked 
| 123|0x00000000a7b00000, 0x00000000a7b00000, 0x00000000a7c00000|  0%| F|  |TAMS 0x00000000a7b00000, 0x00000000a7b00000| Untracked 
| 124|0x00000000a7c00000, 0x00000000a7c00000, 0x00000000a7d00000|  0%| F|  |TAMS 0x00000000a7c00000, 0x00000000a7c00000| Untracked 
| 125|0x00000000a7d00000, 0x00000000a7d00000, 0x00000000a7e00000|  0%| F|  |TAMS 0x00000000a7d00000, 0x00000000a7d00000| Untracked 
| 126|0x00000000a7e00000, 0x00000000a7e00000, 0x00000000a7f00000|  0%| F|  |TAMS 0x00000000a7e00000, 0x00000000a7e00000| Untracked 
| 127|0x00000000a7f00000, 0x00000000a7f00000, 0x00000000a8000000|  0%| F|  |TAMS 0x00000000a7f00000, 0x00000000a7f00000| Untracked 
| 128|0x00000000a8000000, 0x00000000a8000000, 0x00000000a8100000|  0%| F|  |TAMS 0x00000000a8000000, 0x00000000a8000000| Untracked 
| 129|0x00000000a8100000, 0x00000000a8100000, 0x00000000a8200000|  0%| F|  |TAMS 0x00000000a8100000, 0x00000000a8100000| Untracked 
| 130|0x00000000a8200000, 0x00000000a8200000, 0x00000000a8300000|  0%| F|  |TAMS 0x00000000a8200000, 0x00000000a8200000| Untracked 
| 131|0x00000000a8300000, 0x00000000a8300000, 0x00000000a8400000|  0%| F|  |TAMS 0x00000000a8300000, 0x00000000a8300000| Untracked 
| 132|0x00000000a8400000, 0x00000000a8400000, 0x00000000a8500000|  0%| F|  |TAMS 0x00000000a8400000, 0x00000000a8400000| Untracked 
| 133|0x00000000a8500000, 0x00000000a8500000, 0x00000000a8600000|  0%| F|  |TAMS 0x00000000a8500000, 0x00000000a8500000| Untracked 
| 134|0x00000000a8600000, 0x00000000a8600000, 0x00000000a8700000|  0%| F|  |TAMS 0x00000000a8600000, 0x00000000a8600000| Untracked 
| 135|0x00000000a8700000, 0x00000000a8700000, 0x00000000a8800000|  0%| F|  |TAMS 0x00000000a8700000, 0x00000000a8700000| Untracked 
| 136|0x00000000a8800000, 0x00000000a8800000, 0x00000000a8900000|  0%| F|  |TAMS 0x00000000a8800000, 0x00000000a8800000| Untracked 
| 137|0x00000000a8900000, 0x00000000a8900000, 0x00000000a8a00000|  0%| F|  |TAMS 0x00000000a8900000, 0x00000000a8900000| Untracked 
| 138|0x00000000a8a00000, 0x00000000a8a00000, 0x00000000a8b00000|  0%| F|  |TAMS 0x00000000a8a00000, 0x00000000a8a00000| Untracked 
| 139|0x00000000a8b00000, 0x00000000a8b00000, 0x00000000a8c00000|  0%| F|  |TAMS 0x00000000a8b00000, 0x00000000a8b00000| Untracked 
| 140|0x00000000a8c00000, 0x00000000a8c00000, 0x00000000a8d00000|  0%| F|  |TAMS 0x00000000a8c00000, 0x00000000a8c00000| Untracked 
| 141|0x00000000a8d00000, 0x00000000a8d00000, 0x00000000a8e00000|  0%| F|  |TAMS 0x00000000a8d00000, 0x00000000a8d00000| Untracked 
| 142|0x00000000a8e00000, 0x00000000a8e00000, 0x00000000a8f00000|  0%| F|  |TAMS 0x00000000a8e00000, 0x00000000a8e00000| Untracked 
| 143|0x00000000a8f00000, 0x00000000a8f00000, 0x00000000a9000000|  0%| F|  |TAMS 0x00000000a8f00000, 0x00000000a8f00000| Untracked 
| 144|0x00000000a9000000, 0x00000000a9000000, 0x00000000a9100000|  0%| F|  |TAMS 0x00000000a9000000, 0x00000000a9000000| Untracked 
| 145|0x00000000a9100000, 0x00000000a9100000, 0x00000000a9200000|  0%| F|  |TAMS 0x00000000a9100000, 0x00000000a9100000| Untracked 
| 146|0x00000000a9200000, 0x00000000a9200000, 0x00000000a9300000|  0%| F|  |TAMS 0x00000000a9200000, 0x00000000a9200000| Untracked 
| 147|0x00000000a9300000, 0x00000000a9300000, 0x00000000a9400000|  0%| F|  |TAMS 0x00000000a9300000, 0x00000000a9300000| Untracked 
| 148|0x00000000a9400000, 0x00000000a9400000, 0x00000000a9500000|  0%| F|  |TAMS 0x00000000a9400000, 0x00000000a9400000| Untracked 
| 149|0x00000000a9500000, 0x00000000a9500000, 0x00000000a9600000|  0%| F|  |TAMS 0x00000000a9500000, 0x00000000a9500000| Untracked 
| 150|0x00000000a9600000, 0x00000000a9600000, 0x00000000a9700000|  0%| F|  |TAMS 0x00000000a9600000, 0x00000000a9600000| Untracked 
| 151|0x00000000a9700000, 0x00000000a9700000, 0x00000000a9800000|  0%| F|  |TAMS 0x00000000a9700000, 0x00000000a9700000| Untracked 
| 152|0x00000000a9800000, 0x00000000a9800000, 0x00000000a9900000|  0%| F|  |TAMS 0x00000000a9800000, 0x00000000a9800000| Untracked 
| 153|0x00000000a9900000, 0x00000000a9900000, 0x00000000a9a00000|  0%| F|  |TAMS 0x00000000a9900000, 0x00000000a9900000| Untracked 
| 154|0x00000000a9a00000, 0x00000000a9a00000, 0x00000000a9b00000|  0%| F|  |TAMS 0x00000000a9a00000, 0x00000000a9a00000| Untracked 
| 155|0x00000000a9b00000, 0x00000000a9b00000, 0x00000000a9c00000|  0%| F|  |TAMS 0x00000000a9b00000, 0x00000000a9b00000| Untracked 
| 156|0x00000000a9c00000, 0x00000000a9c00000, 0x00000000a9d00000|  0%| F|  |TAMS 0x00000000a9c00000, 0x00000000a9c00000| Untracked 
| 157|0x00000000a9d00000, 0x00000000a9d00000, 0x00000000a9e00000|  0%| F|  |TAMS 0x00000000a9d00000, 0x00000000a9d00000| Untracked 
| 158|0x00000000a9e00000, 0x00000000a9e00000, 0x00000000a9f00000|  0%| F|  |TAMS 0x00000000a9e00000, 0x00000000a9e00000| Untracked 
| 159|0x00000000a9f00000, 0x00000000a9f00000, 0x00000000aa000000|  0%| F|  |TAMS 0x00000000a9f00000, 0x00000000a9f00000| Untracked 
| 160|0x00000000aa000000, 0x00000000aa000000, 0x00000000aa100000|  0%| F|  |TAMS 0x00000000aa000000, 0x00000000aa000000| Untracked 
| 161|0x00000000aa100000, 0x00000000aa100000, 0x00000000aa200000|  0%| F|  |TAMS 0x00000000aa100000, 0x00000000aa100000| Untracked 
| 162|0x00000000aa200000, 0x00000000aa200000, 0x00000000aa300000|  0%| F|  |TAMS 0x00000000aa200000, 0x00000000aa200000| Untracked 
| 163|0x00000000aa300000, 0x00000000aa300000, 0x00000000aa400000|  0%| F|  |TAMS 0x00000000aa300000, 0x00000000aa300000| Untracked 
| 164|0x00000000aa400000, 0x00000000aa400000, 0x00000000aa500000|  0%| F|  |TAMS 0x00000000aa400000, 0x00000000aa400000| Untracked 
| 165|0x00000000aa500000, 0x00000000aa500000, 0x00000000aa600000|  0%| F|  |TAMS 0x00000000aa500000, 0x00000000aa500000| Untracked 
| 166|0x00000000aa600000, 0x00000000aa600000, 0x00000000aa700000|  0%| F|  |TAMS 0x00000000aa600000, 0x00000000aa600000| Untracked 
| 167|0x00000000aa700000, 0x00000000aa700000, 0x00000000aa800000|  0%| F|  |TAMS 0x00000000aa700000, 0x00000000aa700000| Untracked 
| 168|0x00000000aa800000, 0x00000000aa800000, 0x00000000aa900000|  0%| F|  |TAMS 0x00000000aa800000, 0x00000000aa800000| Untracked 
| 169|0x00000000aa900000, 0x00000000aa900000, 0x00000000aaa00000|  0%| F|  |TAMS 0x00000000aa900000, 0x00000000aa900000| Untracked 
| 170|0x00000000aaa00000, 0x00000000aaa00000, 0x00000000aab00000|  0%| F|  |TAMS 0x00000000aaa00000, 0x00000000aaa00000| Untracked 
| 171|0x00000000aab00000, 0x00000000aab00000, 0x00000000aac00000|  0%| F|  |TAMS 0x00000000aab00000, 0x00000000aab00000| Untracked 
| 172|0x00000000aac00000, 0x00000000aac00000, 0x00000000aad00000|  0%| F|  |TAMS 0x00000000aac00000, 0x00000000aac00000| Untracked 
| 173|0x00000000aad00000, 0x00000000aad00000, 0x00000000aae00000|  0%| F|  |TAMS 0x00000000aad00000, 0x00000000aad00000| Untracked 
| 188|0x00000000abc00000, 0x00000000abc00000, 0x00000000abd00000|  0%| F|  |TAMS 0x00000000abc00000, 0x00000000abc00000| Untracked 
| 189|0x00000000abd00000, 0x00000000abd00000, 0x00000000abe00000|  0%| F|  |TAMS 0x00000000abd00000, 0x00000000abd00000| Untracked 
| 190|0x00000000abe00000, 0x00000000abe00000, 0x00000000abf00000|  0%| F|  |TAMS 0x00000000abe00000, 0x00000000abe00000| Untracked 
| 191|0x00000000abf00000, 0x00000000abf00000, 0x00000000ac000000|  0%| F|  |TAMS 0x00000000abf00000, 0x00000000abf00000| Untracked 
| 192|0x00000000ac000000, 0x00000000ac000000, 0x00000000ac100000|  0%| F|  |TAMS 0x00000000ac000000, 0x00000000ac000000| Untracked 
| 193|0x00000000ac100000, 0x00000000ac100000, 0x00000000ac200000|  0%| F|  |TAMS 0x00000000ac100000, 0x00000000ac100000| Untracked 
| 194|0x00000000ac200000, 0x00000000ac200000, 0x00000000ac300000|  0%| F|  |TAMS 0x00000000ac200000, 0x00000000ac200000| Untracked 
| 195|0x00000000ac300000, 0x00000000ac300000, 0x00000000ac400000|  0%| F|  |TAMS 0x00000000ac300000, 0x00000000ac300000| Untracked 
| 237|0x00000000aed00000, 0x00000000aed00000, 0x00000000aee00000|  0%| F|  |TAMS 0x00000000aed00000, 0x00000000aed00000| Untracked 

Card table byte_map: [0x000001f2eebf0000,0x000001f2eeef0000] _byte_map_base: 0x000001f2ee6f0000

Marking Bits (Prev, Next): (CMBitMap*) 0x000001f2dbc007c0, (CMBitMap*) 0x000001f2dbc00780
 Prev Bits: [0x000001f2f09f0000, 0x000001f2f21f0000)
 Next Bits: [0x000001f2ef1f0000, 0x000001f2f09f0000)

Polling page: 0x000001f2d9b30000

Metaspace:

Usage:
  Non-class:     46.79 MB used.
      Class:      7.13 MB used.
       Both:     53.91 MB used.

Virtual space:
  Non-class space:       48.00 MB reserved,      47.12 MB ( 98%) committed,  6 nodes.
      Class space:        1.00 GB reserved,       7.38 MB ( <1%) committed,  1 nodes.
             Both:        1.05 GB reserved,      54.50 MB (  5%) committed. 

Chunk freelists:
   Non-Class:  368.00 KB
       Class:  528.00 KB
        Both:  896.00 KB

MaxMetaspaceSize: unlimited
CompressedClassSpaceSize: 1.00 GB
Initial GC threshold: 21.00 MB
Current GC threshold: 90.75 MB
CDS: off
MetaspaceReclaimPolicy: balanced
 - commit_granule_bytes: 65536.
 - commit_granule_words: 8192.
 - virtual_space_node_default_size: 1048576.
 - enlarge_chunks_in_place: 1.
 - new_chunks_are_fully_committed: 0.
 - uncommit_free_chunks: 1.
 - use_allocation_guard: 0.
 - handle_deallocations: 1.


Internal statistics:

num_allocs_failed_limit: 3.
num_arena_births: 568.
num_arena_deaths: 0.
num_vsnodes_births: 7.
num_vsnodes_deaths: 0.
num_space_committed: 872.
num_space_uncommitted: 0.
num_chunks_returned_to_freelist: 3.
num_chunks_taken_from_freelist: 2396.
num_chunk_merges: 3.
num_chunk_splits: 1564.
num_chunks_enlarged: 1039.
num_purges: 0.
num_inconsistent_stats: 0.

CodeHeap 'non-profiled nmethods': size=119168Kb used=3133Kb max_used=3144Kb free=116035Kb
 bounds [0x000001f2e6c10000, 0x000001f2e6f30000, 0x000001f2ee070000]
CodeHeap 'profiled nmethods': size=119104Kb used=11983Kb max_used=11983Kb free=107120Kb
 bounds [0x000001f2df070000, 0x000001f2dfc30000, 0x000001f2e64c0000]
CodeHeap 'non-nmethods': size=7488Kb used=4010Kb max_used=4056Kb free=3478Kb
 bounds [0x000001f2e64c0000, 0x000001f2e68d0000, 0x000001f2e6c10000]
 total_blobs=7021 nmethods=6183 adapters=747
 compilation: enabled
              stopped_count=0, restarted_count=0
 full_count=0

Compilation events (20 events):
Event: 12.896 Thread 0x000001f2f5fe36e0 nmethod 7025 0x000001f2dfc1d210 code [0x000001f2dfc1d400, 0x000001f2dfc1d7b8]
Event: 12.896 Thread 0x000001f2f5c85e80 nmethod 7024 0x000001f2dfc1da90 code [0x000001f2dfc1dc80, 0x000001f2dfc1e038]
Event: 12.912 Thread 0x000001f2f6d94370 7027       3       org.objectweb.asm.AnnotationWriter::putParameterAnnotations (173 bytes)
Event: 12.913 Thread 0x000001f2f5fe36e0 7028       2       org.gradle.model.internal.asm.MethodVisitorScope::_ACONST_NULL (6 bytes)
Event: 12.914 Thread 0x000001f2f5fe36e0 nmethod 7028 0x000001f2dfc1e310 code [0x000001f2dfc1e4a0, 0x000001f2dfc1e5e8]
Event: 12.915 Thread 0x000001f2f6d94370 nmethod 7027 0x000001f2dfc1e690 code [0x000001f2dfc1e8c0, 0x000001f2dfc1ef68]
Event: 12.941 Thread 0x000001f2f5c85e80 7031 %     3       org.objectweb.asm.SymbolTable::addConstantUtf8 @ 12 (98 bytes)
Event: 12.943 Thread 0x000001f2f5c85e80 nmethod 7031% 0x000001f2dfc1f390 code [0x000001f2dfc1f5c0, 0x000001f2dfc1fc78]
Event: 12.943 Thread 0x000001f2f5c85e80 7032       3       org.objectweb.asm.SymbolTable::addConstantUtf8 (98 bytes)
Event: 12.945 Thread 0x000001f2f5c85e80 nmethod 7032 0x000001f2dfc20010 code [0x000001f2dfc20240, 0x000001f2dfc20818]
Event: 12.962 Thread 0x000001f2f5c85e80 7034       2       org.gradle.internal.classpath.InstrumentingTransformer$InstrumentingVisitor::visitStaticPrivateMethod (14 bytes)
Event: 12.962 Thread 0x000001f2f5fe36e0 7035       2       org.gradle.internal.classpath.InstrumentingTransformer::access$1200 (4 bytes)
Event: 12.962 Thread 0x000001f2f5fe36e0 nmethod 7035 0x000001f2dfc20b90 code [0x000001f2dfc20d20, 0x000001f2dfc20e18]
Event: 12.962 Thread 0x000001f2f5c85e80 nmethod 7034 0x000001f2dfc20e90 code [0x000001f2dfc21020, 0x000001f2dfc21168]
Event: 12.969 Thread 0x000001f2f6d94370 7036       2       org.gradle.internal.classpath.InstrumentingTransformer$InstrumentingVisitor$1::<init> (337 bytes)
Event: 12.977 Thread 0x000001f2f6d94370 nmethod 7036 0x000001f2dfc21210 code [0x000001f2dfc215e0, 0x000001f2dfc222a8]
Event: 12.979 Thread 0x000001f2f5c85e80 7037       2       org.gradle.internal.classpath.InstrumentingTransformer::access$100 (4 bytes)
Event: 12.980 Thread 0x000001f2f5c85e80 nmethod 7037 0x000001f2dfc22c90 code [0x000001f2dfc22e20, 0x000001f2dfc22f18]
Event: 12.980 Thread 0x000001f2f6d94370 7038 %     3       org.objectweb.asm.ClassReader::readParameterAnnotations @ 54 (106 bytes)
Event: 12.982 Thread 0x000001f2f6d94370 nmethod 7038% 0x000001f2dfc22f90 code [0x000001f2dfc231c0, 0x000001f2dfc23a18]

GC Heap History (20 events):
Event: 10.680 GC heap after
{Heap after GC invocations=23 (full 0):
 garbage-first heap   total 119808K, used 70884K [0x00000000a0000000, 0x0000000100000000)
  region size 1024K, 2 young (2048K), 2 survivors (2048K)
 Metaspace       used 52132K, committed 52672K, reserved 1097728K
  class space    used 6909K, committed 7104K, reserved 1048576K
}
Event: 11.211 GC heap before
{Heap before GC invocations=24 (full 0):
 garbage-first heap   total 126976K, used 93412K [0x00000000a0000000, 0x0000000100000000)
  region size 1024K, 24 young (24576K), 2 survivors (2048K)
 Metaspace       used 53453K, committed 54016K, reserved 1097728K
  class space    used 7130K, committed 7360K, reserved 1048576K
}
Event: 11.215 GC heap after
{Heap after GC invocations=25 (full 0):
 garbage-first heap   total 126976K, used 72035K [0x00000000a0000000, 0x0000000100000000)
  region size 1024K, 2 young (2048K), 2 survivors (2048K)
 Metaspace       used 53453K, committed 54016K, reserved 1097728K
  class space    used 7130K, committed 7360K, reserved 1048576K
}
Event: 12.004 GC heap before
{Heap before GC invocations=25 (full 0):
 garbage-first heap   total 126976K, used 97635K [0x00000000a0000000, 0x0000000100000000)
  region size 1024K, 28 young (28672K), 2 survivors (2048K)
 Metaspace       used 54809K, committed 55424K, reserved 1097728K
  class space    used 7287K, committed 7552K, reserved 1048576K
}
Event: 12.010 GC heap after
{Heap after GC invocations=26 (full 0):
 garbage-first heap   total 126976K, used 73839K [0x00000000a0000000, 0x0000000100000000)
  region size 1024K, 3 young (3072K), 3 survivors (3072K)
 Metaspace       used 54809K, committed 55424K, reserved 1097728K
  class space    used 7287K, committed 7552K, reserved 1048576K
}
Event: 12.100 GC heap before
{Heap before GC invocations=27 (full 0):
 garbage-first heap   total 130048K, used 94319K [0x00000000a0000000, 0x0000000100000000)
  region size 1024K, 20 young (20480K), 3 survivors (3072K)
 Metaspace       used 54879K, committed 55424K, reserved 1097728K
  class space    used 7294K, committed 7552K, reserved 1048576K
}
Event: 12.105 GC heap after
{Heap after GC invocations=28 (full 0):
 garbage-first heap   total 130048K, used 79893K [0x00000000a0000000, 0x0000000100000000)
  region size 1024K, 4 young (4096K), 4 survivors (4096K)
 Metaspace       used 54879K, committed 55424K, reserved 1097728K
  class space    used 7294K, committed 7552K, reserved 1048576K
}
Event: 12.250 GC heap before
{Heap before GC invocations=29 (full 0):
 garbage-first heap   total 155648K, used 109589K [0x00000000a0000000, 0x0000000100000000)
  region size 1024K, 29 young (29696K), 4 survivors (4096K)
 Metaspace       used 55011K, committed 55552K, reserved 1097728K
  class space    used 7296K, committed 7552K, reserved 1048576K
}
Event: 12.253 GC heap after
{Heap after GC invocations=30 (full 0):
 garbage-first heap   total 155648K, used 82829K [0x00000000a0000000, 0x0000000100000000)
  region size 1024K, 2 young (2048K), 2 survivors (2048K)
 Metaspace       used 55011K, committed 55552K, reserved 1097728K
  class space    used 7296K, committed 7552K, reserved 1048576K
}
Event: 12.368 GC heap before
{Heap before GC invocations=30 (full 0):
 garbage-first heap   total 155648K, used 121741K [0x00000000a0000000, 0x0000000100000000)
  region size 1024K, 41 young (41984K), 2 survivors (2048K)
 Metaspace       used 55095K, committed 55680K, reserved 1097728K
  class space    used 7297K, committed 7552K, reserved 1048576K
}
Event: 12.371 GC heap after
{Heap after GC invocations=31 (full 0):
 garbage-first heap   total 187392K, used 82910K [0x00000000a0000000, 0x0000000100000000)
  region size 1024K, 2 young (2048K), 2 survivors (2048K)
 Metaspace       used 55095K, committed 55680K, reserved 1097728K
  class space    used 7297K, committed 7552K, reserved 1048576K
}
Event: 12.523 GC heap before
{Heap before GC invocations=32 (full 0):
 garbage-first heap   total 187392K, used 146398K [0x00000000a0000000, 0x0000000100000000)
  region size 1024K, 65 young (66560K), 2 survivors (2048K)
 Metaspace       used 55168K, committed 55744K, reserved 1097728K
  class space    used 7297K, committed 7552K, reserved 1048576K
}
Event: 12.526 GC heap after
{Heap after GC invocations=33 (full 0):
 garbage-first heap   total 187392K, used 83557K [0x00000000a0000000, 0x0000000100000000)
  region size 1024K, 2 young (2048K), 2 survivors (2048K)
 Metaspace       used 55168K, committed 55744K, reserved 1097728K
  class space    used 7297K, committed 7552K, reserved 1048576K
}
Event: 12.666 GC heap before
{Heap before GC invocations=33 (full 0):
 garbage-first heap   total 187392K, used 155237K [0x00000000a0000000, 0x0000000100000000)
  region size 1024K, 73 young (74752K), 2 survivors (2048K)
 Metaspace       used 55199K, committed 55744K, reserved 1097728K
  class space    used 7298K, committed 7552K, reserved 1048576K
}
Event: 12.672 GC heap after
{Heap after GC invocations=34 (full 0):
 garbage-first heap   total 187392K, used 86200K [0x00000000a0000000, 0x0000000100000000)
  region size 1024K, 5 young (5120K), 5 survivors (5120K)
 Metaspace       used 55199K, committed 55744K, reserved 1097728K
  class space    used 7298K, committed 7552K, reserved 1048576K
}
Event: 12.780 GC heap before
{Heap before GC invocations=34 (full 0):
 garbage-first heap   total 187392K, used 155832K [0x00000000a0000000, 0x0000000100000000)
  region size 1024K, 73 young (74752K), 5 survivors (5120K)
 Metaspace       used 55201K, committed 55744K, reserved 1097728K
  class space    used 7298K, committed 7552K, reserved 1048576K
}
Event: 12.783 GC heap after
{Heap after GC invocations=35 (full 0):
 garbage-first heap   total 187392K, used 84311K [0x00000000a0000000, 0x0000000100000000)
  region size 1024K, 3 young (3072K), 3 survivors (3072K)
 Metaspace       used 55201K, committed 55744K, reserved 1097728K
  class space    used 7298K, committed 7552K, reserved 1048576K
}
Event: 12.902 GC heap before
{Heap before GC invocations=35 (full 0):
 garbage-first heap   total 187392K, used 158039K [0x00000000a0000000, 0x0000000100000000)
  region size 1024K, 74 young (75776K), 3 survivors (3072K)
 Metaspace       used 55201K, committed 55744K, reserved 1097728K
  class space    used 7298K, committed 7552K, reserved 1048576K
}
Event: 12.906 GC heap after
{Heap after GC invocations=36 (full 0):
 garbage-first heap   total 187392K, used 84635K [0x00000000a0000000, 0x0000000100000000)
  region size 1024K, 3 young (3072K), 3 survivors (3072K)
 Metaspace       used 55201K, committed 55744K, reserved 1097728K
  class space    used 7298K, committed 7552K, reserved 1048576K
}
Event: 13.030 GC heap before
{Heap before GC invocations=36 (full 0):
 garbage-first heap   total 187392K, used 158363K [0x00000000a0000000, 0x0000000100000000)
  region size 1024K, 76 young (77824K), 3 survivors (3072K)
 Metaspace       used 55206K, committed 55808K, reserved 1097728K
  class space    used 7298K, committed 7552K, reserved 1048576K
}

Dll operation events (2 events):
Event: 0.011 Loaded shared library C:\Program Files\Android\Android Studio\jbr\bin\java.dll
Event: 0.686 Loaded shared library C:\Program Files\Android\Android Studio\jbr\bin\verify.dll

Deoptimization events (20 events):
Event: 12.565 Thread 0x000001f2f8876680 DEOPT PACKING pc=0x000001f2dfb92c20 sp=0x000000dbaa0fe950
Event: 12.565 Thread 0x000001f2f8876680 DEOPT UNPACKING pc=0x000001f2e6517143 sp=0x000000dbaa0fde30 mode 0
Event: 12.565 Thread 0x000001f2f887c1f0 DEOPT PACKING pc=0x000001f2dfb92c20 sp=0x000000dbaabfe590
Event: 12.565 Thread 0x000001f2f887c1f0 DEOPT UNPACKING pc=0x000001f2e6517143 sp=0x000000dbaabfda70 mode 0
Event: 12.571 Thread 0x000001f2f887c1f0 DEOPT PACKING pc=0x000001f2dfb92c20 sp=0x000000dbaabfe590
Event: 12.571 Thread 0x000001f2f887c1f0 DEOPT UNPACKING pc=0x000001f2e6517143 sp=0x000000dbaabfda70 mode 0
Event: 12.580 Thread 0x000001f2f8adf880 DEOPT PACKING pc=0x000001f2dfb92c20 sp=0x000000dbaadfe870
Event: 12.580 Thread 0x000001f2f8adf880 DEOPT UNPACKING pc=0x000001f2e6517143 sp=0x000000dbaadfdd50 mode 0
Event: 12.586 Thread 0x000001f2f88779c0 DEOPT PACKING pc=0x000001f2dfb92c20 sp=0x000000dbaa6fe400
Event: 12.586 Thread 0x000001f2f88779c0 DEOPT UNPACKING pc=0x000001f2e6517143 sp=0x000000dbaa6fd8e0 mode 0
Event: 12.605 Thread 0x000001f2f887b850 DEOPT PACKING pc=0x000001f2dfbe31fb sp=0x000000dbaa2fde20
Event: 12.606 Thread 0x000001f2f887b850 DEOPT UNPACKING pc=0x000001f2e6517143 sp=0x000000dbaa2fd338 mode 0
Event: 12.894 Thread 0x000001f2f887c1f0 Uncommon trap: trap_request=0xffffff45 fr.pc=0x000001f2e6d4278c relative=0x0000000000001dac
Event: 12.894 Thread 0x000001f2f887c1f0 Uncommon trap: reason=unstable_if action=reinterpret pc=0x000001f2e6d4278c method=org.objectweb.asm.SymbolTable.addConstantUtf8Reference(ILjava/lang/String;)Lorg/objectweb/asm/Symbol; @ 45 c2
Event: 12.894 Thread 0x000001f2f887c1f0 DEOPT PACKING pc=0x000001f2e6d4278c sp=0x000000dbaabfd9d0
Event: 12.895 Thread 0x000001f2f887c1f0 DEOPT UNPACKING pc=0x000001f2e65169a3 sp=0x000000dbaabfd9e8 mode 2
Event: 12.895 Thread 0x000001f2f887c1f0 Uncommon trap: trap_request=0xffffff45 fr.pc=0x000001f2e6eb575c relative=0x00000000000011bc
Event: 12.895 Thread 0x000001f2f887c1f0 Uncommon trap: reason=unstable_if action=reinterpret pc=0x000001f2e6eb575c method=org.objectweb.asm.SymbolTable.addConstantUtf8(Ljava/lang/String;)I @ 40 c2
Event: 12.895 Thread 0x000001f2f887c1f0 DEOPT PACKING pc=0x000001f2e6eb575c sp=0x000000dbaabfd940
Event: 12.895 Thread 0x000001f2f887c1f0 DEOPT UNPACKING pc=0x000001f2e65169a3 sp=0x000000dbaabfd950 mode 2

Classes unloaded (0 events):
No events

Classes redefined (0 events):
No events

Internal exceptions (20 events):
Event: 10.938 Thread 0x000001f2f8877e90 Exception <a 'java/lang/NoSuchMethodError'{0x00000000a6ca3ec0}: 'java.lang.Object java.lang.invoke.DirectMethodHandle$Holder.invokeStatic(java.lang.Object, java.lang.Object, java.lang.Object, java.lang.Object, java.lang.Object, java.lang.Object, java.lang.Object, java.lang.Object, java.lang.Object, java.lang.Object, java.lang.Object, java.lang.Object, java.lang.Object, java.lang.Object, java.lang.Object, java.lang.Object, java.lang.Object, java.lang.Object, java.lang.Object, java.lang.Object, java.lang.Obj
Event: 10.944 Thread 0x000001f2f8877e90 Exception <a 'java/lang/NoSuchMethodError'{0x00000000a6ccf718}: 'java.lang.Object java.lang.invoke.DirectMethodHandle$Holder.invokeStatic(java.lang.Object, java.lang.Object, java.lang.Object, java.lang.Object, java.lang.Object, java.lang.Object, java.lang.Object, java.lang.Object, java.lang.Object, java.lang.Object, java.lang.Object, java.lang.Object, java.lang.Object, java.lang.Object, java.lang.Object, java.lang.Object, java.lang.Object, java.lang.Object, java.lang.Object, java.lang.Object, java.lang.Obj
Event: 10.949 Thread 0x000001f2f8877e90 Exception <a 'java/lang/NoSuchMethodError'{0x00000000a6cfd8a0}: 'java.lang.Object java.lang.invoke.DirectMethodHandle$Holder.invokeStatic(java.lang.Object, java.lang.Object, java.lang.Object, java.lang.Object, java.lang.Object, java.lang.Object, java.lang.Object, java.lang.Object, java.lang.Object, java.lang.Object, java.lang.Object, java.lang.Object, java.lang.Object, java.lang.Object, java.lang.Object, java.lang.Object, java.lang.Object, java.lang.Object, java.lang.Object, java.lang.Object, java.lang.Obj
Event: 10.953 Thread 0x000001f2f8877e90 Exception <a 'java/lang/NoSuchMethodError'{0x00000000a6b2cd58}: 'java.lang.Object java.lang.invoke.DirectMethodHandle$Holder.invokeStatic(java.lang.Object, java.lang.Object, java.lang.Object, java.lang.Object, java.lang.Object, java.lang.Object, java.lang.Object, java.lang.Object, java.lang.Object, java.lang.Object, java.lang.Object, java.lang.Object, java.lang.Object, java.lang.Object, java.lang.Object, java.lang.Object, java.lang.Object, java.lang.Object, java.lang.Object, java.lang.Object, java.lang.Obj
Event: 11.295 Thread 0x000001f2f8877e90 Exception <a 'java/lang/NoSuchMethodError'{0x00000000ac130e58}: 'java.lang.Object java.lang.invoke.DirectMethodHandle$Holder.newInvokeSpecial(java.lang.Object, java.lang.Object, java.lang.Object, java.lang.Object, java.lang.Object, int)'> (0x00000000ac130e58) 
thrown [s\src\hotspot\share\interpreter\linkResolver.cpp, line 771]
Event: 11.296 Thread 0x000001f2f8877e90 Exception <a 'java/lang/NoSuchMethodError'{0x00000000ac1364b0}: 'java.lang.Object java.lang.invoke.DirectMethodHandle$Holder.invokeSpecial(java.lang.Object, java.lang.Object, java.lang.Object, java.lang.Object, java.lang.Object, java.lang.Object, int)'> (0x00000000ac1364b0) 
thrown [s\src\hotspot\share\interpreter\linkResolver.cpp, line 771]
Event: 11.724 Thread 0x000001f2f8877e90 Exception <a 'java/lang/NoSuchMethodError'{0x00000000a6f42280}: 'void java.lang.invoke.DirectMethodHandle$Holder.invokeStatic(java.lang.Object, java.lang.Object, java.lang.Object, int, java.lang.Object)'> (0x00000000a6f42280) 
thrown [s\src\hotspot\share\interpreter\linkResolver.cpp, line 771]
Event: 12.066 Thread 0x000001f2f887aeb0 Exception <a 'sun/nio/fs/WindowsException'{0x00000000abe8dde0}> (0x00000000abe8dde0) 
thrown [s\src\hotspot\share\prims\jni.cpp, line 517]
Event: 12.087 Thread 0x000001f2f887b380 Exception <a 'sun/nio/fs/WindowsException'{0x00000000abf57560}> (0x00000000abf57560) 
thrown [s\src\hotspot\share\prims\jni.cpp, line 517]
Event: 12.091 Thread 0x000001f2f88779c0 Exception <a 'sun/nio/fs/WindowsException'{0x00000000abce4d48}> (0x00000000abce4d48) 
thrown [s\src\hotspot\share\prims\jni.cpp, line 517]
Event: 12.092 Thread 0x000001f2f8adf880 Exception <a 'sun/nio/fs/WindowsException'{0x00000000abc3ea38}> (0x00000000abc3ea38) 
thrown [s\src\hotspot\share\prims\jni.cpp, line 517]
Event: 12.094 Thread 0x000001f2f887b850 Exception <a 'sun/nio/fs/WindowsException'{0x00000000a75a7ef0}> (0x00000000a75a7ef0) 
thrown [s\src\hotspot\share\prims\jni.cpp, line 517]
Event: 12.096 Thread 0x000001f2f8876680 Exception <a 'sun/nio/fs/WindowsException'{0x00000000a73cf1d8}> (0x00000000a73cf1d8) 
thrown [s\src\hotspot\share\prims\jni.cpp, line 517]
Event: 12.097 Thread 0x000001f2f887c1f0 Exception <a 'sun/nio/fs/WindowsException'{0x00000000a72afc60}> (0x00000000a72afc60) 
thrown [s\src\hotspot\share\prims\jni.cpp, line 517]
Event: 12.099 Thread 0x000001f2f887c6c0 Exception <a 'sun/nio/fs/WindowsException'{0x00000000a719d908}> (0x00000000a719d908) 
thrown [s\src\hotspot\share\prims\jni.cpp, line 517]
Event: 12.115 Thread 0x000001f2f8adfd50 Exception <a 'sun/nio/fs/WindowsException'{0x00000000ac2f2d40}> (0x00000000ac2f2d40) 
thrown [s\src\hotspot\share\prims\jni.cpp, line 517]
Event: 12.545 Thread 0x000001f2f887aeb0 Exception <a 'sun/nio/fs/WindowsException'{0x00000000abd7e770}> (0x00000000abd7e770) 
thrown [s\src\hotspot\share\prims\jni.cpp, line 517]
Event: 12.559 Thread 0x000001f2f887aeb0 Exception <a 'sun/nio/fs/WindowsException'{0x00000000abd7e938}> (0x00000000abd7e938) 
thrown [s\src\hotspot\share\prims\jni.cpp, line 517]
Event: 12.650 Thread 0x000001f2f887b380 Exception <a 'sun/nio/fs/WindowsException'{0x00000000a70bbd70}> (0x00000000a70bbd70) 
thrown [s\src\hotspot\share\prims\jni.cpp, line 517]
Event: 12.672 Thread 0x000001f2f887b380 Exception <a 'sun/nio/fs/WindowsException'{0x00000000ac300000}> (0x00000000ac300000) 
thrown [s\src\hotspot\share\prims\jni.cpp, line 517]

VM Operations (20 events):
Event: 12.372 Executing VM operation: G1CollectForAllocation done
Event: 12.419 Executing VM operation: G1Concurrent
Event: 12.426 Executing VM operation: G1Concurrent done
Event: 12.450 Executing VM operation: G1Concurrent
Event: 12.453 Executing VM operation: G1Concurrent done
Event: 12.522 Executing VM operation: G1CollectForAllocation
Event: 12.523 Executing VM operation: G1CollectForAllocation done
Event: 12.523 Executing VM operation: G1CollectForAllocation
Event: 12.526 Executing VM operation: G1CollectForAllocation done
Event: 12.652 Executing VM operation: G1CollectForAllocation
Event: 12.672 Executing VM operation: G1CollectForAllocation done
Event: 12.780 Executing VM operation: G1CollectForAllocation
Event: 12.783 Executing VM operation: G1CollectForAllocation done
Event: 12.901 Executing VM operation: G1CollectForAllocation
Event: 12.901 Executing VM operation: G1CollectForAllocation done
Event: 12.901 Executing VM operation: G1CollectForAllocation
Event: 12.906 Executing VM operation: G1CollectForAllocation done
Event: 13.029 Executing VM operation: G1CollectForAllocation
Event: 13.030 Executing VM operation: G1CollectForAllocation done
Event: 13.030 Executing VM operation: G1CollectForAllocation

Events (20 events):
Event: 11.910 Thread 0x000001f2f67af890 Thread added: 0x000001f2f67af890
Event: 11.910 Thread 0x000001f2f6135c00 Thread added: 0x000001f2f6135c00
Event: 11.910 Thread 0x000001f2f61330b0 Thread added: 0x000001f2f61330b0
Event: 11.910 Thread 0x000001f2f6132be0 Thread added: 0x000001f2f6132be0
Event: 11.911 Thread 0x000001f2f61348c0 Thread added: 0x000001f2f61348c0
Event: 11.911 Thread 0x000001f2f6138750 Thread added: 0x000001f2f6138750
Event: 11.911 Thread 0x000001f2f6138c20 Thread added: 0x000001f2f6138c20
Event: 11.911 Thread 0x000001f2f6132710 Thread added: 0x000001f2f6132710
Event: 11.911 Thread 0x000001f2f6138280 Thread added: 0x000001f2f6138280
Event: 11.911 Thread 0x000001f2f6133580 Thread added: 0x000001f2f6133580
Event: 11.912 Thread 0x000001f2f6137410 Thread added: 0x000001f2f6137410
Event: 11.912 Thread 0x000001f2f61390f0 Thread added: 0x000001f2f61390f0
Event: 11.913 Thread 0x000001f2f6133a50 Thread added: 0x000001f2f6133a50
Event: 11.913 Thread 0x000001f2f61360d0 Thread added: 0x000001f2f61360d0
Event: 12.110 Thread 0x000001f2fbc424e0 Thread added: 0x000001f2fbc424e0
Event: 12.118 Thread 0x000001f2fbc45270 Thread added: 0x000001f2fbc45270
Event: 12.136 Thread 0x000001f2fbc44340 Thread added: 0x000001f2fbc44340
Event: 12.161 Thread 0x000001f2fbc43920 Thread added: 0x000001f2fbc43920
Event: 12.537 loading class jdk/internal/access/foreign/MemorySegmentProxy
Event: 12.538 loading class jdk/internal/access/foreign/MemorySegmentProxy done


Dynamic libraries:
0x00007ff7e57a0000 - 0x00007ff7e57aa000 	C:\Program Files\Android\Android Studio\jbr\bin\java.exe
0x00007ffd167b0000 - 0x00007ffd169c7000 	C:\WINDOWS\SYSTEM32\ntdll.dll
0x00007ffd146a0000 - 0x00007ffd14764000 	C:\WINDOWS\System32\KERNEL32.DLL
0x00007ffd13c50000 - 0x00007ffd13ffc000 	C:\WINDOWS\System32\KERNELBASE.dll
0x00007ffd143d0000 - 0x00007ffd144e1000 	C:\WINDOWS\System32\ucrtbase.dll
0x00007ffcf5d50000 - 0x00007ffcf5d6b000 	C:\Program Files\Android\Android Studio\jbr\bin\VCRUNTIME140.dll
0x00007ffd010a0000 - 0x00007ffd010b7000 	C:\Program Files\Android\Android Studio\jbr\bin\jli.dll
0x00007ffd158a0000 - 0x00007ffd15a4e000 	C:\WINDOWS\System32\USER32.dll
0x00007ffd14120000 - 0x00007ffd14146000 	C:\WINDOWS\System32\win32u.dll
0x00007ffcf8e70000 - 0x00007ffcf9103000 	C:\WINDOWS\WinSxS\amd64_microsoft.windows.common-controls_6595b64144ccf1df_6.0.22621.3672_none_2713b9d173822955\COMCTL32.dll
0x00007ffd16120000 - 0x00007ffd16149000 	C:\WINDOWS\System32\GDI32.dll
0x00007ffd15130000 - 0x00007ffd151d7000 	C:\WINDOWS\System32\msvcrt.dll
0x00007ffd141f0000 - 0x00007ffd14309000 	C:\WINDOWS\System32\gdi32full.dll
0x00007ffd14080000 - 0x00007ffd1411a000 	C:\WINDOWS\System32\msvcp_win.dll
0x00007ffd16050000 - 0x00007ffd16081000 	C:\WINDOWS\System32\IMM32.DLL
0x00007ffd00780000 - 0x00007ffd0078c000 	C:\Program Files\Android\Android Studio\jbr\bin\vcruntime140_1.dll
0x00007ffcf5a80000 - 0x00007ffcf5b0d000 	C:\Program Files\Android\Android Studio\jbr\bin\msvcp140.dll
0x00007ffcd6ea0000 - 0x00007ffcd7b0e000 	C:\Program Files\Android\Android Studio\jbr\bin\server\jvm.dll
0x00007ffd15360000 - 0x00007ffd15412000 	C:\WINDOWS\System32\ADVAPI32.dll
0x00007ffd145f0000 - 0x00007ffd1469a000 	C:\WINDOWS\System32\sechost.dll
0x00007ffd14150000 - 0x00007ffd14178000 	C:\WINDOWS\System32\bcrypt.dll
0x00007ffd151e0000 - 0x00007ffd152f5000 	C:\WINDOWS\System32\RPCRT4.dll
0x00007ffd0add0000 - 0x00007ffd0ae04000 	C:\WINDOWS\SYSTEM32\WINMM.dll
0x00007ffd108a0000 - 0x00007ffd108a9000 	C:\WINDOWS\SYSTEM32\WSOCK32.dll
0x00007ffd0c130000 - 0x00007ffd0c13a000 	C:\WINDOWS\SYSTEM32\VERSION.dll
0x00007ffd15e10000 - 0x00007ffd15e81000 	C:\WINDOWS\System32\WS2_32.dll
0x00007ffd12ad0000 - 0x00007ffd12ae8000 	C:\WINDOWS\SYSTEM32\kernel.appcore.dll
0x00007ffd0ec60000 - 0x00007ffd0ec6a000 	C:\Program Files\Android\Android Studio\jbr\bin\jimage.dll
0x00007ffd113c0000 - 0x00007ffd115f2000 	C:\WINDOWS\SYSTEM32\DBGHELP.DLL
0x00007ffd162b0000 - 0x00007ffd16638000 	C:\WINDOWS\System32\combase.dll
0x00007ffd15a60000 - 0x00007ffd15b37000 	C:\WINDOWS\System32\OLEAUT32.dll
0x00007ffd04000000 - 0x00007ffd04032000 	C:\WINDOWS\SYSTEM32\dbgcore.DLL
0x00007ffd14000000 - 0x00007ffd1407b000 	C:\WINDOWS\System32\bcryptPrimitives.dll
0x00007ffd01130000 - 0x00007ffd01155000 	C:\Program Files\Android\Android Studio\jbr\bin\java.dll
0x00007ffd0ea10000 - 0x00007ffd0ea28000 	C:\Program Files\Android\Android Studio\jbr\bin\zip.dll
0x00007ffd148d0000 - 0x00007ffd1512c000 	C:\WINDOWS\System32\SHELL32.dll
0x00007ffd119e0000 - 0x00007ffd122d7000 	C:\WINDOWS\SYSTEM32\windows.storage.dll
0x00007ffd118a0000 - 0x00007ffd119df000 	C:\WINDOWS\SYSTEM32\wintypes.dll
0x00007ffd16650000 - 0x00007ffd16744000 	C:\WINDOWS\System32\SHCORE.dll
0x00007ffd15d20000 - 0x00007ffd15d7e000 	C:\WINDOWS\System32\shlwapi.dll
0x00007ffd13a10000 - 0x00007ffd13a31000 	C:\WINDOWS\SYSTEM32\profapi.dll
0x00007ffd0b1e0000 - 0x00007ffd0b1f9000 	C:\Program Files\Android\Android Studio\jbr\bin\net.dll
0x00007ffd0bab0000 - 0x00007ffd0bbe6000 	C:\WINDOWS\SYSTEM32\WINHTTP.dll
0x00007ffd12f30000 - 0x00007ffd12f99000 	C:\WINDOWS\system32\mswsock.dll
0x00007ffd01b10000 - 0x00007ffd01b26000 	C:\Program Files\Android\Android Studio\jbr\bin\nio.dll
0x00007ffd0c470000 - 0x00007ffd0c480000 	C:\Program Files\Android\Android Studio\jbr\bin\verify.dll
0x00007ffd01b70000 - 0x00007ffd01b97000 	C:\gradle\gradle-6.9.2\native\68d5fa5c4cc2d200863cafc0d521ce42e7d3e7ee720ec0a83991735586a16f82\windows-amd64\native-platform.dll
0x00007ffcdf450000 - 0x00007ffcdf594000 	C:\gradle\gradle-6.9.2\native\e376f236ea51e6404a007f0833ffe2c6e607c4080706a723a18a27aeea778392\windows-amd64\native-platform-file-events.dll
0x00007ffd0c250000 - 0x00007ffd0c259000 	C:\Program Files\Android\Android Studio\jbr\bin\management.dll
0x00007ffd0b170000 - 0x00007ffd0b17b000 	C:\Program Files\Android\Android Studio\jbr\bin\management_ext.dll
0x00007ffd15e90000 - 0x00007ffd15e98000 	C:\WINDOWS\System32\PSAPI.DLL
0x00007ffd13280000 - 0x00007ffd1329b000 	C:\WINDOWS\SYSTEM32\CRYPTSP.dll
0x00007ffd12a30000 - 0x00007ffd12a65000 	C:\WINDOWS\system32\rsaenh.dll
0x00007ffd12fd0000 - 0x00007ffd12ff8000 	C:\WINDOWS\SYSTEM32\USERENV.dll
0x00007ffd13260000 - 0x00007ffd1326c000 	C:\WINDOWS\SYSTEM32\CRYPTBASE.dll
0x00007ffd12580000 - 0x00007ffd125ad000 	C:\WINDOWS\SYSTEM32\IPHLPAPI.DLL
0x00007ffd15a50000 - 0x00007ffd15a59000 	C:\WINDOWS\System32\NSI.dll
0x00007ffd0c140000 - 0x00007ffd0c159000 	C:\WINDOWS\SYSTEM32\dhcpcsvc6.DLL
0x00007ffd0b810000 - 0x00007ffd0b82f000 	C:\WINDOWS\SYSTEM32\dhcpcsvc.DLL
0x00007ffd12600000 - 0x00007ffd126f8000 	C:\WINDOWS\SYSTEM32\DNSAPI.dll
0x00007ffd0e8f0000 - 0x00007ffd0e8f8000 	C:\WINDOWS\system32\wshunix.dll

dbghelp: loaded successfully - version: 4.0.5 - missing functions: none
symbol engine: initialized successfully - sym options: 0x614 - pdb path: .;C:\Program Files\Android\Android Studio\jbr\bin;C:\WINDOWS\SYSTEM32;C:\WINDOWS\WinSxS\amd64_microsoft.windows.common-controls_6595b64144ccf1df_6.0.22621.3672_none_2713b9d173822955;C:\Program Files\Android\Android Studio\jbr\bin\server;C:\gradle\gradle-6.9.2\native\68d5fa5c4cc2d200863cafc0d521ce42e7d3e7ee720ec0a83991735586a16f82\windows-amd64;C:\gradle\gradle-6.9.2\native\e376f236ea51e6404a007f0833ffe2c6e607c4080706a723a18a27aeea778392\windows-amd64

VM Arguments:
jvm_args: --add-opens=java.base/java.util=ALL-UNNAMED --add-opens=java.base/java.lang=ALL-UNNAMED --add-opens=java.base/java.lang.invoke=ALL-UNNAMED --add-opens=java.prefs/java.util.prefs=ALL-UNNAMED --add-opens=java.base/java.nio.charset=ALL-UNNAMED --add-opens=java.base/java.net=ALL-UNNAMED --add-opens=java.base/java.util.concurrent.atomic=ALL-UNNAMED -Xmx1536m -Dfile.encoding=windows-1254 -Duser.country=US -Duser.language=en -Duser.variant 
java_command: org.gradle.launcher.daemon.bootstrap.GradleDaemon 8.0
java_class_path (initial): C:\gradle\gradle-6.9.2\wrapper\dists\gradle-8.0-bin\ca5e32bp14vu59qr306oxotwh\gradle-8.0\lib\gradle-launcher-8.0.jar
Launcher Type: SUN_STANDARD

[Global flags]
     intx CICompilerCount                          = 12                                        {product} {ergonomic}
     uint ConcGCThreads                            = 3                                         {product} {ergonomic}
     uint G1ConcRefinementThreads                  = 13                                        {product} {ergonomic}
   size_t G1HeapRegionSize                         = 1048576                                   {product} {ergonomic}
    uintx GCDrainStackTargetSize                   = 64                                        {product} {ergonomic}
   size_t InitialHeapSize                          = 249561088                                 {product} {ergonomic}
   size_t MarkStackSize                            = 4194304                                   {product} {ergonomic}
   size_t MaxHeapSize                              = 1610612736                                {product} {command line}
   size_t MaxNewSize                               = 965738496                                 {product} {ergonomic}
   size_t MinHeapDeltaBytes                        = 1048576                                   {product} {ergonomic}
   size_t MinHeapSize                              = 8388608                                   {product} {ergonomic}
    uintx NonNMethodCodeHeapSize                   = 7602480                                {pd product} {ergonomic}
    uintx NonProfiledCodeHeapSize                  = 122027880                              {pd product} {ergonomic}
    uintx ProfiledCodeHeapSize                     = 122027880                              {pd product} {ergonomic}
    uintx ReservedCodeCacheSize                    = 251658240                              {pd product} {ergonomic}
     bool SegmentedCodeCache                       = true                                      {product} {ergonomic}
   size_t SoftMaxHeapSize                          = 1610612736                             {manageable} {ergonomic}
     bool UseCompressedClassPointers               = true                           {product lp64_product} {ergonomic}
     bool UseCompressedOops                        = true                           {product lp64_product} {ergonomic}
     bool UseG1GC                                  = true                                      {product} {ergonomic}
     bool UseLargePagesIndividualAllocation        = false                                  {pd product} {ergonomic}

Logging:
Log output configuration:
 #0: stdout all=warning uptime,level,tags
 #1: stderr all=off uptime,level,tags

Environment Variables:
JAVA_HOME=C:\Program Files\Java\jdk-20
PATH=C:\Users\Pc\AppData\Roaming\Microsoft\Windows\Start Menu\Programs\Python 3.9;C:\Windows\System32\WindowsPowerShell\v1.0;C:\Windows\System32;C:\Program Files\Git\cmd;C:\Windows\System32\wbem;C:\Users\Pc\AppData\Local\Programs\Python\Python39\Scripts\;C:\Users\Pc\AppData\Local\Programs\Python\Python39\;C:\Users\Pc\AppData\Roaming\Microsoft\Windows\Start Menu\Programs\Python 3.9;C:\Program Files\Git\bin\git.exe;C:\Program Files\Git\git-cmd.exe;C:\Windows\System32\WindowsPowerShell\v1.0;C:\Windows\System32;C:\gradle\gradle-7.3.3-all\gradle-7.3.3\bin;C:\Users\Pc\AppData\Local\Programs\Microsoft VS Code\bin;
USERNAME=Pc
OS=Windows_NT
PROCESSOR_IDENTIFIER=AMD64 Family 23 Model 104 Stepping 1, AuthenticAMD
TMP=C:\Users\Pc\AppData\Local\Temp
TEMP=C:\Users\Pc\AppData\Local\Temp


JNI global refs:
JNI global refs: 41, weak refs: 87

JNI global refs memory usage: 843, weak refs: 1473


---------------  S Y S T E M  ---------------

OS:
 Windows 11 , 64 bit Build 22621 (10.0.22621.3672)
OS uptime: 9 days 6:22 hours
Hyper-V role detected

CPU: total 16 (initial active 16) (16 cores per cpu, 2 threads per core) family 23 model 104 stepping 1 microcode 0x0, cx8, cmov, fxsr, ht, mmx, 3dnowpref, sse, sse2, sse3, ssse3, sse4a, sse4.1, sse4.2, popcnt, lzcnt, tsc, tscinvbit, avx, avx2, aes, clmul, bmi1, bmi2, adx, sha, fma, vzeroupper, clflush, clflushopt, hv

Memory: 4k page, system-wide physical 15178M (3118M free)
TotalPageFile size 15178M (AvailPageFile size 5M)
current process WorkingSet (physical memory assigned to process): 462M, peak: 462M
current process commit charge ("private bytes"): 517M, peak: 517M

vm_info: OpenJDK 64-Bit Server VM (17.0.6+0-b2043.56-10027231) for windows-amd64 JRE (17.0.6+0-b2043.56-10027231), built on Apr 28 2023 00:43:19 by "androidbuild" with MS VC++ 16.10 / 16.11 (VS2019)

END.
